2026-01-22 00:29:41 [http-nio-8080-exec-3] ERROR c.p.h.config.CustomJsonLoginFilter - An internal error occurred while trying to authenticate the user.
org.springframework.security.authentication.InternalAuthenticationServiceException: První musíte aktivovat účet pomocí odkazu v emailu
	at org.springframework.security.authentication.dao.DaoAuthenticationProvider.retrieveUser(DaoAuthenticationProvider.java:118)
	at org.springframework.security.authentication.dao.AbstractUserDetailsAuthenticationProvider.authenticate(AbstractUserDetailsAuthenticationProvider.java:133)
	at org.springframework.security.authentication.ProviderManager.authenticate(ProviderManager.java:182)
	at cz.phsoft.hokej.config.CustomJsonLoginFilter.attemptAuthentication(CustomJsonLoginFilter.java:61)
	at org.springframework.security.web.authentication.AbstractAuthenticationProcessingFilter.doFilter(AbstractAuthenticationProcessingFilter.java:231)
	at org.springframework.security.web.authentication.AbstractAuthenticationProcessingFilter.doFilter(AbstractAuthenticationProcessingFilter.java:221)
	at org.springframework.security.web.FilterChainProxy$VirtualFilterChain.doFilter(FilterChainProxy.java:374)
	at org.springframework.security.web.authentication.logout.LogoutFilter.doFilter(LogoutFilter.java:107)
	at org.springframework.security.web.authentication.logout.LogoutFilter.doFilter(LogoutFilter.java:93)
	at org.springframework.security.web.FilterChainProxy$VirtualFilterChain.doFilter(FilterChainProxy.java:374)
	at org.springframework.web.filter.CorsFilter.doFilterInternal(CorsFilter.java:91)
	at org.springframework.web.filter.OncePerRequestFilter.doFilter(OncePerRequestFilter.java:116)
	at org.springframework.security.web.FilterChainProxy$VirtualFilterChain.doFilter(FilterChainProxy.java:374)
	at org.springframework.security.web.header.HeaderWriterFilter.doHeadersAfter(HeaderWriterFilter.java:90)
	at org.springframework.security.web.header.HeaderWriterFilter.doFilterInternal(HeaderWriterFilter.java:75)
	at org.springframework.web.filter.OncePerRequestFilter.doFilter(OncePerRequestFilter.java:116)
	at org.springframework.security.web.FilterChainProxy$VirtualFilterChain.doFilter(FilterChainProxy.java:374)
	at org.springframework.security.web.context.SecurityContextHolderFilter.doFilter(SecurityContextHolderFilter.java:82)
	at org.springframework.security.web.context.SecurityContextHolderFilter.doFilter(SecurityContextHolderFilter.java:69)
	at org.springframework.security.web.FilterChainProxy$VirtualFilterChain.doFilter(FilterChainProxy.java:374)
	at org.springframework.security.web.context.request.async.WebAsyncManagerIntegrationFilter.doFilterInternal(WebAsyncManagerIntegrationFilter.java:62)
	at org.springframework.web.filter.OncePerRequestFilter.doFilter(OncePerRequestFilter.java:116)
	at org.springframework.security.web.FilterChainProxy$VirtualFilterChain.doFilter(FilterChainProxy.java:374)
	at org.springframework.security.web.session.DisableEncodeUrlFilter.doFilterInternal(DisableEncodeUrlFilter.java:42)
	at org.springframework.web.filter.OncePerRequestFilter.doFilter(OncePerRequestFilter.java:116)
	at org.springframework.security.web.FilterChainProxy$VirtualFilterChain.doFilter(FilterChainProxy.java:374)
	at org.springframework.security.web.FilterChainProxy.doFilterInternal(FilterChainProxy.java:233)
	at org.springframework.security.web.FilterChainProxy.doFilter(FilterChainProxy.java:191)
	at org.springframework.web.filter.CompositeFilter$VirtualFilterChain.doFilter(CompositeFilter.java:113)
	at org.springframework.web.servlet.handler.HandlerMappingIntrospector.lambda$createCacheFilter$3(HandlerMappingIntrospector.java:195)
	at org.springframework.web.filter.CompositeFilter$VirtualFilterChain.doFilter(CompositeFilter.java:113)
	at org.springframework.web.filter.CompositeFilter.doFilter(CompositeFilter.java:74)
	at org.springframework.security.config.annotation.web.configuration.WebMvcSecurityConfiguration$CompositeFilterChainProxy.doFilter(WebMvcSecurityConfiguration.java:225)
	at org.springframework.web.filter.DelegatingFilterProxy.invokeDelegate(DelegatingFilterProxy.java:352)
	at org.springframework.web.filter.DelegatingFilterProxy.doFilter(DelegatingFilterProxy.java:268)
	at org.apache.catalina.core.ApplicationFilterChain.internalDoFilter(ApplicationFilterChain.java:174)
	at org.apache.catalina.core.ApplicationFilterChain.doFilter(ApplicationFilterChain.java:149)
	at org.springframework.web.filter.RequestContextFilter.doFilterInternal(RequestContextFilter.java:100)
	at org.springframework.web.filter.OncePerRequestFilter.doFilter(OncePerRequestFilter.java:116)
	at org.apache.catalina.core.ApplicationFilterChain.internalDoFilter(ApplicationFilterChain.java:174)
	at org.apache.catalina.core.ApplicationFilterChain.doFilter(ApplicationFilterChain.java:149)
	at org.springframework.web.filter.FormContentFilter.doFilterInternal(FormContentFilter.java:93)
	at org.springframework.web.filter.OncePerRequestFilter.doFilter(OncePerRequestFilter.java:116)
	at org.apache.catalina.core.ApplicationFilterChain.internalDoFilter(ApplicationFilterChain.java:174)
	at org.apache.catalina.core.ApplicationFilterChain.doFilter(ApplicationFilterChain.java:149)
	at org.springframework.web.filter.CharacterEncodingFilter.doFilterInternal(CharacterEncodingFilter.java:201)
	at org.springframework.web.filter.OncePerRequestFilter.doFilter(OncePerRequestFilter.java:116)
	at org.apache.catalina.core.ApplicationFilterChain.internalDoFilter(ApplicationFilterChain.java:174)
	at org.apache.catalina.core.ApplicationFilterChain.doFilter(ApplicationFilterChain.java:149)
	at org.apache.catalina.core.StandardWrapperValve.invoke(StandardWrapperValve.java:167)
	at org.apache.catalina.core.StandardContextValve.invoke(StandardContextValve.java:90)
	at org.apache.catalina.authenticator.AuthenticatorBase.invoke(AuthenticatorBase.java:482)
	at org.apache.catalina.core.StandardHostValve.invoke(StandardHostValve.java:115)
	at org.apache.catalina.valves.ErrorReportValve.invoke(ErrorReportValve.java:93)
	at org.apache.catalina.core.StandardEngineValve.invoke(StandardEngineValve.java:74)
	at org.apache.catalina.connector.CoyoteAdapter.service(CoyoteAdapter.java:340)
	at org.apache.coyote.http11.Http11Processor.service(Http11Processor.java:391)
	at org.apache.coyote.AbstractProcessorLight.process(AbstractProcessorLight.java:63)
	at org.apache.coyote.AbstractProtocol$ConnectionHandler.process(AbstractProtocol.java:896)
	at org.apache.tomcat.util.net.NioEndpoint$SocketProcessor.doRun(NioEndpoint.java:1744)
	at org.apache.tomcat.util.net.SocketProcessorBase.run(SocketProcessorBase.java:52)
	at org.apache.tomcat.util.threads.ThreadPoolExecutor.runWorker(ThreadPoolExecutor.java:1191)
	at org.apache.tomcat.util.threads.ThreadPoolExecutor$Worker.run(ThreadPoolExecutor.java:659)
	at org.apache.tomcat.util.threads.TaskThread$WrappingRunnable.run(TaskThread.java:61)
	at java.base/java.lang.Thread.run(Thread.java:1589)
Caused by: cz.phsoft.hokej.exceptions.AccountNotActivatedException: První musíte aktivovat účet pomocí odkazu v emailu
	at cz.phsoft.hokej.config.CustomUserDetailsService.loadUserByUsername(CustomUserDetailsService.java:33)
	at org.springframework.security.authentication.dao.DaoAuthenticationProvider.retrieveUser(DaoAuthenticationProvider.java:103)
	... 64 common frames omitted
2026-01-22 00:42:29 [SpringApplicationShutdownHook] INFO  o.s.o.j.LocalContainerEntityManagerFactoryBean - Closing JPA EntityManagerFactory for persistence unit 'default'
2026-01-22 00:42:32 [SpringApplicationShutdownHook] INFO  com.zaxxer.hikari.HikariDataSource - HikariPool-1 - Shutdown initiated...
2026-01-22 00:42:32 [SpringApplicationShutdownHook] INFO  com.zaxxer.hikari.HikariDataSource - HikariPool-1 - Shutdown completed.
2026-01-22 10:55:06 [background-preinit] INFO  o.h.validator.internal.util.Version - HV000001: Hibernate Validator 8.0.1.Final
2026-01-22 10:55:06 [main] INFO  c.phsoft.hokej.StaraGardaApplication - Starting StaraGardaApplication using Java 19.0.2 with PID 18168 (C:\Projekty Práce\StaraGarda\backend\target\classes started by petrh in C:\Projekty Práce\StaraGarda)
2026-01-22 10:55:06 [main] INFO  c.phsoft.hokej.StaraGardaApplication - No active profile set, falling back to 1 default profile: "default"
2026-01-22 10:55:09 [main] INFO  o.s.d.r.c.RepositoryConfigurationDelegate - Bootstrapping Spring Data JPA repositories in DEFAULT mode.
2026-01-22 10:55:10 [main] INFO  o.s.d.r.c.RepositoryConfigurationDelegate - Finished Spring Data repository scanning in 236 ms. Found 7 JPA repository interfaces.
2026-01-22 10:55:14 [main] INFO  o.s.b.w.e.tomcat.TomcatWebServer - Tomcat initialized with port 8080 (http)
2026-01-22 10:55:14 [main] INFO  o.a.coyote.http11.Http11NioProtocol - Initializing ProtocolHandler ["http-nio-8080"]
2026-01-22 10:55:14 [main] INFO  o.a.catalina.core.StandardService - Starting service [Tomcat]
2026-01-22 10:55:14 [main] INFO  o.a.catalina.core.StandardEngine - Starting Servlet engine: [Apache Tomcat/10.1.18]
2026-01-22 10:55:14 [main] INFO  o.a.c.c.C.[Tomcat].[localhost].[/] - Initializing Spring embedded WebApplicationContext
2026-01-22 10:55:14 [main] INFO  o.s.b.w.s.c.ServletWebServerApplicationContext - Root WebApplicationContext: initialization completed in 7455 ms
2026-01-22 10:55:15 [main] INFO  o.h.jpa.internal.util.LogHelper - HHH000204: Processing PersistenceUnitInfo [name: default]
2026-01-22 10:55:15 [main] INFO  org.hibernate.Version - HHH000412: Hibernate ORM core version 6.4.1.Final
2026-01-22 10:55:16 [main] INFO  o.h.c.i.RegionFactoryInitiator - HHH000026: Second-level cache disabled
2026-01-22 10:55:16 [main] INFO  o.h.e.b.internal.EnversServiceImpl - Envers integration enabled? : true
2026-01-22 10:55:17 [main] INFO  o.s.o.j.p.SpringPersistenceUnitInfo - No LoadTimeWeaver setup: ignoring JPA class transformer
2026-01-22 10:55:17 [main] INFO  com.zaxxer.hikari.HikariDataSource - HikariPool-1 - Starting...
2026-01-22 10:55:18 [main] INFO  com.zaxxer.hikari.pool.HikariPool - HikariPool-1 - Added connection org.mariadb.jdbc.Connection@2c3f43d1
2026-01-22 10:55:18 [main] INFO  com.zaxxer.hikari.HikariDataSource - HikariPool-1 - Start completed.
2026-01-22 10:55:22 [main] INFO  o.h.e.t.j.p.i.JtaPlatformInitiator - HHH000489: No JTA platform available (set 'hibernate.transaction.jta.platform' to enable JTA platform integration)
2026-01-22 10:55:23 [main] INFO  o.s.o.j.LocalContainerEntityManagerFactoryBean - Initialized JPA EntityManagerFactory for persistence unit 'default'
2026-01-22 10:55:27 [main] WARN  o.s.b.a.o.j.JpaBaseConfiguration$JpaWebConfiguration - spring.jpa.open-in-view is enabled by default. Therefore, database queries may be performed during view rendering. Explicitly configure spring.jpa.open-in-view to disable this warning
2026-01-22 10:55:28 [main] INFO  o.s.s.web.DefaultSecurityFilterChain - Will secure any request with [org.springframework.security.web.session.DisableEncodeUrlFilter@68f1e261, org.springframework.security.web.context.request.async.WebAsyncManagerIntegrationFilter@9d455a6, org.springframework.security.web.context.SecurityContextHolderFilter@3d1703f8, org.springframework.security.web.header.HeaderWriterFilter@112d8c18, org.springframework.web.filter.CorsFilter@124e538e, org.springframework.security.web.authentication.logout.LogoutFilter@5ec75178, cz.phsoft.hokej.config.CustomJsonLoginFilter@dcc7d1c, org.springframework.security.web.savedrequest.RequestCacheAwareFilter@7bb78381, org.springframework.security.web.servletapi.SecurityContextHolderAwareRequestFilter@50479c2b, org.springframework.security.web.authentication.AnonymousAuthenticationFilter@6ac9742e, org.springframework.security.web.session.SessionManagementFilter@39352f6b, org.springframework.security.web.access.ExceptionTranslationFilter@420d123d, org.springframework.security.web.access.intercept.AuthorizationFilter@1631a614]
2026-01-22 10:55:29 [main] INFO  o.a.coyote.http11.Http11NioProtocol - Starting ProtocolHandler ["http-nio-8080"]
2026-01-22 10:55:29 [main] INFO  o.s.b.w.e.tomcat.TomcatWebServer - Tomcat started on port 8080 (http) with context path ''
2026-01-22 10:55:29 [main] INFO  c.phsoft.hokej.StaraGardaApplication - Started StaraGardaApplication in 25.446 seconds (process running for 27.19)
2026-01-22 10:56:01 [http-nio-8080-exec-1] INFO  o.a.c.c.C.[Tomcat].[localhost].[/] - Initializing Spring DispatcherServlet 'dispatcherServlet'
2026-01-22 10:56:01 [http-nio-8080-exec-1] INFO  o.s.web.servlet.DispatcherServlet - Initializing Servlet 'dispatcherServlet'
2026-01-22 10:56:01 [http-nio-8080-exec-1] INFO  o.s.web.servlet.DispatcherServlet - Completed initialization in 5 ms
2026-01-22 10:59:05 [http-nio-8080-exec-4] WARN  o.a.c.util.SessionIdGeneratorBase - Creation of SecureRandom instance for session ID generation using [SHA1PRNG] took [142] milliseconds.
2026-01-22 11:33:27 [SpringApplicationShutdownHook] INFO  o.s.o.j.LocalContainerEntityManagerFactoryBean - Closing JPA EntityManagerFactory for persistence unit 'default'
2026-01-22 11:33:27 [SpringApplicationShutdownHook] INFO  com.zaxxer.hikari.HikariDataSource - HikariPool-1 - Shutdown initiated...
2026-01-22 11:33:27 [SpringApplicationShutdownHook] INFO  com.zaxxer.hikari.HikariDataSource - HikariPool-1 - Shutdown completed.
2026-01-22 11:33:50 [background-preinit] INFO  o.h.validator.internal.util.Version - HV000001: Hibernate Validator 8.0.1.Final
2026-01-22 11:33:50 [main] INFO  c.phsoft.hokej.StaraGardaApplication - Starting StaraGardaApplication using Java 19.0.2 with PID 6832 (C:\Projekty Práce\StaraGarda\backend\target\classes started by petrh in C:\Projekty Práce\StaraGarda)
2026-01-22 11:33:50 [main] INFO  c.phsoft.hokej.StaraGardaApplication - No active profile set, falling back to 1 default profile: "default"
2026-01-22 11:33:54 [main] INFO  o.s.d.r.c.RepositoryConfigurationDelegate - Bootstrapping Spring Data JPA repositories in DEFAULT mode.
2026-01-22 11:33:55 [main] INFO  o.s.d.r.c.RepositoryConfigurationDelegate - Finished Spring Data repository scanning in 609 ms. Found 7 JPA repository interfaces.
2026-01-22 11:34:00 [main] INFO  o.s.b.w.e.tomcat.TomcatWebServer - Tomcat initialized with port 8080 (http)
2026-01-22 11:34:00 [main] INFO  o.a.coyote.http11.Http11NioProtocol - Initializing ProtocolHandler ["http-nio-8080"]
2026-01-22 11:34:00 [main] INFO  o.a.catalina.core.StandardService - Starting service [Tomcat]
2026-01-22 11:34:00 [main] INFO  o.a.catalina.core.StandardEngine - Starting Servlet engine: [Apache Tomcat/10.1.18]
2026-01-22 11:34:00 [main] INFO  o.a.c.c.C.[Tomcat].[localhost].[/] - Initializing Spring embedded WebApplicationContext
2026-01-22 11:34:00 [main] INFO  o.s.b.w.s.c.ServletWebServerApplicationContext - Root WebApplicationContext: initialization completed in 10247 ms
2026-01-22 11:34:01 [main] INFO  o.h.jpa.internal.util.LogHelper - HHH000204: Processing PersistenceUnitInfo [name: default]
2026-01-22 11:34:01 [main] INFO  org.hibernate.Version - HHH000412: Hibernate ORM core version 6.4.1.Final
2026-01-22 11:34:01 [main] INFO  o.h.c.i.RegionFactoryInitiator - HHH000026: Second-level cache disabled
2026-01-22 11:34:02 [main] INFO  o.h.e.b.internal.EnversServiceImpl - Envers integration enabled? : true
2026-01-22 11:34:02 [main] INFO  o.s.o.j.p.SpringPersistenceUnitInfo - No LoadTimeWeaver setup: ignoring JPA class transformer
2026-01-22 11:34:02 [main] INFO  com.zaxxer.hikari.HikariDataSource - HikariPool-1 - Starting...
2026-01-22 11:34:03 [main] INFO  com.zaxxer.hikari.pool.HikariPool - HikariPool-1 - Added connection org.mariadb.jdbc.Connection@15e5246
2026-01-22 11:34:03 [main] INFO  com.zaxxer.hikari.HikariDataSource - HikariPool-1 - Start completed.
2026-01-22 11:34:06 [main] INFO  o.h.e.t.j.p.i.JtaPlatformInitiator - HHH000489: No JTA platform available (set 'hibernate.transaction.jta.platform' to enable JTA platform integration)
2026-01-22 11:34:06 [main] INFO  o.s.o.j.LocalContainerEntityManagerFactoryBean - Initialized JPA EntityManagerFactory for persistence unit 'default'
2026-01-22 11:34:09 [main] WARN  o.s.b.a.o.j.JpaBaseConfiguration$JpaWebConfiguration - spring.jpa.open-in-view is enabled by default. Therefore, database queries may be performed during view rendering. Explicitly configure spring.jpa.open-in-view to disable this warning
2026-01-22 11:34:10 [main] INFO  o.s.s.web.DefaultSecurityFilterChain - Will secure any request with [org.springframework.security.web.session.DisableEncodeUrlFilter@38bce2ed, org.springframework.security.web.context.request.async.WebAsyncManagerIntegrationFilter@5c91b751, org.springframework.security.web.context.SecurityContextHolderFilter@3e02988, org.springframework.security.web.header.HeaderWriterFilter@2a12389e, org.springframework.web.filter.CorsFilter@38fc2c39, org.springframework.security.web.authentication.logout.LogoutFilter@731a5a39, cz.phsoft.hokej.config.CustomJsonLoginFilter@41fbe8c0, org.springframework.security.web.savedrequest.RequestCacheAwareFilter@36d8ddc5, org.springframework.security.web.servletapi.SecurityContextHolderAwareRequestFilter@112d8c18, org.springframework.security.web.authentication.AnonymousAuthenticationFilter@1e8fd198, org.springframework.security.web.session.SessionManagementFilter@7296675e, org.springframework.security.web.access.ExceptionTranslationFilter@354a1239, org.springframework.security.web.access.intercept.AuthorizationFilter@70028163]
2026-01-22 11:34:11 [main] INFO  o.a.coyote.http11.Http11NioProtocol - Starting ProtocolHandler ["http-nio-8080"]
2026-01-22 11:34:12 [main] INFO  o.s.b.w.e.tomcat.TomcatWebServer - Tomcat started on port 8080 (http) with context path ''
2026-01-22 11:34:12 [main] INFO  c.phsoft.hokej.StaraGardaApplication - Started StaraGardaApplication in 25.074 seconds (process running for 28.307)
2026-01-22 11:34:58 [http-nio-8080-exec-1] INFO  o.a.c.c.C.[Tomcat].[localhost].[/] - Initializing Spring DispatcherServlet 'dispatcherServlet'
2026-01-22 11:34:58 [http-nio-8080-exec-1] INFO  o.s.web.servlet.DispatcherServlet - Initializing Servlet 'dispatcherServlet'
2026-01-22 11:34:58 [http-nio-8080-exec-1] INFO  o.s.web.servlet.DispatcherServlet - Completed initialization in 5 ms
2026-01-22 11:34:59 [http-nio-8080-exec-1] WARN  o.a.c.util.SessionIdGeneratorBase - Creation of SecureRandom instance for session ID generation using [SHA1PRNG] took [152] milliseconds.
2026-01-22 11:57:43 [SpringApplicationShutdownHook] INFO  o.s.o.j.LocalContainerEntityManagerFactoryBean - Closing JPA EntityManagerFactory for persistence unit 'default'
2026-01-22 11:57:43 [SpringApplicationShutdownHook] INFO  com.zaxxer.hikari.HikariDataSource - HikariPool-1 - Shutdown initiated...
2026-01-22 11:57:43 [SpringApplicationShutdownHook] INFO  com.zaxxer.hikari.HikariDataSource - HikariPool-1 - Shutdown completed.
2026-01-22 12:29:17 [background-preinit] INFO  o.h.validator.internal.util.Version - HV000001: Hibernate Validator 8.0.1.Final
2026-01-22 12:29:17 [main] INFO  c.phsoft.hokej.StaraGardaApplication - Starting StaraGardaApplication using Java 19.0.2 with PID 14636 (C:\Projekty Práce\StaraGarda\backend\target\classes started by petrh in C:\Projekty Práce\StaraGarda)
2026-01-22 12:29:17 [main] INFO  c.phsoft.hokej.StaraGardaApplication - No active profile set, falling back to 1 default profile: "default"
2026-01-22 12:29:21 [main] INFO  o.s.d.r.c.RepositoryConfigurationDelegate - Bootstrapping Spring Data JPA repositories in DEFAULT mode.
2026-01-22 12:29:22 [main] INFO  o.s.d.r.c.RepositoryConfigurationDelegate - Finished Spring Data repository scanning in 295 ms. Found 7 JPA repository interfaces.
2026-01-22 12:29:25 [main] INFO  o.s.b.w.e.tomcat.TomcatWebServer - Tomcat initialized with port 8080 (http)
2026-01-22 12:29:25 [main] INFO  o.a.coyote.http11.Http11NioProtocol - Initializing ProtocolHandler ["http-nio-8080"]
2026-01-22 12:29:25 [main] INFO  o.a.catalina.core.StandardService - Starting service [Tomcat]
2026-01-22 12:29:25 [main] INFO  o.a.catalina.core.StandardEngine - Starting Servlet engine: [Apache Tomcat/10.1.18]
2026-01-22 12:29:25 [main] INFO  o.a.c.c.C.[Tomcat].[localhost].[/] - Initializing Spring embedded WebApplicationContext
2026-01-22 12:29:25 [main] INFO  o.s.b.w.s.c.ServletWebServerApplicationContext - Root WebApplicationContext: initialization completed in 7109 ms
2026-01-22 12:29:26 [main] INFO  o.h.jpa.internal.util.LogHelper - HHH000204: Processing PersistenceUnitInfo [name: default]
2026-01-22 12:29:26 [main] INFO  org.hibernate.Version - HHH000412: Hibernate ORM core version 6.4.1.Final
2026-01-22 12:29:26 [main] INFO  o.h.c.i.RegionFactoryInitiator - HHH000026: Second-level cache disabled
2026-01-22 12:29:27 [main] INFO  o.h.e.b.internal.EnversServiceImpl - Envers integration enabled? : true
2026-01-22 12:29:27 [main] INFO  o.s.o.j.p.SpringPersistenceUnitInfo - No LoadTimeWeaver setup: ignoring JPA class transformer
2026-01-22 12:29:28 [main] INFO  com.zaxxer.hikari.HikariDataSource - HikariPool-1 - Starting...
2026-01-22 12:29:28 [main] INFO  com.zaxxer.hikari.pool.HikariPool - HikariPool-1 - Added connection org.mariadb.jdbc.Connection@146f3d22
2026-01-22 12:29:28 [main] INFO  com.zaxxer.hikari.HikariDataSource - HikariPool-1 - Start completed.
2026-01-22 12:29:31 [main] INFO  o.h.e.t.j.p.i.JtaPlatformInitiator - HHH000489: No JTA platform available (set 'hibernate.transaction.jta.platform' to enable JTA platform integration)
2026-01-22 12:29:32 [main] INFO  o.s.o.j.LocalContainerEntityManagerFactoryBean - Initialized JPA EntityManagerFactory for persistence unit 'default'
2026-01-22 12:29:35 [main] WARN  o.s.b.a.o.j.JpaBaseConfiguration$JpaWebConfiguration - spring.jpa.open-in-view is enabled by default. Therefore, database queries may be performed during view rendering. Explicitly configure spring.jpa.open-in-view to disable this warning
2026-01-22 12:29:36 [main] INFO  o.s.s.web.DefaultSecurityFilterChain - Will secure any request with [org.springframework.security.web.session.DisableEncodeUrlFilter@d012e18, org.springframework.security.web.context.request.async.WebAsyncManagerIntegrationFilter@7b13ae73, org.springframework.security.web.context.SecurityContextHolderFilter@ab5d5c8, org.springframework.security.web.header.HeaderWriterFilter@99ace98, org.springframework.web.filter.CorsFilter@2dbfb843, org.springframework.security.web.authentication.logout.LogoutFilter@50479c2b, cz.phsoft.hokej.config.CustomJsonLoginFilter@5ab2c5d8, org.springframework.security.web.savedrequest.RequestCacheAwareFilter@78854721, org.springframework.security.web.servletapi.SecurityContextHolderAwareRequestFilter@11759e4a, org.springframework.security.web.authentication.AnonymousAuthenticationFilter@5ec75178, org.springframework.security.web.session.SessionManagementFilter@21dd405a, org.springframework.security.web.access.ExceptionTranslationFilter@6c418f0b, org.springframework.security.web.access.intercept.AuthorizationFilter@6da76bb1]
2026-01-22 12:29:36 [main] INFO  o.a.coyote.http11.Http11NioProtocol - Starting ProtocolHandler ["http-nio-8080"]
2026-01-22 12:29:37 [main] INFO  o.s.b.w.e.tomcat.TomcatWebServer - Tomcat started on port 8080 (http) with context path ''
2026-01-22 12:29:37 [main] INFO  c.phsoft.hokej.StaraGardaApplication - Started StaraGardaApplication in 22.25 seconds (process running for 27.329)
2026-01-22 12:30:21 [http-nio-8080-exec-1] INFO  o.a.c.c.C.[Tomcat].[localhost].[/] - Initializing Spring DispatcherServlet 'dispatcherServlet'
2026-01-22 12:30:21 [http-nio-8080-exec-1] INFO  o.s.web.servlet.DispatcherServlet - Initializing Servlet 'dispatcherServlet'
2026-01-22 12:30:21 [http-nio-8080-exec-1] INFO  o.s.web.servlet.DispatcherServlet - Completed initialization in 4 ms
2026-01-22 12:30:38 [http-nio-8080-exec-5] WARN  o.a.c.util.SessionIdGeneratorBase - Creation of SecureRandom instance for session ID generation using [SHA1PRNG] took [114] milliseconds.
2026-01-22 12:35:25 [SpringApplicationShutdownHook] INFO  o.s.o.j.LocalContainerEntityManagerFactoryBean - Closing JPA EntityManagerFactory for persistence unit 'default'
2026-01-22 12:35:25 [SpringApplicationShutdownHook] INFO  com.zaxxer.hikari.HikariDataSource - HikariPool-1 - Shutdown initiated...
2026-01-22 12:35:25 [SpringApplicationShutdownHook] INFO  com.zaxxer.hikari.HikariDataSource - HikariPool-1 - Shutdown completed.
2026-01-22 12:59:53 [background-preinit] INFO  o.h.validator.internal.util.Version - HV000001: Hibernate Validator 8.0.1.Final
2026-01-22 12:59:53 [main] INFO  c.phsoft.hokej.StaraGardaApplication - Starting StaraGardaApplication using Java 19.0.2 with PID 256 (C:\Projekty Práce\StaraGarda\backend\target\classes started by petrh in C:\Projekty Práce\StaraGarda)
2026-01-22 12:59:53 [main] INFO  c.phsoft.hokej.StaraGardaApplication - No active profile set, falling back to 1 default profile: "default"
2026-01-22 12:59:56 [main] INFO  o.s.d.r.c.RepositoryConfigurationDelegate - Bootstrapping Spring Data JPA repositories in DEFAULT mode.
2026-01-22 12:59:57 [main] INFO  o.s.d.r.c.RepositoryConfigurationDelegate - Finished Spring Data repository scanning in 271 ms. Found 7 JPA repository interfaces.
2026-01-22 13:00:00 [main] INFO  o.s.b.w.e.tomcat.TomcatWebServer - Tomcat initialized with port 8080 (http)
2026-01-22 13:00:00 [main] INFO  o.a.coyote.http11.Http11NioProtocol - Initializing ProtocolHandler ["http-nio-8080"]
2026-01-22 13:00:00 [main] INFO  o.a.catalina.core.StandardService - Starting service [Tomcat]
2026-01-22 13:00:00 [main] INFO  o.a.catalina.core.StandardEngine - Starting Servlet engine: [Apache Tomcat/10.1.18]
2026-01-22 13:00:01 [main] INFO  o.a.c.c.C.[Tomcat].[localhost].[/] - Initializing Spring embedded WebApplicationContext
2026-01-22 13:00:01 [main] INFO  o.s.b.w.s.c.ServletWebServerApplicationContext - Root WebApplicationContext: initialization completed in 7245 ms
2026-01-22 13:00:01 [main] INFO  o.h.jpa.internal.util.LogHelper - HHH000204: Processing PersistenceUnitInfo [name: default]
2026-01-22 13:00:02 [main] INFO  org.hibernate.Version - HHH000412: Hibernate ORM core version 6.4.1.Final
2026-01-22 13:00:02 [main] INFO  o.h.c.i.RegionFactoryInitiator - HHH000026: Second-level cache disabled
2026-01-22 13:00:02 [main] INFO  o.h.e.b.internal.EnversServiceImpl - Envers integration enabled? : true
2026-01-22 13:00:03 [main] INFO  o.s.o.j.p.SpringPersistenceUnitInfo - No LoadTimeWeaver setup: ignoring JPA class transformer
2026-01-22 13:00:03 [main] INFO  com.zaxxer.hikari.HikariDataSource - HikariPool-1 - Starting...
2026-01-22 13:00:03 [main] INFO  com.zaxxer.hikari.pool.HikariPool - HikariPool-1 - Added connection org.mariadb.jdbc.Connection@f10d055
2026-01-22 13:00:03 [main] INFO  com.zaxxer.hikari.HikariDataSource - HikariPool-1 - Start completed.
2026-01-22 13:00:06 [main] INFO  o.h.e.t.j.p.i.JtaPlatformInitiator - HHH000489: No JTA platform available (set 'hibernate.transaction.jta.platform' to enable JTA platform integration)
2026-01-22 13:00:06 [main] INFO  o.s.o.j.LocalContainerEntityManagerFactoryBean - Initialized JPA EntityManagerFactory for persistence unit 'default'
2026-01-22 13:00:09 [main] WARN  o.s.b.a.o.j.JpaBaseConfiguration$JpaWebConfiguration - spring.jpa.open-in-view is enabled by default. Therefore, database queries may be performed during view rendering. Explicitly configure spring.jpa.open-in-view to disable this warning
2026-01-22 13:00:10 [main] INFO  o.s.s.web.DefaultSecurityFilterChain - Will secure any request with [org.springframework.security.web.session.DisableEncodeUrlFilter@9d455a6, org.springframework.security.web.context.request.async.WebAsyncManagerIntegrationFilter@124e538e, org.springframework.security.web.context.SecurityContextHolderFilter@2d492d46, org.springframework.security.web.header.HeaderWriterFilter@13835bdc, org.springframework.web.filter.CorsFilter@dcc7d1c, org.springframework.security.web.authentication.logout.LogoutFilter@38410ce5, cz.phsoft.hokej.config.CustomJsonLoginFilter@6ac9742e, org.springframework.security.web.savedrequest.RequestCacheAwareFilter@50479c2b, org.springframework.security.web.servletapi.SecurityContextHolderAwareRequestFilter@554a4d18, org.springframework.security.web.authentication.AnonymousAuthenticationFilter@411b75b4, org.springframework.security.web.session.SessionManagementFilter@4973fb7d, org.springframework.security.web.access.ExceptionTranslationFilter@36d8ddc5, org.springframework.security.web.access.intercept.AuthorizationFilter@892f1fa]
2026-01-22 13:00:11 [main] INFO  o.a.coyote.http11.Http11NioProtocol - Starting ProtocolHandler ["http-nio-8080"]
2026-01-22 13:00:11 [main] INFO  o.s.b.w.e.tomcat.TomcatWebServer - Tomcat started on port 8080 (http) with context path ''
2026-01-22 13:00:11 [main] INFO  c.phsoft.hokej.StaraGardaApplication - Started StaraGardaApplication in 20.183 seconds (process running for 23.586)
2026-01-22 13:00:41 [http-nio-8080-exec-1] INFO  o.a.c.c.C.[Tomcat].[localhost].[/] - Initializing Spring DispatcherServlet 'dispatcherServlet'
2026-01-22 13:00:41 [http-nio-8080-exec-1] INFO  o.s.web.servlet.DispatcherServlet - Initializing Servlet 'dispatcherServlet'
2026-01-22 13:00:41 [http-nio-8080-exec-1] INFO  o.s.web.servlet.DispatcherServlet - Completed initialization in 2 ms
2026-01-22 13:02:13 [http-nio-8080-exec-10] WARN  o.a.c.util.SessionIdGeneratorBase - Creation of SecureRandom instance for session ID generation using [SHA1PRNG] took [176] milliseconds.
2026-01-22 13:43:26 [SpringApplicationShutdownHook] INFO  o.s.o.j.LocalContainerEntityManagerFactoryBean - Closing JPA EntityManagerFactory for persistence unit 'default'
2026-01-22 13:43:26 [SpringApplicationShutdownHook] INFO  com.zaxxer.hikari.HikariDataSource - HikariPool-1 - Shutdown initiated...
2026-01-22 13:43:26 [SpringApplicationShutdownHook] INFO  com.zaxxer.hikari.HikariDataSource - HikariPool-1 - Shutdown completed.
2026-01-22 13:43:45 [background-preinit] INFO  o.h.validator.internal.util.Version - HV000001: Hibernate Validator 8.0.1.Final
2026-01-22 13:43:45 [main] INFO  c.phsoft.hokej.StaraGardaApplication - Starting StaraGardaApplication using Java 19.0.2 with PID 13868 (C:\Projekty Práce\StaraGarda\backend\target\classes started by petrh in C:\Projekty Práce\StaraGarda)
2026-01-22 13:43:45 [main] INFO  c.phsoft.hokej.StaraGardaApplication - No active profile set, falling back to 1 default profile: "default"
2026-01-22 13:43:47 [main] INFO  o.s.d.r.c.RepositoryConfigurationDelegate - Bootstrapping Spring Data JPA repositories in DEFAULT mode.
2026-01-22 13:43:48 [main] INFO  o.s.d.r.c.RepositoryConfigurationDelegate - Finished Spring Data repository scanning in 226 ms. Found 7 JPA repository interfaces.
2026-01-22 13:43:50 [main] INFO  o.s.b.w.e.tomcat.TomcatWebServer - Tomcat initialized with port 8080 (http)
2026-01-22 13:43:50 [main] INFO  o.a.coyote.http11.Http11NioProtocol - Initializing ProtocolHandler ["http-nio-8080"]
2026-01-22 13:43:50 [main] INFO  o.a.catalina.core.StandardService - Starting service [Tomcat]
2026-01-22 13:43:50 [main] INFO  o.a.catalina.core.StandardEngine - Starting Servlet engine: [Apache Tomcat/10.1.18]
2026-01-22 13:43:51 [main] INFO  o.a.c.c.C.[Tomcat].[localhost].[/] - Initializing Spring embedded WebApplicationContext
2026-01-22 13:43:51 [main] INFO  o.s.b.w.s.c.ServletWebServerApplicationContext - Root WebApplicationContext: initialization completed in 5480 ms
2026-01-22 13:43:51 [main] INFO  o.h.jpa.internal.util.LogHelper - HHH000204: Processing PersistenceUnitInfo [name: default]
2026-01-22 13:43:52 [main] INFO  org.hibernate.Version - HHH000412: Hibernate ORM core version 6.4.1.Final
2026-01-22 13:43:52 [main] INFO  o.h.c.i.RegionFactoryInitiator - HHH000026: Second-level cache disabled
2026-01-22 13:43:52 [main] INFO  o.h.e.b.internal.EnversServiceImpl - Envers integration enabled? : true
2026-01-22 13:43:53 [main] INFO  o.s.o.j.p.SpringPersistenceUnitInfo - No LoadTimeWeaver setup: ignoring JPA class transformer
2026-01-22 13:43:53 [main] INFO  com.zaxxer.hikari.HikariDataSource - HikariPool-1 - Starting...
2026-01-22 13:43:53 [main] INFO  com.zaxxer.hikari.pool.HikariPool - HikariPool-1 - Added connection org.mariadb.jdbc.Connection@1bec1589
2026-01-22 13:43:53 [main] INFO  com.zaxxer.hikari.HikariDataSource - HikariPool-1 - Start completed.
2026-01-22 13:43:56 [main] INFO  o.h.e.t.j.p.i.JtaPlatformInitiator - HHH000489: No JTA platform available (set 'hibernate.transaction.jta.platform' to enable JTA platform integration)
2026-01-22 13:43:56 [main] INFO  o.s.o.j.LocalContainerEntityManagerFactoryBean - Initialized JPA EntityManagerFactory for persistence unit 'default'
2026-01-22 13:43:59 [main] WARN  o.s.b.a.o.j.JpaBaseConfiguration$JpaWebConfiguration - spring.jpa.open-in-view is enabled by default. Therefore, database queries may be performed during view rendering. Explicitly configure spring.jpa.open-in-view to disable this warning
2026-01-22 13:44:00 [main] INFO  o.s.s.web.DefaultSecurityFilterChain - Will secure any request with [org.springframework.security.web.session.DisableEncodeUrlFilter@4f75c627, org.springframework.security.web.context.request.async.WebAsyncManagerIntegrationFilter@1631a614, org.springframework.security.web.context.SecurityContextHolderFilter@39352f6b, org.springframework.security.web.header.HeaderWriterFilter@3e02988, org.springframework.web.filter.CorsFilter@892f1fa, org.springframework.security.web.authentication.logout.LogoutFilter@7b13ae73, cz.phsoft.hokej.config.CustomJsonLoginFilter@68f1e261, org.springframework.security.web.savedrequest.RequestCacheAwareFilter@34c3e307, org.springframework.security.web.servletapi.SecurityContextHolderAwareRequestFilter@3d1703f8, org.springframework.security.web.authentication.AnonymousAuthenticationFilter@9d455a6, org.springframework.security.web.session.SessionManagementFilter@36d8ddc5, org.springframework.security.web.access.ExceptionTranslationFilter@6cd31e5f, org.springframework.security.web.access.intercept.AuthorizationFilter@41fbe8c0]
2026-01-22 13:44:01 [main] INFO  o.a.coyote.http11.Http11NioProtocol - Starting ProtocolHandler ["http-nio-8080"]
2026-01-22 13:44:01 [main] INFO  o.s.b.w.e.tomcat.TomcatWebServer - Tomcat started on port 8080 (http) with context path ''
2026-01-22 13:44:01 [main] INFO  c.phsoft.hokej.StaraGardaApplication - Started StaraGardaApplication in 17.196 seconds (process running for 18.415)
2026-01-22 13:44:26 [http-nio-8080-exec-1] INFO  o.a.c.c.C.[Tomcat].[localhost].[/] - Initializing Spring DispatcherServlet 'dispatcherServlet'
2026-01-22 13:44:26 [http-nio-8080-exec-1] INFO  o.s.web.servlet.DispatcherServlet - Initializing Servlet 'dispatcherServlet'
2026-01-22 13:44:26 [http-nio-8080-exec-1] INFO  o.s.web.servlet.DispatcherServlet - Completed initialization in 3 ms
2026-01-22 14:50:22 [SpringApplicationShutdownHook] INFO  o.s.o.j.LocalContainerEntityManagerFactoryBean - Closing JPA EntityManagerFactory for persistence unit 'default'
2026-01-22 14:50:23 [SpringApplicationShutdownHook] INFO  com.zaxxer.hikari.HikariDataSource - HikariPool-1 - Shutdown initiated...
2026-01-22 14:50:23 [SpringApplicationShutdownHook] INFO  com.zaxxer.hikari.HikariDataSource - HikariPool-1 - Shutdown completed.
2026-01-22 15:44:35 [background-preinit] INFO  o.h.validator.internal.util.Version - HV000001: Hibernate Validator 8.0.1.Final
2026-01-22 15:44:35 [main] INFO  c.phsoft.hokej.StaraGardaApplication - Starting StaraGardaApplication using Java 19.0.2 with PID 14820 (C:\Projekty Práce\StaraGarda\backend\target\classes started by petrh in C:\Projekty Práce\StaraGarda)
2026-01-22 15:44:35 [main] INFO  c.phsoft.hokej.StaraGardaApplication - No active profile set, falling back to 1 default profile: "default"
2026-01-22 15:44:37 [main] INFO  o.s.d.r.c.RepositoryConfigurationDelegate - Bootstrapping Spring Data JPA repositories in DEFAULT mode.
2026-01-22 15:44:37 [main] INFO  o.s.d.r.c.RepositoryConfigurationDelegate - Finished Spring Data repository scanning in 305 ms. Found 7 JPA repository interfaces.
2026-01-22 15:44:40 [main] INFO  o.s.b.w.e.tomcat.TomcatWebServer - Tomcat initialized with port 8080 (http)
2026-01-22 15:44:40 [main] INFO  o.a.coyote.http11.Http11NioProtocol - Initializing ProtocolHandler ["http-nio-8080"]
2026-01-22 15:44:40 [main] INFO  o.a.catalina.core.StandardService - Starting service [Tomcat]
2026-01-22 15:44:40 [main] INFO  o.a.catalina.core.StandardEngine - Starting Servlet engine: [Apache Tomcat/10.1.18]
2026-01-22 15:44:41 [main] INFO  o.a.c.c.C.[Tomcat].[localhost].[/] - Initializing Spring embedded WebApplicationContext
2026-01-22 15:44:41 [main] INFO  o.s.b.w.s.c.ServletWebServerApplicationContext - Root WebApplicationContext: initialization completed in 5525 ms
2026-01-22 15:44:41 [main] INFO  o.h.jpa.internal.util.LogHelper - HHH000204: Processing PersistenceUnitInfo [name: default]
2026-01-22 15:44:41 [main] INFO  org.hibernate.Version - HHH000412: Hibernate ORM core version 6.4.1.Final
2026-01-22 15:44:41 [main] INFO  o.h.c.i.RegionFactoryInitiator - HHH000026: Second-level cache disabled
2026-01-22 15:44:42 [main] INFO  o.h.e.b.internal.EnversServiceImpl - Envers integration enabled? : true
2026-01-22 15:44:42 [main] INFO  o.s.o.j.p.SpringPersistenceUnitInfo - No LoadTimeWeaver setup: ignoring JPA class transformer
2026-01-22 15:44:42 [main] INFO  com.zaxxer.hikari.HikariDataSource - HikariPool-1 - Starting...
2026-01-22 15:44:43 [main] INFO  com.zaxxer.hikari.pool.HikariPool - HikariPool-1 - Added connection org.mariadb.jdbc.Connection@2c3f43d1
2026-01-22 15:44:43 [main] INFO  com.zaxxer.hikari.HikariDataSource - HikariPool-1 - Start completed.
2026-01-22 15:44:45 [main] INFO  o.h.e.t.j.p.i.JtaPlatformInitiator - HHH000489: No JTA platform available (set 'hibernate.transaction.jta.platform' to enable JTA platform integration)
2026-01-22 15:44:46 [main] INFO  o.s.o.j.LocalContainerEntityManagerFactoryBean - Initialized JPA EntityManagerFactory for persistence unit 'default'
2026-01-22 15:44:48 [main] WARN  o.s.b.a.o.j.JpaBaseConfiguration$JpaWebConfiguration - spring.jpa.open-in-view is enabled by default. Therefore, database queries may be performed during view rendering. Explicitly configure spring.jpa.open-in-view to disable this warning
2026-01-22 15:44:50 [main] INFO  o.s.s.web.DefaultSecurityFilterChain - Will secure any request with [org.springframework.security.web.session.DisableEncodeUrlFilter@1631a614, org.springframework.security.web.context.request.async.WebAsyncManagerIntegrationFilter@892f1fa, org.springframework.security.web.context.SecurityContextHolderFilter@4973fb7d, org.springframework.security.web.header.HeaderWriterFilter@420d123d, org.springframework.web.filter.CorsFilter@68f1e261, org.springframework.security.web.authentication.logout.LogoutFilter@2dbfb843, cz.phsoft.hokej.config.CustomJsonLoginFilter@9d455a6, org.springframework.security.web.savedrequest.RequestCacheAwareFilter@3d1703f8, org.springframework.security.web.servletapi.SecurityContextHolderAwareRequestFilter@2d492d46, org.springframework.security.web.authentication.AnonymousAuthenticationFilter@124e538e, org.springframework.security.web.session.SessionManagementFilter@112d8c18, org.springframework.security.web.access.ExceptionTranslationFilter@57be0d93, org.springframework.security.web.access.intercept.AuthorizationFilter@1e8fd198]
2026-01-22 15:44:50 [main] INFO  o.a.coyote.http11.Http11NioProtocol - Starting ProtocolHandler ["http-nio-8080"]
2026-01-22 15:44:50 [main] INFO  o.s.b.w.e.tomcat.TomcatWebServer - Tomcat started on port 8080 (http) with context path ''
2026-01-22 15:44:50 [main] INFO  c.phsoft.hokej.StaraGardaApplication - Started StaraGardaApplication in 17.143 seconds (process running for 18.455)
2026-01-22 15:52:04 [http-nio-8080-exec-2] INFO  o.a.c.c.C.[Tomcat].[localhost].[/] - Initializing Spring DispatcherServlet 'dispatcherServlet'
2026-01-22 15:52:04 [http-nio-8080-exec-2] INFO  o.s.web.servlet.DispatcherServlet - Initializing Servlet 'dispatcherServlet'
2026-01-22 15:52:04 [http-nio-8080-exec-2] INFO  o.s.web.servlet.DispatcherServlet - Completed initialization in 1 ms
2026-01-22 15:52:05 [http-nio-8080-exec-2] WARN  o.a.c.util.SessionIdGeneratorBase - Creation of SecureRandom instance for session ID generation using [SHA1PRNG] took [112] milliseconds.
2026-01-22 20:17:19 [SpringApplicationShutdownHook] INFO  o.s.o.j.LocalContainerEntityManagerFactoryBean - Closing JPA EntityManagerFactory for persistence unit 'default'
2026-01-22 20:17:20 [SpringApplicationShutdownHook] INFO  com.zaxxer.hikari.HikariDataSource - HikariPool-1 - Shutdown initiated...
2026-01-22 20:17:20 [SpringApplicationShutdownHook] INFO  com.zaxxer.hikari.HikariDataSource - HikariPool-1 - Shutdown completed.
2026-01-22 20:23:40 [background-preinit] INFO  o.h.validator.internal.util.Version - HV000001: Hibernate Validator 8.0.1.Final
2026-01-22 20:23:40 [main] INFO  c.phsoft.hokej.StaraGardaApplication - Starting StaraGardaApplication using Java 19.0.2 with PID 8860 (C:\Projekty Práce\StaraGarda\backend\target\classes started by petrh in C:\Projekty Práce\StaraGarda)
2026-01-22 20:23:40 [main] INFO  c.phsoft.hokej.StaraGardaApplication - No active profile set, falling back to 1 default profile: "default"
2026-01-22 20:23:43 [main] INFO  o.s.d.r.c.RepositoryConfigurationDelegate - Bootstrapping Spring Data JPA repositories in DEFAULT mode.
2026-01-22 20:23:43 [main] INFO  o.s.d.r.c.RepositoryConfigurationDelegate - Finished Spring Data repository scanning in 284 ms. Found 7 JPA repository interfaces.
2026-01-22 20:23:47 [main] INFO  o.s.b.w.e.tomcat.TomcatWebServer - Tomcat initialized with port 8080 (http)
2026-01-22 20:23:47 [main] INFO  o.a.coyote.http11.Http11NioProtocol - Initializing ProtocolHandler ["http-nio-8080"]
2026-01-22 20:23:47 [main] INFO  o.a.catalina.core.StandardService - Starting service [Tomcat]
2026-01-22 20:23:47 [main] INFO  o.a.catalina.core.StandardEngine - Starting Servlet engine: [Apache Tomcat/10.1.18]
2026-01-22 20:23:47 [main] INFO  o.a.c.c.C.[Tomcat].[localhost].[/] - Initializing Spring embedded WebApplicationContext
2026-01-22 20:23:47 [main] INFO  o.s.b.w.s.c.ServletWebServerApplicationContext - Root WebApplicationContext: initialization completed in 6449 ms
2026-01-22 20:23:47 [main] INFO  o.h.jpa.internal.util.LogHelper - HHH000204: Processing PersistenceUnitInfo [name: default]
2026-01-22 20:23:47 [main] INFO  org.hibernate.Version - HHH000412: Hibernate ORM core version 6.4.1.Final
2026-01-22 20:23:48 [main] INFO  o.h.c.i.RegionFactoryInitiator - HHH000026: Second-level cache disabled
2026-01-22 20:23:48 [main] INFO  o.h.e.b.internal.EnversServiceImpl - Envers integration enabled? : true
2026-01-22 20:23:48 [main] INFO  o.s.o.j.p.SpringPersistenceUnitInfo - No LoadTimeWeaver setup: ignoring JPA class transformer
2026-01-22 20:23:48 [main] INFO  com.zaxxer.hikari.HikariDataSource - HikariPool-1 - Starting...
2026-01-22 20:23:49 [main] INFO  com.zaxxer.hikari.pool.HikariPool - HikariPool-1 - Added connection org.mariadb.jdbc.Connection@52285a5f
2026-01-22 20:23:49 [main] INFO  com.zaxxer.hikari.HikariDataSource - HikariPool-1 - Start completed.
2026-01-22 20:23:51 [main] INFO  o.h.e.t.j.p.i.JtaPlatformInitiator - HHH000489: No JTA platform available (set 'hibernate.transaction.jta.platform' to enable JTA platform integration)
2026-01-22 20:23:52 [main] INFO  o.s.o.j.LocalContainerEntityManagerFactoryBean - Initialized JPA EntityManagerFactory for persistence unit 'default'
2026-01-22 20:23:55 [main] WARN  o.s.b.a.o.j.JpaBaseConfiguration$JpaWebConfiguration - spring.jpa.open-in-view is enabled by default. Therefore, database queries may be performed during view rendering. Explicitly configure spring.jpa.open-in-view to disable this warning
2026-01-22 20:23:56 [main] INFO  o.s.s.web.DefaultSecurityFilterChain - Will secure any request with [org.springframework.security.web.session.DisableEncodeUrlFilter@7ed0e5db, org.springframework.security.web.context.request.async.WebAsyncManagerIntegrationFilter@38bce2ed, org.springframework.security.web.context.SecurityContextHolderFilter@57be0d93, org.springframework.security.web.header.HeaderWriterFilter@78fcc4ef, org.springframework.web.filter.CorsFilter@5c91b751, org.springframework.security.web.authentication.logout.LogoutFilter@65448932, cz.phsoft.hokej.config.CustomJsonLoginFilter@38fc2c39, org.springframework.security.web.savedrequest.RequestCacheAwareFilter@420d123d, org.springframework.security.web.servletapi.SecurityContextHolderAwareRequestFilter@36d8ddc5, org.springframework.security.web.authentication.AnonymousAuthenticationFilter@41fbe8c0, org.springframework.security.web.session.SessionManagementFilter@17287458, org.springframework.security.web.access.ExceptionTranslationFilter@11759e4a, org.springframework.security.web.access.intercept.AuthorizationFilter@40949bb0]
2026-01-22 20:23:57 [main] INFO  o.a.coyote.http11.Http11NioProtocol - Starting ProtocolHandler ["http-nio-8080"]
2026-01-22 20:23:57 [main] INFO  o.s.b.w.e.tomcat.TomcatWebServer - Tomcat started on port 8080 (http) with context path ''
2026-01-22 20:23:57 [main] INFO  c.phsoft.hokej.StaraGardaApplication - Started StaraGardaApplication in 20.454 seconds (process running for 22.125)
2026-01-22 20:24:05 [http-nio-8080-exec-1] INFO  o.a.c.c.C.[Tomcat].[localhost].[/] - Initializing Spring DispatcherServlet 'dispatcherServlet'
2026-01-22 20:24:05 [http-nio-8080-exec-1] INFO  o.s.web.servlet.DispatcherServlet - Initializing Servlet 'dispatcherServlet'
2026-01-22 20:24:05 [http-nio-8080-exec-1] INFO  o.s.web.servlet.DispatcherServlet - Completed initialization in 2 ms
2026-01-22 20:24:22 [http-nio-8080-exec-7] INFO  c.p.h.m.services.MatchServiceImpl - CHECK ACCESS: matchId=11, user=player3@example.com, ownedPlayerIds=[3, 12, 13]
2026-01-22 20:24:22 [http-nio-8080-exec-7] INFO  c.p.h.m.services.MatchServiceImpl - CHECK ACCESS: matchId=11, playerId=3, hasRegistration=false, activeForMatch=true
2026-01-22 20:24:22 [http-nio-8080-exec-7] INFO  c.p.h.m.services.MatchServiceImpl - CHECK ACCESS: matchId=11, playerId=12, hasRegistration=false, activeForMatch=true
2026-01-22 20:24:22 [http-nio-8080-exec-7] INFO  c.p.h.m.services.MatchServiceImpl - CHECK ACCESS: matchId=11, playerId=13, hasRegistration=false, activeForMatch=true
2026-01-22 20:24:22 [http-nio-8080-exec-7] INFO  c.p.h.m.services.MatchServiceImpl - CHECK ACCESS: matchId=11, hasAllowedPlayer=false
2026-01-22 20:24:22 [http-nio-8080-exec-7] WARN  c.p.h.m.services.MatchServiceImpl - ACCESS DENIED: user=player3@example.com for matchId=11
2026-01-22 20:24:22 [http-nio-8080-exec-6] INFO  c.p.h.m.services.MatchServiceImpl - CHECK ACCESS: matchId=11, user=player3@example.com, ownedPlayerIds=[3, 12, 13]
2026-01-22 20:24:22 [http-nio-8080-exec-6] INFO  c.p.h.m.services.MatchServiceImpl - CHECK ACCESS: matchId=11, playerId=3, hasRegistration=false, activeForMatch=true
2026-01-22 20:24:22 [http-nio-8080-exec-6] INFO  c.p.h.m.services.MatchServiceImpl - CHECK ACCESS: matchId=11, playerId=12, hasRegistration=false, activeForMatch=true
2026-01-22 20:24:22 [http-nio-8080-exec-6] INFO  c.p.h.m.services.MatchServiceImpl - CHECK ACCESS: matchId=11, playerId=13, hasRegistration=false, activeForMatch=true
2026-01-22 20:24:22 [http-nio-8080-exec-6] INFO  c.p.h.m.services.MatchServiceImpl - CHECK ACCESS: matchId=11, hasAllowedPlayer=false
2026-01-22 20:24:22 [http-nio-8080-exec-6] WARN  c.p.h.m.services.MatchServiceImpl - ACCESS DENIED: user=player3@example.com for matchId=11
2026-01-22 20:24:27 [http-nio-8080-exec-2] INFO  c.p.h.m.services.MatchServiceImpl - CHECK ACCESS: matchId=10, user=player3@example.com, ownedPlayerIds=[3, 12, 13]
2026-01-22 20:24:27 [http-nio-8080-exec-2] INFO  c.p.h.m.services.MatchServiceImpl - CHECK ACCESS: matchId=10, playerId=3, hasRegistration=true, activeForMatch=true
2026-01-22 20:24:27 [http-nio-8080-exec-2] INFO  c.p.h.m.services.MatchServiceImpl - CHECK ACCESS: matchId=10, hasAllowedPlayer=true
2026-01-22 20:24:27 [http-nio-8080-exec-3] INFO  c.p.h.m.services.MatchServiceImpl - CHECK ACCESS: matchId=10, user=player3@example.com, ownedPlayerIds=[3, 12, 13]
2026-01-22 20:24:27 [http-nio-8080-exec-3] INFO  c.p.h.m.services.MatchServiceImpl - CHECK ACCESS: matchId=10, playerId=3, hasRegistration=true, activeForMatch=true
2026-01-22 20:24:27 [http-nio-8080-exec-3] INFO  c.p.h.m.services.MatchServiceImpl - CHECK ACCESS: matchId=10, hasAllowedPlayer=true
2026-01-22 20:24:44 [http-nio-8080-exec-8] INFO  c.p.h.m.services.MatchServiceImpl - CHECK ACCESS: matchId=3, user=player3@example.com, ownedPlayerIds=[3, 12, 13]
2026-01-22 20:24:44 [http-nio-8080-exec-8] INFO  c.p.h.m.services.MatchServiceImpl - CHECK ACCESS: matchId=3, playerId=3, hasRegistration=true, activeForMatch=true
2026-01-22 20:24:44 [http-nio-8080-exec-8] INFO  c.p.h.m.services.MatchServiceImpl - CHECK ACCESS: matchId=3, hasAllowedPlayer=true
2026-01-22 20:24:44 [http-nio-8080-exec-9] INFO  c.p.h.m.services.MatchServiceImpl - CHECK ACCESS: matchId=3, user=player3@example.com, ownedPlayerIds=[3, 12, 13]
2026-01-22 20:24:44 [http-nio-8080-exec-9] INFO  c.p.h.m.services.MatchServiceImpl - CHECK ACCESS: matchId=3, playerId=3, hasRegistration=true, activeForMatch=true
2026-01-22 20:24:44 [http-nio-8080-exec-9] INFO  c.p.h.m.services.MatchServiceImpl - CHECK ACCESS: matchId=3, hasAllowedPlayer=true
2026-01-22 20:25:03 [http-nio-8080-exec-4] INFO  c.p.h.m.services.MatchServiceImpl - CHECK ACCESS: matchId=11, user=player3@example.com, ownedPlayerIds=[3, 12, 13]
2026-01-22 20:25:03 [http-nio-8080-exec-4] INFO  c.p.h.m.services.MatchServiceImpl - CHECK ACCESS: matchId=11, playerId=3, hasRegistration=false, activeForMatch=true
2026-01-22 20:25:03 [http-nio-8080-exec-4] INFO  c.p.h.m.services.MatchServiceImpl - CHECK ACCESS: matchId=11, playerId=12, hasRegistration=false, activeForMatch=true
2026-01-22 20:25:03 [http-nio-8080-exec-4] INFO  c.p.h.m.services.MatchServiceImpl - CHECK ACCESS: matchId=11, playerId=13, hasRegistration=false, activeForMatch=true
2026-01-22 20:25:03 [http-nio-8080-exec-4] INFO  c.p.h.m.services.MatchServiceImpl - CHECK ACCESS: matchId=11, hasAllowedPlayer=false
2026-01-22 20:25:03 [http-nio-8080-exec-4] WARN  c.p.h.m.services.MatchServiceImpl - ACCESS DENIED: user=player3@example.com for matchId=11
2026-01-22 20:25:03 [http-nio-8080-exec-7] INFO  c.p.h.m.services.MatchServiceImpl - CHECK ACCESS: matchId=11, user=player3@example.com, ownedPlayerIds=[3, 12, 13]
2026-01-22 20:25:03 [http-nio-8080-exec-7] INFO  c.p.h.m.services.MatchServiceImpl - CHECK ACCESS: matchId=11, playerId=3, hasRegistration=false, activeForMatch=true
2026-01-22 20:25:03 [http-nio-8080-exec-7] INFO  c.p.h.m.services.MatchServiceImpl - CHECK ACCESS: matchId=11, playerId=12, hasRegistration=false, activeForMatch=true
2026-01-22 20:25:03 [http-nio-8080-exec-7] INFO  c.p.h.m.services.MatchServiceImpl - CHECK ACCESS: matchId=11, playerId=13, hasRegistration=false, activeForMatch=true
2026-01-22 20:25:03 [http-nio-8080-exec-7] INFO  c.p.h.m.services.MatchServiceImpl - CHECK ACCESS: matchId=11, hasAllowedPlayer=false
2026-01-22 20:25:03 [http-nio-8080-exec-7] WARN  c.p.h.m.services.MatchServiceImpl - ACCESS DENIED: user=player3@example.com for matchId=11
2026-01-22 20:37:42 [SpringApplicationShutdownHook] INFO  o.s.o.j.LocalContainerEntityManagerFactoryBean - Closing JPA EntityManagerFactory for persistence unit 'default'
2026-01-22 20:37:42 [SpringApplicationShutdownHook] INFO  com.zaxxer.hikari.HikariDataSource - HikariPool-1 - Shutdown initiated...
2026-01-22 20:37:42 [SpringApplicationShutdownHook] INFO  com.zaxxer.hikari.HikariDataSource - HikariPool-1 - Shutdown completed.
2026-01-22 20:38:26 [background-preinit] INFO  o.h.validator.internal.util.Version - HV000001: Hibernate Validator 8.0.1.Final
2026-01-22 20:38:26 [main] INFO  c.phsoft.hokej.StaraGardaApplication - Starting StaraGardaApplication using Java 19.0.2 with PID 14744 (C:\Projekty Práce\StaraGarda\backend\target\classes started by petrh in C:\Projekty Práce\StaraGarda)
2026-01-22 20:38:26 [main] INFO  c.phsoft.hokej.StaraGardaApplication - No active profile set, falling back to 1 default profile: "default"
2026-01-22 20:38:29 [main] INFO  o.s.d.r.c.RepositoryConfigurationDelegate - Bootstrapping Spring Data JPA repositories in DEFAULT mode.
2026-01-22 20:38:30 [main] INFO  o.s.d.r.c.RepositoryConfigurationDelegate - Finished Spring Data repository scanning in 230 ms. Found 7 JPA repository interfaces.
2026-01-22 20:38:33 [main] INFO  o.s.b.w.e.tomcat.TomcatWebServer - Tomcat initialized with port 8080 (http)
2026-01-22 20:38:33 [main] INFO  o.a.coyote.http11.Http11NioProtocol - Initializing ProtocolHandler ["http-nio-8080"]
2026-01-22 20:38:33 [main] INFO  o.a.catalina.core.StandardService - Starting service [Tomcat]
2026-01-22 20:38:33 [main] INFO  o.a.catalina.core.StandardEngine - Starting Servlet engine: [Apache Tomcat/10.1.18]
2026-01-22 20:38:33 [main] INFO  o.a.c.c.C.[Tomcat].[localhost].[/] - Initializing Spring embedded WebApplicationContext
2026-01-22 20:38:33 [main] INFO  o.s.b.w.s.c.ServletWebServerApplicationContext - Root WebApplicationContext: initialization completed in 6234 ms
2026-01-22 20:38:34 [main] INFO  o.h.jpa.internal.util.LogHelper - HHH000204: Processing PersistenceUnitInfo [name: default]
2026-01-22 20:38:34 [main] INFO  org.hibernate.Version - HHH000412: Hibernate ORM core version 6.4.1.Final
2026-01-22 20:38:34 [main] INFO  o.h.c.i.RegionFactoryInitiator - HHH000026: Second-level cache disabled
2026-01-22 20:38:34 [main] INFO  o.h.e.b.internal.EnversServiceImpl - Envers integration enabled? : true
2026-01-22 20:38:35 [main] INFO  o.s.o.j.p.SpringPersistenceUnitInfo - No LoadTimeWeaver setup: ignoring JPA class transformer
2026-01-22 20:38:35 [main] INFO  com.zaxxer.hikari.HikariDataSource - HikariPool-1 - Starting...
2026-01-22 20:38:36 [main] INFO  com.zaxxer.hikari.pool.HikariPool - HikariPool-1 - Added connection org.mariadb.jdbc.Connection@5922cff3
2026-01-22 20:38:36 [main] INFO  com.zaxxer.hikari.HikariDataSource - HikariPool-1 - Start completed.
2026-01-22 20:38:38 [main] INFO  o.h.e.t.j.p.i.JtaPlatformInitiator - HHH000489: No JTA platform available (set 'hibernate.transaction.jta.platform' to enable JTA platform integration)
2026-01-22 20:38:38 [main] INFO  o.s.o.j.LocalContainerEntityManagerFactoryBean - Initialized JPA EntityManagerFactory for persistence unit 'default'
2026-01-22 20:38:42 [main] WARN  o.s.b.a.o.j.JpaBaseConfiguration$JpaWebConfiguration - spring.jpa.open-in-view is enabled by default. Therefore, database queries may be performed during view rendering. Explicitly configure spring.jpa.open-in-view to disable this warning
2026-01-22 20:38:43 [main] INFO  o.s.s.web.DefaultSecurityFilterChain - Will secure any request with [org.springframework.security.web.session.DisableEncodeUrlFilter@38fc2c39, org.springframework.security.web.context.request.async.WebAsyncManagerIntegrationFilter@41fbe8c0, org.springframework.security.web.context.SecurityContextHolderFilter@36d8ddc5, org.springframework.security.web.header.HeaderWriterFilter@7296675e, org.springframework.web.filter.CorsFilter@1e8fd198, org.springframework.security.web.authentication.logout.LogoutFilter@6da76bb1, cz.phsoft.hokej.config.CustomJsonLoginFilter@4f75c627, org.springframework.security.web.savedrequest.RequestCacheAwareFilter@13835bdc, org.springframework.security.web.servletapi.SecurityContextHolderAwareRequestFilter@39352f6b, org.springframework.security.web.authentication.AnonymousAuthenticationFilter@1631a614, org.springframework.security.web.session.SessionManagementFilter@57be0d93, org.springframework.security.web.access.ExceptionTranslationFilter@2a12389e, org.springframework.security.web.access.intercept.AuthorizationFilter@38bce2ed]
2026-01-22 20:38:43 [main] INFO  o.a.coyote.http11.Http11NioProtocol - Starting ProtocolHandler ["http-nio-8080"]
2026-01-22 20:38:43 [main] INFO  o.s.b.w.e.tomcat.TomcatWebServer - Tomcat started on port 8080 (http) with context path ''
2026-01-22 20:38:43 [main] INFO  c.phsoft.hokej.StaraGardaApplication - Started StaraGardaApplication in 18.882 seconds (process running for 20.325)
2026-01-22 20:38:47 [http-nio-8080-exec-2] INFO  o.a.c.c.C.[Tomcat].[localhost].[/] - Initializing Spring DispatcherServlet 'dispatcherServlet'
2026-01-22 20:38:47 [http-nio-8080-exec-2] INFO  o.s.web.servlet.DispatcherServlet - Initializing Servlet 'dispatcherServlet'
2026-01-22 20:38:47 [http-nio-8080-exec-2] INFO  o.s.web.servlet.DispatcherServlet - Completed initialization in 6 ms
2026-01-22 21:30:10 [http-nio-8080-exec-10] ERROR c.p.h.m.services.MatchServiceImpl - Test ERROR zpráva pro email
2026-01-22 21:30:11 [http-nio-8080-exec-2] ERROR c.p.h.m.services.MatchServiceImpl - Test ERROR zpráva pro email
2026-01-22 21:30:25 [http-nio-8080-exec-8] ERROR c.p.h.m.services.MatchServiceImpl - Test ERROR zpráva pro email
2026-01-22 21:30:35 [http-nio-8080-exec-7] ERROR c.p.h.m.services.MatchServiceImpl - Test ERROR zpráva pro email
2026-01-22 21:30:56 [http-nio-8080-exec-6] ERROR c.p.h.m.services.MatchServiceImpl - Test ERROR zpráva pro email
2026-01-22 21:47:32 [http-nio-8080-exec-5] ERROR c.p.h.m.services.MatchServiceImpl - Test ERROR zpráva pro email
2026-01-22 21:47:35 [http-nio-8080-exec-9] ERROR c.p.h.m.services.MatchServiceImpl - Test ERROR zpráva pro email
2026-01-22 21:47:37 [http-nio-8080-exec-3] ERROR c.p.h.m.services.MatchServiceImpl - Test ERROR zpráva pro email
2026-01-22 21:47:41 [http-nio-8080-exec-7] ERROR c.p.h.m.services.MatchServiceImpl - Test ERROR zpráva pro email
2026-01-22 21:47:43 [http-nio-8080-exec-4] ERROR c.p.h.m.services.MatchServiceImpl - Test ERROR zpráva pro email
2026-01-22 21:51:55 [http-nio-8080-exec-9] ERROR c.p.h.m.services.MatchServiceImpl - Test ERROR zpráva pro email
2026-01-22 21:52:01 [http-nio-8080-exec-1] ERROR c.p.h.m.services.MatchServiceImpl - Test ERROR zpráva pro email
2026-01-22 21:58:41 [http-nio-8080-exec-8] ERROR c.p.h.m.services.MatchServiceImpl - Test ERROR zpráva pro email
2026-01-22 21:58:43 [http-nio-8080-exec-2] ERROR c.p.h.m.services.MatchServiceImpl - Test ERROR zpráva pro email
2026-01-22 21:58:48 [http-nio-8080-exec-6] ERROR c.p.h.m.services.MatchServiceImpl - Test ERROR zpráva pro email
2026-01-22 21:59:01 [http-nio-8080-exec-4] ERROR c.p.h.m.services.MatchServiceImpl - Test ERROR zpráva pro email
2026-01-22 22:10:49 [SpringApplicationShutdownHook] INFO  o.s.o.j.LocalContainerEntityManagerFactoryBean - Closing JPA EntityManagerFactory for persistence unit 'default'
2026-01-22 22:10:49 [SpringApplicationShutdownHook] INFO  com.zaxxer.hikari.HikariDataSource - HikariPool-1 - Shutdown initiated...
2026-01-22 22:10:49 [SpringApplicationShutdownHook] INFO  com.zaxxer.hikari.HikariDataSource - HikariPool-1 - Shutdown completed.
2026-01-22 22:11:10 [background-preinit] INFO  o.h.validator.internal.util.Version - HV000001: Hibernate Validator 8.0.1.Final
2026-01-22 22:11:11 [main] INFO  c.phsoft.hokej.StaraGardaApplication - Starting StaraGardaApplication using Java 19.0.2 with PID 16684 (C:\Projekty Práce\StaraGarda\backend\target\classes started by petrh in C:\Projekty Práce\StaraGarda)
2026-01-22 22:11:11 [main] INFO  c.phsoft.hokej.StaraGardaApplication - No active profile set, falling back to 1 default profile: "default"
2026-01-22 22:11:13 [main] INFO  o.s.d.r.c.RepositoryConfigurationDelegate - Bootstrapping Spring Data JPA repositories in DEFAULT mode.
2026-01-22 22:11:14 [main] INFO  o.s.d.r.c.RepositoryConfigurationDelegate - Finished Spring Data repository scanning in 309 ms. Found 7 JPA repository interfaces.
2026-01-22 22:11:18 [main] INFO  o.s.b.w.e.tomcat.TomcatWebServer - Tomcat initialized with port 8080 (http)
2026-01-22 22:11:18 [main] INFO  o.a.coyote.http11.Http11NioProtocol - Initializing ProtocolHandler ["http-nio-8080"]
2026-01-22 22:11:18 [main] INFO  o.a.catalina.core.StandardService - Starting service [Tomcat]
2026-01-22 22:11:18 [main] INFO  o.a.catalina.core.StandardEngine - Starting Servlet engine: [Apache Tomcat/10.1.18]
2026-01-22 22:11:18 [main] INFO  o.a.c.c.C.[Tomcat].[localhost].[/] - Initializing Spring embedded WebApplicationContext
2026-01-22 22:11:18 [main] INFO  o.s.b.w.s.c.ServletWebServerApplicationContext - Root WebApplicationContext: initialization completed in 7174 ms
2026-01-22 22:11:18 [main] INFO  o.h.jpa.internal.util.LogHelper - HHH000204: Processing PersistenceUnitInfo [name: default]
2026-01-22 22:11:19 [main] INFO  org.hibernate.Version - HHH000412: Hibernate ORM core version 6.4.1.Final
2026-01-22 22:11:19 [main] INFO  o.h.c.i.RegionFactoryInitiator - HHH000026: Second-level cache disabled
2026-01-22 22:11:19 [main] INFO  o.h.e.b.internal.EnversServiceImpl - Envers integration enabled? : true
2026-01-22 22:11:20 [main] INFO  o.s.o.j.p.SpringPersistenceUnitInfo - No LoadTimeWeaver setup: ignoring JPA class transformer
2026-01-22 22:11:20 [main] INFO  com.zaxxer.hikari.HikariDataSource - HikariPool-1 - Starting...
2026-01-22 22:11:20 [main] INFO  com.zaxxer.hikari.pool.HikariPool - HikariPool-1 - Added connection org.mariadb.jdbc.Connection@2c3f43d1
2026-01-22 22:11:20 [main] INFO  com.zaxxer.hikari.HikariDataSource - HikariPool-1 - Start completed.
2026-01-22 22:11:23 [main] INFO  o.h.e.t.j.p.i.JtaPlatformInitiator - HHH000489: No JTA platform available (set 'hibernate.transaction.jta.platform' to enable JTA platform integration)
2026-01-22 22:11:24 [main] INFO  o.s.o.j.LocalContainerEntityManagerFactoryBean - Initialized JPA EntityManagerFactory for persistence unit 'default'
2026-01-22 22:11:27 [main] WARN  o.s.b.a.o.j.JpaBaseConfiguration$JpaWebConfiguration - spring.jpa.open-in-view is enabled by default. Therefore, database queries may be performed during view rendering. Explicitly configure spring.jpa.open-in-view to disable this warning
2026-01-22 22:11:28 [main] INFO  o.s.s.web.DefaultSecurityFilterChain - Will secure any request with [org.springframework.security.web.session.DisableEncodeUrlFilter@411b75b4, org.springframework.security.web.context.request.async.WebAsyncManagerIntegrationFilter@21298c3a, org.springframework.security.web.context.SecurityContextHolderFilter@318d69ea, org.springframework.security.web.header.HeaderWriterFilter@3d1703f8, org.springframework.web.filter.CorsFilter@4f63219e, org.springframework.security.web.authentication.logout.LogoutFilter@70028163, cz.phsoft.hokej.config.CustomJsonLoginFilter@6eaa5458, org.springframework.security.web.savedrequest.RequestCacheAwareFilter@1a2b23f2, org.springframework.security.web.servletapi.SecurityContextHolderAwareRequestFilter@1d8e9f22, org.springframework.security.web.authentication.AnonymousAuthenticationFilter@74863aec, org.springframework.security.web.session.SessionManagementFilter@7bb78381, org.springframework.security.web.access.ExceptionTranslationFilter@4973fb7d, org.springframework.security.web.access.intercept.AuthorizationFilter@dcc7d1c]
2026-01-22 22:11:29 [main] INFO  o.a.coyote.http11.Http11NioProtocol - Starting ProtocolHandler ["http-nio-8080"]
2026-01-22 22:11:29 [main] INFO  o.s.b.w.e.tomcat.TomcatWebServer - Tomcat started on port 8080 (http) with context path ''
2026-01-22 22:11:29 [main] INFO  c.phsoft.hokej.StaraGardaApplication - Started StaraGardaApplication in 20.054 seconds (process running for 22.108)
2026-01-22 22:11:38 [http-nio-8080-exec-1] INFO  o.a.c.c.C.[Tomcat].[localhost].[/] - Initializing Spring DispatcherServlet 'dispatcherServlet'
2026-01-22 22:11:38 [http-nio-8080-exec-1] INFO  o.s.web.servlet.DispatcherServlet - Initializing Servlet 'dispatcherServlet'
2026-01-22 22:11:38 [http-nio-8080-exec-1] INFO  o.s.web.servlet.DispatcherServlet - Completed initialization in 2 ms
2026-01-22 22:11:49 [http-nio-8080-exec-6] ERROR c.p.h.m.services.MatchServiceImpl - Test ERROR zpráva pro email
2026-01-22 22:12:09 [http-nio-8080-exec-8] ERROR c.p.h.m.services.MatchServiceImpl - Test ERROR zpráva pro email
2026-01-22 22:12:12 [http-nio-8080-exec-2] ERROR c.p.h.m.services.MatchServiceImpl - Test ERROR zpráva pro email
2026-01-22 22:12:19 [http-nio-8080-exec-6] ERROR c.p.h.m.services.MatchServiceImpl - Test ERROR zpráva pro email
2026-01-22 22:12:31 [http-nio-8080-exec-7] ERROR c.p.h.m.services.MatchServiceImpl - Test ERROR zpráva pro email
2026-01-22 22:15:02 [SpringApplicationShutdownHook] INFO  o.s.o.j.LocalContainerEntityManagerFactoryBean - Closing JPA EntityManagerFactory for persistence unit 'default'
2026-01-22 22:15:02 [SpringApplicationShutdownHook] INFO  com.zaxxer.hikari.HikariDataSource - HikariPool-1 - Shutdown initiated...
2026-01-22 22:15:02 [SpringApplicationShutdownHook] INFO  com.zaxxer.hikari.HikariDataSource - HikariPool-1 - Shutdown completed.
2026-01-22 22:18:06 [background-preinit] INFO  o.h.validator.internal.util.Version - HV000001: Hibernate Validator 8.0.1.Final
2026-01-22 22:18:06 [main] INFO  c.phsoft.hokej.StaraGardaApplication - Starting StaraGardaApplication using Java 19.0.2 with PID 17252 (C:\Projekty Práce\StaraGarda\backend\target\classes started by petrh in C:\Projekty Práce\StaraGarda)
2026-01-22 22:18:06 [main] INFO  c.phsoft.hokej.StaraGardaApplication - No active profile set, falling back to 1 default profile: "default"
2026-01-22 22:18:09 [main] INFO  o.s.d.r.c.RepositoryConfigurationDelegate - Bootstrapping Spring Data JPA repositories in DEFAULT mode.
2026-01-22 22:18:10 [main] INFO  o.s.d.r.c.RepositoryConfigurationDelegate - Finished Spring Data repository scanning in 317 ms. Found 7 JPA repository interfaces.
2026-01-22 22:18:13 [main] INFO  o.s.b.w.e.tomcat.TomcatWebServer - Tomcat initialized with port 8080 (http)
2026-01-22 22:18:13 [main] INFO  o.a.coyote.http11.Http11NioProtocol - Initializing ProtocolHandler ["http-nio-8080"]
2026-01-22 22:18:13 [main] INFO  o.a.catalina.core.StandardService - Starting service [Tomcat]
2026-01-22 22:18:13 [main] INFO  o.a.catalina.core.StandardEngine - Starting Servlet engine: [Apache Tomcat/10.1.18]
2026-01-22 22:18:14 [main] INFO  o.a.c.c.C.[Tomcat].[localhost].[/] - Initializing Spring embedded WebApplicationContext
2026-01-22 22:18:14 [main] INFO  o.s.b.w.s.c.ServletWebServerApplicationContext - Root WebApplicationContext: initialization completed in 7421 ms
2026-01-22 22:18:14 [main] INFO  o.h.jpa.internal.util.LogHelper - HHH000204: Processing PersistenceUnitInfo [name: default]
2026-01-22 22:18:14 [main] INFO  org.hibernate.Version - HHH000412: Hibernate ORM core version 6.4.1.Final
2026-01-22 22:18:14 [main] INFO  o.h.c.i.RegionFactoryInitiator - HHH000026: Second-level cache disabled
2026-01-22 22:18:15 [main] INFO  o.h.e.b.internal.EnversServiceImpl - Envers integration enabled? : true
2026-01-22 22:18:15 [main] INFO  o.s.o.j.p.SpringPersistenceUnitInfo - No LoadTimeWeaver setup: ignoring JPA class transformer
2026-01-22 22:18:15 [main] INFO  com.zaxxer.hikari.HikariDataSource - HikariPool-1 - Starting...
2026-01-22 22:18:16 [main] INFO  com.zaxxer.hikari.pool.HikariPool - HikariPool-1 - Added connection org.mariadb.jdbc.Connection@2c3f43d1
2026-01-22 22:18:16 [main] INFO  com.zaxxer.hikari.HikariDataSource - HikariPool-1 - Start completed.
2026-01-22 22:18:19 [main] INFO  o.h.e.t.j.p.i.JtaPlatformInitiator - HHH000489: No JTA platform available (set 'hibernate.transaction.jta.platform' to enable JTA platform integration)
2026-01-22 22:18:19 [main] INFO  o.s.o.j.LocalContainerEntityManagerFactoryBean - Initialized JPA EntityManagerFactory for persistence unit 'default'
2026-01-22 22:18:22 [main] WARN  o.s.b.a.o.j.JpaBaseConfiguration$JpaWebConfiguration - spring.jpa.open-in-view is enabled by default. Therefore, database queries may be performed during view rendering. Explicitly configure spring.jpa.open-in-view to disable this warning
2026-01-22 22:18:23 [main] INFO  o.s.s.web.DefaultSecurityFilterChain - Will secure any request with [org.springframework.security.web.session.DisableEncodeUrlFilter@892f1fa, org.springframework.security.web.context.request.async.WebAsyncManagerIntegrationFilter@68f1e261, org.springframework.security.web.context.SecurityContextHolderFilter@34c3e307, org.springframework.security.web.header.HeaderWriterFilter@36d8ddc5, org.springframework.web.filter.CorsFilter@9d455a6, org.springframework.security.web.authentication.logout.LogoutFilter@5ab2c5d8, cz.phsoft.hokej.config.CustomJsonLoginFilter@124e538e, org.springframework.security.web.savedrequest.RequestCacheAwareFilter@2d492d46, org.springframework.security.web.servletapi.SecurityContextHolderAwareRequestFilter@7bb78381, org.springframework.security.web.authentication.AnonymousAuthenticationFilter@dcc7d1c, org.springframework.security.web.session.SessionManagementFilter@13835bdc, org.springframework.security.web.access.ExceptionTranslationFilter@3e02988, org.springframework.security.web.access.intercept.AuthorizationFilter@4f75c627]
2026-01-22 22:18:24 [main] INFO  o.a.coyote.http11.Http11NioProtocol - Starting ProtocolHandler ["http-nio-8080"]
2026-01-22 22:18:24 [main] INFO  o.s.b.w.e.tomcat.TomcatWebServer - Tomcat started on port 8080 (http) with context path ''
2026-01-22 22:18:24 [main] INFO  c.phsoft.hokej.StaraGardaApplication - Started StaraGardaApplication in 20.975 seconds (process running for 22.884)
2026-01-22 22:18:51 [http-nio-8080-exec-1] INFO  o.a.c.c.C.[Tomcat].[localhost].[/] - Initializing Spring DispatcherServlet 'dispatcherServlet'
2026-01-22 22:18:51 [http-nio-8080-exec-1] INFO  o.s.web.servlet.DispatcherServlet - Initializing Servlet 'dispatcherServlet'
2026-01-22 22:18:51 [http-nio-8080-exec-1] INFO  o.s.web.servlet.DispatcherServlet - Completed initialization in 3 ms
2026-01-22 22:28:26 [SpringApplicationShutdownHook] INFO  o.s.o.j.LocalContainerEntityManagerFactoryBean - Closing JPA EntityManagerFactory for persistence unit 'default'
2026-01-22 22:28:26 [SpringApplicationShutdownHook] INFO  com.zaxxer.hikari.HikariDataSource - HikariPool-1 - Shutdown initiated...
2026-01-22 22:28:27 [SpringApplicationShutdownHook] INFO  com.zaxxer.hikari.HikariDataSource - HikariPool-1 - Shutdown completed.
2026-01-22 22:33:46 [background-preinit] INFO  o.h.validator.internal.util.Version - HV000001: Hibernate Validator 8.0.1.Final
2026-01-22 22:33:46 [main] INFO  c.phsoft.hokej.StaraGardaApplication - Starting StaraGardaApplication using Java 19.0.2 with PID 14156 (C:\Projekty Práce\StaraGarda\backend\target\classes started by petrh in C:\Projekty Práce\StaraGarda)
2026-01-22 22:33:46 [main] INFO  c.phsoft.hokej.StaraGardaApplication - No active profile set, falling back to 1 default profile: "default"
2026-01-22 22:33:49 [main] INFO  o.s.d.r.c.RepositoryConfigurationDelegate - Bootstrapping Spring Data JPA repositories in DEFAULT mode.
2026-01-22 22:33:49 [main] INFO  o.s.d.r.c.RepositoryConfigurationDelegate - Finished Spring Data repository scanning in 364 ms. Found 7 JPA repository interfaces.
2026-01-22 22:33:53 [main] INFO  o.s.b.w.e.tomcat.TomcatWebServer - Tomcat initialized with port 8080 (http)
2026-01-22 22:33:53 [main] INFO  o.a.coyote.http11.Http11NioProtocol - Initializing ProtocolHandler ["http-nio-8080"]
2026-01-22 22:33:53 [main] INFO  o.a.catalina.core.StandardService - Starting service [Tomcat]
2026-01-22 22:33:53 [main] INFO  o.a.catalina.core.StandardEngine - Starting Servlet engine: [Apache Tomcat/10.1.18]
2026-01-22 22:33:53 [main] INFO  o.a.c.c.C.[Tomcat].[localhost].[/] - Initializing Spring embedded WebApplicationContext
2026-01-22 22:33:53 [main] INFO  o.s.b.w.s.c.ServletWebServerApplicationContext - Root WebApplicationContext: initialization completed in 7036 ms
2026-01-22 22:33:54 [main] INFO  o.h.jpa.internal.util.LogHelper - HHH000204: Processing PersistenceUnitInfo [name: default]
2026-01-22 22:33:54 [main] INFO  org.hibernate.Version - HHH000412: Hibernate ORM core version 6.4.1.Final
2026-01-22 22:33:54 [main] INFO  o.h.c.i.RegionFactoryInitiator - HHH000026: Second-level cache disabled
2026-01-22 22:33:54 [main] INFO  o.h.e.b.internal.EnversServiceImpl - Envers integration enabled? : true
2026-01-22 22:33:55 [main] INFO  o.s.o.j.p.SpringPersistenceUnitInfo - No LoadTimeWeaver setup: ignoring JPA class transformer
2026-01-22 22:33:55 [main] INFO  com.zaxxer.hikari.HikariDataSource - HikariPool-1 - Starting...
2026-01-22 22:33:55 [main] INFO  com.zaxxer.hikari.pool.HikariPool - HikariPool-1 - Added connection org.mariadb.jdbc.Connection@2c3f43d1
2026-01-22 22:33:55 [main] INFO  com.zaxxer.hikari.HikariDataSource - HikariPool-1 - Start completed.
2026-01-22 22:33:58 [main] INFO  o.h.e.t.j.p.i.JtaPlatformInitiator - HHH000489: No JTA platform available (set 'hibernate.transaction.jta.platform' to enable JTA platform integration)
2026-01-22 22:33:59 [main] INFO  o.s.o.j.LocalContainerEntityManagerFactoryBean - Initialized JPA EntityManagerFactory for persistence unit 'default'
2026-01-22 22:34:02 [main] WARN  o.s.b.a.o.j.JpaBaseConfiguration$JpaWebConfiguration - spring.jpa.open-in-view is enabled by default. Therefore, database queries may be performed during view rendering. Explicitly configure spring.jpa.open-in-view to disable this warning
2026-01-22 22:34:03 [main] INFO  o.s.s.web.DefaultSecurityFilterChain - Will secure any request with [org.springframework.security.web.session.DisableEncodeUrlFilter@6ac9742e, org.springframework.security.web.context.request.async.WebAsyncManagerIntegrationFilter@411b75b4, org.springframework.security.web.context.SecurityContextHolderFilter@554a4d18, org.springframework.security.web.header.HeaderWriterFilter@34c3e307, org.springframework.web.filter.CorsFilter@21298c3a, org.springframework.security.web.authentication.logout.LogoutFilter@40949bb0, cz.phsoft.hokej.config.CustomJsonLoginFilter@4f63219e, org.springframework.security.web.savedrequest.RequestCacheAwareFilter@76614fd1, org.springframework.security.web.servletapi.SecurityContextHolderAwareRequestFilter@1a2b23f2, org.springframework.security.web.authentication.AnonymousAuthenticationFilter@6eaa5458, org.springframework.security.web.session.SessionManagementFilter@2d492d46, org.springframework.security.web.access.ExceptionTranslationFilter@39352f6b, org.springframework.security.web.access.intercept.AuthorizationFilter@124e538e]
2026-01-22 22:34:03 [main] INFO  o.a.coyote.http11.Http11NioProtocol - Starting ProtocolHandler ["http-nio-8080"]
2026-01-22 22:34:03 [main] INFO  o.s.b.w.e.tomcat.TomcatWebServer - Tomcat started on port 8080 (http) with context path ''
2026-01-22 22:34:04 [main] INFO  c.phsoft.hokej.StaraGardaApplication - Started StaraGardaApplication in 19.783 seconds (process running for 21.422)
2026-01-22 22:34:18 [http-nio-8080-exec-1] INFO  o.a.c.c.C.[Tomcat].[localhost].[/] - Initializing Spring DispatcherServlet 'dispatcherServlet'
2026-01-22 22:34:18 [http-nio-8080-exec-1] INFO  o.s.web.servlet.DispatcherServlet - Initializing Servlet 'dispatcherServlet'
2026-01-22 22:34:18 [http-nio-8080-exec-1] INFO  o.s.web.servlet.DispatcherServlet - Completed initialization in 1 ms
2026-01-22 22:34:33 [http-nio-8080-exec-8] ERROR c.p.h.m.services.MatchServiceImpl - Test ERROR zpráva pro email
2026-01-22 22:40:44 [http-nio-8080-exec-4] ERROR c.p.h.m.services.MatchServiceImpl - Test ERROR zpráva pro email
2026-01-22 22:53:40 [http-nio-8080-exec-7] ERROR c.p.h.m.services.MatchServiceImpl - Test ERROR zpráva pro email
