2026-01-19 09:47:24 [SpringApplicationShutdownHook] INFO  o.s.o.j.LocalContainerEntityManagerFactoryBean - Closing JPA EntityManagerFactory for persistence unit 'default'
2026-01-19 09:47:24 [SpringApplicationShutdownHook] INFO  com.zaxxer.hikari.HikariDataSource - HikariPool-1 - Shutdown initiated...
2026-01-19 09:47:24 [SpringApplicationShutdownHook] INFO  com.zaxxer.hikari.HikariDataSource - HikariPool-1 - Shutdown completed.
2026-01-19 09:55:34 [background-preinit] INFO  o.h.validator.internal.util.Version - HV000001: Hibernate Validator 8.0.1.Final
2026-01-19 09:55:34 [main] INFO  c.phsoft.hokej.StaraGardaApplication - Starting StaraGardaApplication using Java 19.0.2 with PID 8128 (C:\Projekty Práce\StaraGarda\backend\target\classes started by petrh in C:\Projekty Práce\StaraGarda)
2026-01-19 09:55:34 [main] INFO  c.phsoft.hokej.StaraGardaApplication - No active profile set, falling back to 1 default profile: "default"
2026-01-19 09:55:45 [main] INFO  o.s.d.r.c.RepositoryConfigurationDelegate - Bootstrapping Spring Data JPA repositories in DEFAULT mode.
2026-01-19 09:55:45 [main] INFO  o.s.d.r.c.RepositoryConfigurationDelegate - Finished Spring Data repository scanning in 278 ms. Found 6 JPA repository interfaces.
2026-01-19 09:55:51 [main] INFO  o.s.b.w.e.tomcat.TomcatWebServer - Tomcat initialized with port 8080 (http)
2026-01-19 09:55:51 [main] INFO  o.a.coyote.http11.Http11NioProtocol - Initializing ProtocolHandler ["http-nio-8080"]
2026-01-19 09:55:51 [main] INFO  o.a.catalina.core.StandardService - Starting service [Tomcat]
2026-01-19 09:55:51 [main] INFO  o.a.catalina.core.StandardEngine - Starting Servlet engine: [Apache Tomcat/10.1.18]
2026-01-19 09:55:51 [main] INFO  o.a.c.c.C.[Tomcat].[localhost].[/] - Initializing Spring embedded WebApplicationContext
2026-01-19 09:55:51 [main] INFO  o.s.b.w.s.c.ServletWebServerApplicationContext - Root WebApplicationContext: initialization completed in 17040 ms
2026-01-19 09:55:52 [main] INFO  o.h.jpa.internal.util.LogHelper - HHH000204: Processing PersistenceUnitInfo [name: default]
2026-01-19 09:55:52 [main] INFO  org.hibernate.Version - HHH000412: Hibernate ORM core version 6.4.1.Final
2026-01-19 09:55:53 [main] INFO  o.h.c.i.RegionFactoryInitiator - HHH000026: Second-level cache disabled
2026-01-19 09:55:54 [main] INFO  o.h.e.b.internal.EnversServiceImpl - Envers integration enabled? : true
2026-01-19 09:55:55 [main] INFO  o.s.o.j.p.SpringPersistenceUnitInfo - No LoadTimeWeaver setup: ignoring JPA class transformer
2026-01-19 09:55:55 [main] INFO  com.zaxxer.hikari.HikariDataSource - HikariPool-1 - Starting...
2026-01-19 09:55:56 [main] INFO  com.zaxxer.hikari.pool.HikariPool - HikariPool-1 - Added connection org.mariadb.jdbc.Connection@48e74764
2026-01-19 09:55:56 [main] INFO  com.zaxxer.hikari.HikariDataSource - HikariPool-1 - Start completed.
2026-01-19 09:56:01 [main] INFO  o.h.e.t.j.p.i.JtaPlatformInitiator - HHH000489: No JTA platform available (set 'hibernate.transaction.jta.platform' to enable JTA platform integration)
2026-01-19 09:56:02 [main] INFO  o.s.o.j.LocalContainerEntityManagerFactoryBean - Initialized JPA EntityManagerFactory for persistence unit 'default'
2026-01-19 09:56:10 [main] WARN  o.s.b.a.o.j.JpaBaseConfiguration$JpaWebConfiguration - spring.jpa.open-in-view is enabled by default. Therefore, database queries may be performed during view rendering. Explicitly configure spring.jpa.open-in-view to disable this warning
2026-01-19 09:56:11 [main] INFO  o.s.s.web.DefaultSecurityFilterChain - Will secure any request with [org.springframework.security.web.session.DisableEncodeUrlFilter@377a1763, org.springframework.security.web.context.request.async.WebAsyncManagerIntegrationFilter@61f62b80, org.springframework.security.web.context.SecurityContextHolderFilter@2ccfd2cb, org.springframework.security.web.header.HeaderWriterFilter@4a2c69a6, org.springframework.web.filter.CorsFilter@387bbd7a, org.springframework.security.web.authentication.logout.LogoutFilter@593d5f39, cz.phsoft.hokej.config.CustomJsonLoginFilter@22cf6c9c, org.springframework.security.web.savedrequest.RequestCacheAwareFilter@42014a, org.springframework.security.web.servletapi.SecurityContextHolderAwareRequestFilter@5e78dd7f, org.springframework.security.web.authentication.AnonymousAuthenticationFilter@4569b6a9, org.springframework.security.web.session.SessionManagementFilter@3c84c32f, org.springframework.security.web.access.ExceptionTranslationFilter@62099f75, org.springframework.security.web.access.intercept.AuthorizationFilter@5da08e9a]
2026-01-19 09:56:12 [main] INFO  o.a.coyote.http11.Http11NioProtocol - Starting ProtocolHandler ["http-nio-8080"]
2026-01-19 09:56:12 [main] INFO  o.s.b.w.e.tomcat.TomcatWebServer - Tomcat started on port 8080 (http) with context path ''
2026-01-19 09:56:12 [main] INFO  c.phsoft.hokej.StaraGardaApplication - Started StaraGardaApplication in 42.272 seconds (process running for 89.965)
2026-01-19 09:57:40 [http-nio-8080-exec-1] INFO  o.a.c.c.C.[Tomcat].[localhost].[/] - Initializing Spring DispatcherServlet 'dispatcherServlet'
2026-01-19 09:57:40 [http-nio-8080-exec-1] INFO  o.s.web.servlet.DispatcherServlet - Initializing Servlet 'dispatcherServlet'
2026-01-19 09:57:40 [http-nio-8080-exec-1] INFO  o.s.web.servlet.DispatcherServlet - Completed initialization in 3 ms
2026-01-19 09:59:18 [http-nio-8080-exec-7] WARN  o.a.c.util.SessionIdGeneratorBase - Creation of SecureRandom instance for session ID generation using [SHA1PRNG] took [285] milliseconds.
