2026-03-03 08:45:23 [background-preinit] INFO  o.h.validator.internal.util.Version - HV000001: Hibernate Validator 8.0.1.Final
2026-03-03 08:45:24 [main] INFO  c.phsoft.hokej.HobbyHokejApplication - Starting HobbyHokejApplication using Java 17.0.18 with PID 8920 (C:\ProjektyPrace\HobbyHokej\backend\target\classes started by petrh in C:\ProjektyPrace\HobbyHokej)
2026-03-03 08:45:24 [main] DEBUG c.phsoft.hokej.HobbyHokejApplication - Running with Spring Boot v3.2.2, Spring v6.1.3
2026-03-03 08:45:24 [main] INFO  c.phsoft.hokej.HobbyHokejApplication - The following 1 profile is active: "dev"
2026-03-03 08:45:30 [main] INFO  o.s.d.r.c.RepositoryConfigurationDelegate - Bootstrapping Spring Data JPA repositories in DEFAULT mode.
2026-03-03 08:45:31 [main] INFO  o.s.d.r.c.RepositoryConfigurationDelegate - Finished Spring Data repository scanning in 618 ms. Found 16 JPA repository interfaces.
2026-03-03 08:45:39 [main] INFO  o.s.b.w.e.tomcat.TomcatWebServer - Tomcat initialized with port 8080 (http)
2026-03-03 08:45:40 [main] INFO  o.a.coyote.http11.Http11NioProtocol - Initializing ProtocolHandler ["http-nio-8080"]
2026-03-03 08:45:40 [main] INFO  o.a.catalina.core.StandardService - Starting service [Tomcat]
2026-03-03 08:45:40 [main] INFO  o.a.catalina.core.StandardEngine - Starting Servlet engine: [Apache Tomcat/10.1.18]
2026-03-03 08:45:41 [main] INFO  o.a.c.c.C.[Tomcat].[localhost].[/] - Initializing Spring embedded WebApplicationContext
2026-03-03 08:45:41 [main] INFO  o.s.b.w.s.c.ServletWebServerApplicationContext - Root WebApplicationContext: initialization completed in 16915 ms
2026-03-03 08:45:43 [main] INFO  com.zaxxer.hikari.HikariDataSource - HikariPool-1 - Starting...
2026-03-03 08:45:44 [main] INFO  com.zaxxer.hikari.pool.HikariPool - HikariPool-1 - Added connection org.mariadb.jdbc.Connection@3afca2c
2026-03-03 08:45:44 [main] INFO  com.zaxxer.hikari.HikariDataSource - HikariPool-1 - Start completed.
2026-03-03 08:45:45 [main] WARN  o.m.jdbc.message.server.ErrorPacket - Error: 1193-HY000: Unknown system variable 'WSREP_ON'
2026-03-03 08:45:45 [main] INFO  org.flywaydb.core.FlywayExecutor - Database: jdbc:mariadb://127.0.0.1/hobby_hokej (MariaDB 10.6)
2026-03-03 08:45:46 [main] INFO  o.f.core.internal.command.DbValidate - Successfully validated 20 migrations (execution time 00:00.633s)
2026-03-03 08:45:46 [main] INFO  o.f.core.internal.command.DbMigrate - Current version of schema `hobby_hokej`: 7
2026-03-03 08:45:46 [main] INFO  o.f.core.internal.command.DbMigrate - Schema `hobby_hokej` is up to date. No migration necessary.
2026-03-03 08:45:47 [main] INFO  o.h.jpa.internal.util.LogHelper - HHH000204: Processing PersistenceUnitInfo [name: default]
2026-03-03 08:45:48 [main] INFO  org.hibernate.Version - HHH000412: Hibernate ORM core version 6.4.1.Final
2026-03-03 08:45:48 [main] INFO  o.h.c.i.RegionFactoryInitiator - HHH000026: Second-level cache disabled
2026-03-03 08:45:49 [main] INFO  o.h.e.b.internal.EnversServiceImpl - Envers integration enabled? : true
2026-03-03 08:45:50 [main] INFO  o.s.o.j.p.SpringPersistenceUnitInfo - No LoadTimeWeaver setup: ignoring JPA class transformer
2026-03-03 08:45:50 [main] DEBUG o.h.t.d.sql.spi.DdlTypeRegistry - addDescriptor(12, org.hibernate.type.descriptor.sql.internal.CapacityDependentDdlType@6f9a3325) replaced previous registration(org.hibernate.type.descriptor.sql.internal.CapacityDependentDdlType@72ceafeb)
2026-03-03 08:45:50 [main] DEBUG o.h.t.d.sql.spi.DdlTypeRegistry - addDescriptor(-9, org.hibernate.type.descriptor.sql.internal.CapacityDependentDdlType@65b2ee36) replaced previous registration(org.hibernate.type.descriptor.sql.internal.CapacityDependentDdlType@28e91f6d)
2026-03-03 08:45:50 [main] DEBUG o.h.t.d.sql.spi.DdlTypeRegistry - addDescriptor(-3, org.hibernate.type.descriptor.sql.internal.CapacityDependentDdlType@16d4024e) replaced previous registration(org.hibernate.type.descriptor.sql.internal.CapacityDependentDdlType@11e24688)
2026-03-03 08:45:50 [main] DEBUG o.h.t.d.sql.spi.DdlTypeRegistry - addDescriptor(4003, org.hibernate.type.descriptor.sql.internal.DdlTypeImpl@63d3c9dc) replaced previous registration(org.hibernate.type.descriptor.sql.internal.DdlTypeImpl@3a1a0bc)
2026-03-03 08:45:50 [main] DEBUG o.h.t.d.sql.spi.DdlTypeRegistry - addDescriptor(4001, org.hibernate.type.descriptor.sql.internal.DdlTypeImpl@35d114f4) replaced previous registration(org.hibernate.type.descriptor.sql.internal.DdlTypeImpl@3684d2c0)
2026-03-03 08:45:50 [main] DEBUG o.h.t.d.sql.spi.DdlTypeRegistry - addDescriptor(4002, org.hibernate.type.descriptor.sql.internal.DdlTypeImpl@4be460e5) replaced previous registration(org.hibernate.type.descriptor.sql.internal.DdlTypeImpl@454e9d65)
2026-03-03 08:45:50 [main] DEBUG o.h.t.d.sql.spi.DdlTypeRegistry - addDescriptor(2004, org.hibernate.type.descriptor.sql.internal.CapacityDependentDdlType@7805478c) replaced previous registration(org.hibernate.type.descriptor.sql.internal.DdlTypeImpl@6807989e)
2026-03-03 08:45:50 [main] DEBUG o.h.t.d.sql.spi.DdlTypeRegistry - addDescriptor(2005, org.hibernate.type.descriptor.sql.internal.CapacityDependentDdlType@c2e33) replaced previous registration(org.hibernate.type.descriptor.sql.internal.DdlTypeImpl@31183ee2)
2026-03-03 08:45:50 [main] DEBUG o.h.t.d.sql.spi.DdlTypeRegistry - addDescriptor(2011, org.hibernate.type.descriptor.sql.internal.CapacityDependentDdlType@63f3366a) replaced previous registration(org.hibernate.type.descriptor.sql.internal.DdlTypeImpl@37e491e2)
2026-03-03 08:45:55 [main] INFO  o.h.e.t.j.p.i.JtaPlatformInitiator - HHH000489: No JTA platform available (set 'hibernate.transaction.jta.platform' to enable JTA platform integration)
2026-03-03 08:45:55 [main] INFO  o.s.o.j.LocalContainerEntityManagerFactoryBean - Initialized JPA EntityManagerFactory for persistence unit 'default'
2026-03-03 08:45:57 [main] DEBUG c.p.h.security.CurrentPlayerFilter - Filter 'currentPlayerFilter' configured for use
2026-03-03 08:45:59 [main] INFO  c.p.hokej.config.DataInitializer - DataInitializer is enabled. Demo/test data initialization starts.
2026-03-03 08:46:00 [main] INFO  c.p.hokej.config.DataInitializer - Admin user already exists. Initialization is skipped.
2026-03-03 08:46:00 [main] INFO  c.p.hokej.config.DataInitializer - Players already exist. Player initialization is skipped.
2026-03-03 08:46:00 [main] INFO  c.p.hokej.config.DataInitializer - User settings initialization starts.
2026-03-03 08:46:00 [main] INFO  c.p.hokej.config.DataInitializer - User settings have been initialized.
2026-03-03 08:46:00 [main] INFO  c.p.hokej.config.DataInitializer - Player settings initialization starts.
2026-03-03 08:46:01 [main] INFO  c.p.hokej.config.DataInitializer - Player settings have been initialized.
2026-03-03 08:46:01 [main] INFO  c.p.hokej.config.DataInitializer - Seasons already exist. Season initialization is skipped.
2026-03-03 08:46:01 [main] INFO  c.p.hokej.config.DataInitializer - Matches already exist. Match initialization is skipped.
2026-03-03 08:46:01 [main] INFO  c.p.hokej.config.DataInitializer - Match registrations already exist. Registration initialization is skipped.
2026-03-03 08:46:01 [main] INFO  c.p.hokej.config.DataInitializer - Data initialization completed.
2026-03-03 08:46:03 [main] WARN  o.s.b.a.o.j.JpaBaseConfiguration$JpaWebConfiguration - spring.jpa.open-in-view is enabled by default. Therefore, database queries may be performed during view rendering. Explicitly configure spring.jpa.open-in-view to disable this warning
2026-03-03 08:46:05 [main] INFO  o.s.s.web.DefaultSecurityFilterChain - Will secure any request with [org.springframework.security.web.session.DisableEncodeUrlFilter@2ec3b5dd, org.springframework.security.web.context.request.async.WebAsyncManagerIntegrationFilter@629bee3b, org.springframework.security.web.context.SecurityContextHolderFilter@3b6f7ab3, org.springframework.security.web.header.HeaderWriterFilter@2523730b, org.springframework.web.filter.CorsFilter@678f685f, org.springframework.security.web.authentication.logout.LogoutFilter@23d030b1, cz.phsoft.hokej.config.CustomJsonLoginFilter@9e96118, org.springframework.security.web.savedrequest.RequestCacheAwareFilter@87f8146, org.springframework.security.web.servletapi.SecurityContextHolderAwareRequestFilter@10982760, org.springframework.security.web.authentication.AnonymousAuthenticationFilter@3a3740a5, org.springframework.security.web.session.SessionManagementFilter@ba65354, org.springframework.security.web.access.ExceptionTranslationFilter@2381a837, org.springframework.security.web.access.intercept.AuthorizationFilter@664c6bbc]
2026-03-03 08:46:06 [main] INFO  o.a.coyote.http11.Http11NioProtocol - Starting ProtocolHandler ["http-nio-8080"]
2026-03-03 08:46:06 [main] INFO  o.s.b.w.e.tomcat.TomcatWebServer - Tomcat started on port 8080 (http) with context path ''
2026-03-03 08:46:07 [main] INFO  c.phsoft.hokej.HobbyHokejApplication - Started HobbyHokejApplication in 45.821 seconds (process running for 48.177)
2026-03-03 08:46:07 [scheduling-1] DEBUG c.p.h.n.s.MatchReminderScheduler - MatchReminderScheduler: start, now=2026-03-03T08:46:07.301817100, windowEnd=2026-03-05T08:46:07.301817100
2026-03-03 08:46:07 [scheduling-1] DEBUG c.p.h.n.s.MatchReminderScheduler - MatchReminderScheduler: žádné budoucí zápasy v horizontu 48 h
2026-03-03 08:46:37 [SpringApplicationShutdownHook] INFO  o.s.o.j.LocalContainerEntityManagerFactoryBean - Closing JPA EntityManagerFactory for persistence unit 'default'
2026-03-03 08:46:37 [SpringApplicationShutdownHook] INFO  com.zaxxer.hikari.HikariDataSource - HikariPool-1 - Shutdown initiated...
2026-03-03 08:46:37 [SpringApplicationShutdownHook] INFO  com.zaxxer.hikari.HikariDataSource - HikariPool-1 - Shutdown completed.
