2026-01-14 10:33:58 [http-nio-8080-exec-6] INFO  AUDIT_LOGGER - START AppUserServiceImpl.getCurrentUser(..) at 2026-01-14T10:33:58.318901800 with args [player1@example.com]
2026-01-14 10:33:58 [http-nio-8080-exec-6] INFO  AUDIT_LOGGER - END getCurrentUser - userId=null playerId=null returned [cz.phsoft.hokej.models.dto.AppUserDTO@3669f68] at 2026-01-14T10:33:58.391617100
2026-01-14 10:36:12 [http-nio-8080-exec-7] INFO  AUDIT_LOGGER - START MatchServiceImpl.getNextMatch() at 2026-01-14T10:36:12.684666800 with args []
2026-01-14 10:36:12 [http-nio-8080-exec-7] INFO  AUDIT_LOGGER - END getNextMatch - userId=null playerId=null returned [cz.phsoft.hokej.models.dto.MatchDTO@48aaa534] at 2026-01-14T10:36:12.722166400
2026-01-14 10:36:41 [http-nio-8080-exec-8] INFO  AUDIT_LOGGER - START MatchServiceImpl.getNextMatch() at 2026-01-14T10:36:41.204016500 with args []
2026-01-14 10:36:41 [http-nio-8080-exec-8] INFO  AUDIT_LOGGER - END getNextMatch - userId=null playerId=null returned [cz.phsoft.hokej.models.dto.MatchDTO@41cd5a52] at 2026-01-14T10:36:41.210020900
2026-01-14 10:39:10 [http-nio-8080-exec-6] INFO  AUDIT_LOGGER - START MatchServiceImpl.getAllMatches() at 2026-01-14T10:39:10.176106800 with args []
2026-01-14 10:39:10 [http-nio-8080-exec-6] INFO  AUDIT_LOGGER - END getAllMatches - userId=null playerId=null returned [[cz.phsoft.hokej.models.dto.MatchDTO@3d438b19, cz.phsoft.hokej.models.dto.MatchDTO@7b23619b, cz.phsoft.hokej.models.dto.MatchDTO@40708e4c, cz.phsoft.hokej.models.dto.MatchDTO@381611a4, cz.phsoft.hokej.models.dto.MatchDTO@192c4efc, cz.phsoft.hokej.models.dto.MatchDTO@79e3dbfb, cz.phsoft.hokej.models.dto.MatchDTO@3da52865, cz.phsoft.hokej.models.dto.MatchDTO@35b69544, cz.phsoft.hokej.models.dto.MatchDTO@4e9666a0, cz.phsoft.hokej.models.dto.MatchDTO@294d508a]] at 2026-01-14T10:39:10.204111700
2026-01-14 10:40:17 [http-nio-8080-exec-2] INFO  AUDIT_LOGGER - START MatchServiceImpl.getAllMatches() at 2026-01-14T10:40:17.750361100 with args []
2026-01-14 10:40:17 [http-nio-8080-exec-2] INFO  AUDIT_LOGGER - END getAllMatches - userId=null playerId=null returned [[cz.phsoft.hokej.models.dto.MatchDTO@7320676b, cz.phsoft.hokej.models.dto.MatchDTO@225ff580, cz.phsoft.hokej.models.dto.MatchDTO@7d307517, cz.phsoft.hokej.models.dto.MatchDTO@5fae2426, cz.phsoft.hokej.models.dto.MatchDTO@2f450b87, cz.phsoft.hokej.models.dto.MatchDTO@72eb181a, cz.phsoft.hokej.models.dto.MatchDTO@c0d539d, cz.phsoft.hokej.models.dto.MatchDTO@22acd92e, cz.phsoft.hokej.models.dto.MatchDTO@2532e7cf, cz.phsoft.hokej.models.dto.MatchDTO@fb300bb]] at 2026-01-14T10:40:17.766877500
2026-01-14 11:30:42 [http-nio-8080-exec-4] INFO  AUDIT_LOGGER - START AppUserServiceImpl.getCurrentUser(..) at 2026-01-14T11:30:42.010443700 with args [player1@example.com]
2026-01-14 11:30:42 [http-nio-8080-exec-4] INFO  AUDIT_LOGGER - END getCurrentUser - userId=null playerId=null returned [cz.phsoft.hokej.models.dto.AppUserDTO@6a1c2b7c] at 2026-01-14T11:30:42.055836900
2026-01-14 11:30:49 [http-nio-8080-exec-5] INFO  AUDIT_LOGGER - START PlayerServiceImpl.getPlayersByUser(..) at 2026-01-14T11:30:49.850966100 with args [player1@example.com]
2026-01-14 11:30:49 [http-nio-8080-exec-5] INFO  AUDIT_LOGGER - END getPlayersByUser - userId=null playerId=null returned [[cz.phsoft.hokej.models.dto.PlayerDTO@4d4fb296]] at 2026-01-14T11:30:49.863119100
2026-01-14 11:32:29 [http-nio-8080-exec-9] INFO  AUDIT_LOGGER - START PlayerServiceImpl.getPlayersByUser(..) at 2026-01-14T11:32:29.556326700 with args [player1@example.com]
2026-01-14 11:32:29 [http-nio-8080-exec-9] INFO  AUDIT_LOGGER - END getPlayersByUser - userId=null playerId=null returned [[cz.phsoft.hokej.models.dto.PlayerDTO@759bfb8c]] at 2026-01-14T11:32:29.571331300
2026-01-14 11:32:46 [http-nio-8080-exec-10] INFO  AUDIT_LOGGER - START PlayerServiceImpl.getPlayerById(..) at 2026-01-14T11:32:46.768836200 with args [1]
2026-01-14 11:32:46 [http-nio-8080-exec-10] INFO  AUDIT_LOGGER - END getPlayerById - userId=null playerId=null returned [cz.phsoft.hokej.models.dto.PlayerDTO@453f849d] at 2026-01-14T11:32:46.775834600
2026-01-14 11:34:45 [http-nio-8080-exec-3] INFO  AUDIT_LOGGER - START PlayerServiceImpl.createPlayerForUser(..) at 2026-01-14T11:34:45.505329800 with args [cz.phsoft.hokej.models.dto.PlayerDTO@55822bdb, player1@example.com]
2026-01-14 11:34:45 [http-nio-8080-exec-3] INFO  AUDIT_LOGGER - END createPlayerForUser - userId=null playerId=null returned [cz.phsoft.hokej.models.dto.PlayerDTO@756ee3f] at 2026-01-14T11:34:45.772846
2026-01-14 11:35:35 [http-nio-8080-exec-5] INFO  AUDIT_LOGGER - START PlayerServiceImpl.getPlayersByUser(..) at 2026-01-14T11:35:35.706188800 with args [player1@example.com]
2026-01-14 11:35:35 [http-nio-8080-exec-5] INFO  AUDIT_LOGGER - END getPlayersByUser - userId=null playerId=null returned [[cz.phsoft.hokej.models.dto.PlayerDTO@220c1c5d, cz.phsoft.hokej.models.dto.PlayerDTO@4d2976cc]] at 2026-01-14T11:35:35.727898700
2026-01-14 11:35:45 [http-nio-8080-exec-8] INFO  AUDIT_LOGGER - START PlayerServiceImpl.getPlayerById(..) at 2026-01-14T11:35:45.374113700 with args [1]
2026-01-14 11:35:45 [http-nio-8080-exec-8] INFO  AUDIT_LOGGER - END getPlayerById - userId=null playerId=null returned [cz.phsoft.hokej.models.dto.PlayerDTO@3cc2e013] at 2026-01-14T11:35:45.381112200
2026-01-14 11:35:54 [http-nio-8080-exec-7] INFO  AUDIT_LOGGER - START PlayerServiceImpl.getPlayersByUser(..) at 2026-01-14T11:35:54.530619400 with args [player1@example.com]
2026-01-14 11:35:54 [http-nio-8080-exec-7] INFO  AUDIT_LOGGER - END getPlayersByUser - userId=null playerId=null returned [[cz.phsoft.hokej.models.dto.PlayerDTO@22ced3d4, cz.phsoft.hokej.models.dto.PlayerDTO@4c616ade]] at 2026-01-14T11:35:54.540615400
2026-01-14 11:37:27 [http-nio-8080-exec-4] INFO  AUDIT_LOGGER - START PlayerServiceImpl.getPlayerById(..) at 2026-01-14T11:37:27.581983100 with args [1]
2026-01-14 11:37:27 [http-nio-8080-exec-4] INFO  AUDIT_LOGGER - END getPlayerById - userId=null playerId=null returned [cz.phsoft.hokej.models.dto.PlayerDTO@623f97de] at 2026-01-14T11:37:27.587222100
2026-01-14 11:37:46 [http-nio-8080-exec-5] INFO  AUDIT_LOGGER - START PlayerServiceImpl.getPlayerById(..) at 2026-01-14T11:37:46.029469300 with args [1]
2026-01-14 11:37:46 [http-nio-8080-exec-5] INFO  AUDIT_LOGGER - END getPlayerById - userId=null playerId=null returned [cz.phsoft.hokej.models.dto.PlayerDTO@34d743c7] at 2026-01-14T11:37:46.036465700
2026-01-14 11:38:10 [http-nio-8080-exec-7] INFO  AUDIT_LOGGER - START MatchServiceImpl.getAllMatches() at 2026-01-14T11:38:10.435934100 with args []
2026-01-14 11:38:10 [http-nio-8080-exec-7] INFO  AUDIT_LOGGER - END getAllMatches - userId=null playerId=null returned [[cz.phsoft.hokej.models.dto.MatchDTO@58696637, cz.phsoft.hokej.models.dto.MatchDTO@1d7f1c85, cz.phsoft.hokej.models.dto.MatchDTO@26a6b63, cz.phsoft.hokej.models.dto.MatchDTO@2ad8fc28, cz.phsoft.hokej.models.dto.MatchDTO@39136f9a, cz.phsoft.hokej.models.dto.MatchDTO@5cedc709, cz.phsoft.hokej.models.dto.MatchDTO@d8d8e84, cz.phsoft.hokej.models.dto.MatchDTO@60d90aa1, cz.phsoft.hokej.models.dto.MatchDTO@4214d69f, cz.phsoft.hokej.models.dto.MatchDTO@70f3945b]] at 2026-01-14T11:38:10.468932500
2026-01-14 11:38:16 [http-nio-8080-exec-6] INFO  AUDIT_LOGGER - START AppUserServiceImpl.getCurrentUser(..) at 2026-01-14T11:38:16.796577400 with args [player1@example.com]
2026-01-14 11:38:16 [http-nio-8080-exec-6] INFO  AUDIT_LOGGER - END getCurrentUser - userId=null playerId=null returned [cz.phsoft.hokej.models.dto.AppUserDTO@63f314c4] at 2026-01-14T11:38:16.811522100
2026-01-14 11:38:24 [http-nio-8080-exec-9] INFO  AUDIT_LOGGER - START PlayerServiceImpl.getPlayerById(..) at 2026-01-14T11:38:24.672195700 with args [1]
2026-01-14 11:38:24 [http-nio-8080-exec-9] INFO  AUDIT_LOGGER - END getPlayerById - userId=null playerId=null returned [cz.phsoft.hokej.models.dto.PlayerDTO@110423f4] at 2026-01-14T11:38:24.678194
2026-01-14 11:38:40 [http-nio-8080-exec-2] INFO  AUDIT_LOGGER - START PlayerServiceImpl.getPlayerById(..) at 2026-01-14T11:38:40.016310400 with args [11]
2026-01-14 11:38:40 [http-nio-8080-exec-2] INFO  AUDIT_LOGGER - END getPlayerById - userId=null playerId=null returned [cz.phsoft.hokej.models.dto.PlayerDTO@48aa802] at 2026-01-14T11:38:40.026307900
2026-01-14 11:39:00 [http-nio-8080-exec-4] INFO  AUDIT_LOGGER - START AppUserServiceImpl.getCurrentUser(..) at 2026-01-14T11:39:00.336937100 with args [player5@example.com]
2026-01-14 11:39:00 [http-nio-8080-exec-4] INFO  AUDIT_LOGGER - END getCurrentUser - userId=null playerId=null returned [cz.phsoft.hokej.models.dto.AppUserDTO@5d53be70] at 2026-01-14T11:39:00.348061800
2026-01-14 11:39:07 [http-nio-8080-exec-3] INFO  AUDIT_LOGGER - START PlayerServiceImpl.getPlayersByUser(..) at 2026-01-14T11:39:07.803949300 with args [player5@example.com]
2026-01-14 11:39:07 [http-nio-8080-exec-3] INFO  AUDIT_LOGGER - END getPlayersByUser - userId=null playerId=null returned [[cz.phsoft.hokej.models.dto.PlayerDTO@18ce7df8]] at 2026-01-14T11:39:07.810815100
2026-01-14 11:39:59 [http-nio-8080-exec-9] INFO  AUDIT_LOGGER - START PlayerServiceImpl.getPlayerById(..) at 2026-01-14T11:39:59.499066100 with args [11]
2026-01-14 11:39:59 [http-nio-8080-exec-9] INFO  AUDIT_LOGGER - END getPlayerById - userId=null playerId=null returned [cz.phsoft.hokej.models.dto.PlayerDTO@79d2d8b7] at 2026-01-14T11:39:59.514413100
2026-01-14 11:40:03 [http-nio-8080-exec-10] INFO  AUDIT_LOGGER - START PlayerServiceImpl.getPlayerById(..) at 2026-01-14T11:40:03.325844 with args [11]
2026-01-14 11:40:03 [http-nio-8080-exec-10] INFO  AUDIT_LOGGER - END getPlayerById - userId=null playerId=null returned [cz.phsoft.hokej.models.dto.PlayerDTO@1a68684d] at 2026-01-14T11:40:03.330842900
2026-01-14 11:40:14 [http-nio-8080-exec-2] INFO  AUDIT_LOGGER - START AppUserServiceImpl.getCurrentUser(..) at 2026-01-14T11:40:14.218402300 with args [player5@example.com]
2026-01-14 11:40:14 [http-nio-8080-exec-2] INFO  AUDIT_LOGGER - END getCurrentUser - userId=null playerId=null returned [cz.phsoft.hokej.models.dto.AppUserDTO@7dea449d] at 2026-01-14T11:40:14.225396800
2026-01-14 11:40:22 [http-nio-8080-exec-1] INFO  AUDIT_LOGGER - START PlayerServiceImpl.getPlayerById(..) at 2026-01-14T11:40:22.945915700 with args [11]
2026-01-14 11:40:22 [http-nio-8080-exec-1] INFO  AUDIT_LOGGER - END getPlayerById - userId=null playerId=null returned [cz.phsoft.hokej.models.dto.PlayerDTO@4a95bcfe] at 2026-01-14T11:40:22.953912400
2026-01-14 11:40:38 [http-nio-8080-exec-4] INFO  AUDIT_LOGGER - START PlayerServiceImpl.getPlayerById(..) at 2026-01-14T11:40:38.548901900 with args [11]
2026-01-14 11:40:38 [http-nio-8080-exec-4] INFO  AUDIT_LOGGER - END getPlayerById - userId=null playerId=null returned [cz.phsoft.hokej.models.dto.PlayerDTO@35964237] at 2026-01-14T11:40:38.552901800
2026-01-14 11:40:52 [http-nio-8080-exec-3] INFO  AUDIT_LOGGER - START PlayerServiceImpl.getPlayerById(..) at 2026-01-14T11:40:52.252306300 with args [11]
2026-01-14 11:40:52 [http-nio-8080-exec-3] INFO  AUDIT_LOGGER - END getPlayerById - userId=null playerId=null returned [cz.phsoft.hokej.models.dto.PlayerDTO@6bb385c9] at 2026-01-14T11:40:52.257547800
2026-01-14 11:42:05 [http-nio-8080-exec-9] INFO  AUDIT_LOGGER - START AppUserServiceImpl.getCurrentUser(..) at 2026-01-14T11:42:05.867216700 with args [player5@example.com]
2026-01-14 11:42:05 [http-nio-8080-exec-9] INFO  AUDIT_LOGGER - END getCurrentUser - userId=null playerId=null returned [cz.phsoft.hokej.models.dto.AppUserDTO@1cfc7213] at 2026-01-14T11:42:05.881327700
2026-01-14 11:42:16 [http-nio-8080-exec-10] INFO  AUDIT_LOGGER - START PlayerServiceImpl.getPlayersByUser(..) at 2026-01-14T11:42:16.718071300 with args [player5@example.com]
2026-01-14 11:42:16 [http-nio-8080-exec-10] INFO  AUDIT_LOGGER - END getPlayersByUser - userId=null playerId=null returned [[cz.phsoft.hokej.models.dto.PlayerDTO@7d3ec017]] at 2026-01-14T11:42:16.728078200
2026-01-14 11:42:30 [http-nio-8080-exec-1] INFO  AUDIT_LOGGER - START AppUserServiceImpl.getCurrentUser(..) at 2026-01-14T11:42:30.053147500 with args [player5@example.com]
2026-01-14 11:42:30 [http-nio-8080-exec-1] INFO  AUDIT_LOGGER - END getCurrentUser - userId=null playerId=null returned [cz.phsoft.hokej.models.dto.AppUserDTO@50e8ce85] at 2026-01-14T11:42:30.062145900
2026-01-14 11:42:44 [http-nio-8080-exec-4] INFO  AUDIT_LOGGER - START PlayerServiceImpl.getPlayersByUser(..) at 2026-01-14T11:42:44.715507 with args [player5@example.com]
2026-01-14 11:42:44 [http-nio-8080-exec-4] INFO  AUDIT_LOGGER - END getPlayersByUser - userId=null playerId=null returned [[cz.phsoft.hokej.models.dto.PlayerDTO@44f86d70]] at 2026-01-14T11:42:44.722499600
2026-01-14 11:42:59 [http-nio-8080-exec-3] INFO  AUDIT_LOGGER - START PlayerServiceImpl.getPlayersByUser(..) at 2026-01-14T11:42:59.483028300 with args [player5@example.com]
2026-01-14 11:42:59 [http-nio-8080-exec-3] INFO  AUDIT_LOGGER - END getPlayersByUser - userId=null playerId=null returned [[cz.phsoft.hokej.models.dto.PlayerDTO@58980a88]] at 2026-01-14T11:42:59.491025800
2026-01-14 11:43:30 [http-nio-8080-exec-8] INFO  AUDIT_LOGGER - START PlayerServiceImpl.getPlayerById(..) at 2026-01-14T11:43:30.278260200 with args [5]
2026-01-14 11:43:30 [http-nio-8080-exec-8] INFO  AUDIT_LOGGER - END getPlayerById - userId=null playerId=null returned [cz.phsoft.hokej.models.dto.PlayerDTO@13e93369] at 2026-01-14T11:43:30.282267200
2026-01-14 11:44:45 [http-nio-8080-exec-6] INFO  AUDIT_LOGGER - START PlayerServiceImpl.getPlayerById(..) at 2026-01-14T11:44:45.357962200 with args [5]
2026-01-14 11:44:45 [http-nio-8080-exec-6] INFO  AUDIT_LOGGER - END getPlayerById - userId=null playerId=null returned [cz.phsoft.hokej.models.dto.PlayerDTO@6cb6325d] at 2026-01-14T11:44:45.360966100
2026-01-14 11:44:54 [http-nio-8080-exec-9] INFO  AUDIT_LOGGER - START PlayerServiceImpl.getPlayerById(..) at 2026-01-14T11:44:54.832330600 with args [5]
2026-01-14 11:44:54 [http-nio-8080-exec-9] INFO  AUDIT_LOGGER - END getPlayerById - userId=null playerId=null returned [cz.phsoft.hokej.models.dto.PlayerDTO@136ad2f] at 2026-01-14T11:44:54.835786300
2026-01-14 11:48:29 [http-nio-8080-exec-7] INFO  AUDIT_LOGGER - START AppUserServiceImpl.getCurrentUser(..) at 2026-01-14T11:48:29.533506 with args [player5@example.com]
2026-01-14 11:48:29 [http-nio-8080-exec-7] INFO  AUDIT_LOGGER - END getCurrentUser - userId=null playerId=null returned [cz.phsoft.hokej.models.dto.AppUserDTO@7989fa07] at 2026-01-14T11:48:29.572511
2026-01-14 11:48:41 [http-nio-8080-exec-8] INFO  AUDIT_LOGGER - START PlayerServiceImpl.getPlayersByUser(..) at 2026-01-14T11:48:41.473299100 with args [player5@example.com]
2026-01-14 11:48:41 [http-nio-8080-exec-8] INFO  AUDIT_LOGGER - END getPlayersByUser - userId=null playerId=null returned [[cz.phsoft.hokej.models.dto.PlayerDTO@4807d06f]] at 2026-01-14T11:48:41.485299700
2026-01-14 11:48:49 [http-nio-8080-exec-9] INFO  AUDIT_LOGGER - START PlayerServiceImpl.getPlayersByUser(..) at 2026-01-14T11:48:49.149221900 with args [player5@example.com]
2026-01-14 11:48:49 [http-nio-8080-exec-9] INFO  AUDIT_LOGGER - END getPlayersByUser - userId=null playerId=null returned [[cz.phsoft.hokej.models.dto.PlayerDTO@2508bb93]] at 2026-01-14T11:48:49.155222700
2026-01-14 11:48:50 [http-nio-8080-exec-10] INFO  AUDIT_LOGGER - START PlayerServiceImpl.getPlayersByUser(..) at 2026-01-14T11:48:50.775143300 with args [player5@example.com]
2026-01-14 11:48:50 [http-nio-8080-exec-10] INFO  AUDIT_LOGGER - END getPlayersByUser - userId=null playerId=null returned [[cz.phsoft.hokej.models.dto.PlayerDTO@7f3e87de]] at 2026-01-14T11:48:50.782134200
2026-01-14 11:49:37 [http-nio-8080-exec-4] INFO  AUDIT_LOGGER - START AppUserServiceImpl.getCurrentUser(..) at 2026-01-14T11:49:37.126927 with args [player7@example.com]
2026-01-14 11:49:37 [http-nio-8080-exec-4] INFO  AUDIT_LOGGER - END getCurrentUser - userId=null playerId=null returned [cz.phsoft.hokej.models.dto.AppUserDTO@40c17054] at 2026-01-14T11:49:37.132931300
2026-01-14 11:50:02 [http-nio-8080-exec-5] INFO  AUDIT_LOGGER - START AppUserServiceImpl.getCurrentUser(..) at 2026-01-14T11:50:02.576622700 with args [player7@example.com]
2026-01-14 11:50:02 [http-nio-8080-exec-5] INFO  AUDIT_LOGGER - END getCurrentUser - userId=null playerId=null returned [cz.phsoft.hokej.models.dto.AppUserDTO@56525f3e] at 2026-01-14T11:50:02.584619500
2026-01-14 11:50:32 [http-nio-8080-exec-6] INFO  AUDIT_LOGGER - START PlayerServiceImpl.getPlayersByUser(..) at 2026-01-14T11:50:32.116614400 with args [player7@example.com]
2026-01-14 11:50:32 [http-nio-8080-exec-6] INFO  AUDIT_LOGGER - END getPlayersByUser - userId=null playerId=null returned [[cz.phsoft.hokej.models.dto.PlayerDTO@306420d5]] at 2026-01-14T11:50:32.125608200
2026-01-14 11:51:08 [http-nio-8080-exec-9] INFO  AUDIT_LOGGER - START PlayerServiceImpl.getPlayersByUser(..) at 2026-01-14T11:51:08.931776300 with args [player7@example.com]
2026-01-14 11:51:08 [http-nio-8080-exec-9] INFO  AUDIT_LOGGER - END getPlayersByUser - userId=null playerId=null returned [[cz.phsoft.hokej.models.dto.PlayerDTO@325c6ec7]] at 2026-01-14T11:51:08.943778800
2026-01-14 11:51:14 [http-nio-8080-exec-10] INFO  AUDIT_LOGGER - START PlayerServiceImpl.getPlayerById(..) at 2026-01-14T11:51:14.431951700 with args [7]
2026-01-14 11:51:14 [http-nio-8080-exec-10] INFO  AUDIT_LOGGER - END getPlayerById - userId=null playerId=null returned [cz.phsoft.hokej.models.dto.PlayerDTO@e76a4f3] at 2026-01-14T11:51:14.441948100
2026-01-14 11:53:00 [http-nio-8080-exec-4] INFO  AUDIT_LOGGER - START MatchRegistrationServiceImpl.getRegistrationsForPlayer(..) at 2026-01-14T11:53:00.916746300 with args [7]
2026-01-14 11:53:00 [http-nio-8080-exec-4] INFO  AUDIT_LOGGER - END getRegistrationsForPlayer - userId=null playerId=null returned [[]] at 2026-01-14T11:53:00.945951
2026-01-14 11:54:09 [http-nio-8080-exec-6] INFO  AUDIT_LOGGER - START MatchRegistrationServiceImpl.upsertRegistration(..) at 2026-01-14T11:54:09.151233200 with args [2, 7, null, null, null, null, false]
2026-01-14 11:54:43 [http-nio-8080-exec-9] INFO  AUDIT_LOGGER - START MatchRegistrationServiceImpl.upsertRegistration(..) at 2026-01-14T11:54:43.445850700 with args [2, 7, null, null, null, null, false]
2026-01-14 12:05:54 [http-nio-8080-exec-7] INFO  AUDIT_LOGGER - START AppUserServiceImpl.getCurrentUser(..) at 2026-01-14T12:05:54.800728900 with args [player7@example.com]
2026-01-14 12:05:54 [http-nio-8080-exec-7] INFO  AUDIT_LOGGER - END getCurrentUser - userId=null playerId=null returned [cz.phsoft.hokej.models.dto.AppUserDTO@5807ff3d] at 2026-01-14T12:05:54.835081400
2026-01-14 12:06:06 [http-nio-8080-exec-8] INFO  AUDIT_LOGGER - START PlayerServiceImpl.getPlayersByUser(..) at 2026-01-14T12:06:06.687485500 with args [player7@example.com]
2026-01-14 12:06:06 [http-nio-8080-exec-8] INFO  AUDIT_LOGGER - END getPlayersByUser - userId=null playerId=null returned [[cz.phsoft.hokej.models.dto.PlayerDTO@47c641c3]] at 2026-01-14T12:06:06.702448100
2026-01-14 12:06:13 [http-nio-8080-exec-9] INFO  AUDIT_LOGGER - START PlayerServiceImpl.getPlayerById(..) at 2026-01-14T12:06:13.049317600 with args [7]
2026-01-14 12:06:13 [http-nio-8080-exec-9] INFO  AUDIT_LOGGER - END getPlayerById - userId=null playerId=null returned [cz.phsoft.hokej.models.dto.PlayerDTO@655ae167] at 2026-01-14T12:06:13.056316900
2026-01-14 12:06:22 [http-nio-8080-exec-10] INFO  AUDIT_LOGGER - START PlayerServiceImpl.getPlayersByUser(..) at 2026-01-14T12:06:22.681509600 with args [player7@example.com]
2026-01-14 12:06:22 [http-nio-8080-exec-10] INFO  AUDIT_LOGGER - END getPlayersByUser - userId=null playerId=null returned [[cz.phsoft.hokej.models.dto.PlayerDTO@e2b257e]] at 2026-01-14T12:06:22.692780200
2026-01-14 12:06:30 [http-nio-8080-exec-1] INFO  AUDIT_LOGGER - START MatchRegistrationServiceImpl.getRegistrationsForPlayer(..) at 2026-01-14T12:06:30.228494900 with args [7]
2026-01-14 12:06:30 [http-nio-8080-exec-1] INFO  AUDIT_LOGGER - END getRegistrationsForPlayer - userId=null playerId=null returned [[]] at 2026-01-14T12:06:30.243743900
2026-01-14 12:06:59 [http-nio-8080-exec-2] INFO  AUDIT_LOGGER - START MatchRegistrationServiceImpl.upsertRegistration(..) at 2026-01-14T12:06:59.478423800 with args [2, 7, null, null, null, null, false]
2026-01-14 12:07:05 [http-nio-8080-exec-3] INFO  AUDIT_LOGGER - START MatchRegistrationServiceImpl.upsertRegistration(..) at 2026-01-14T12:07:05.506349 with args [2, 7, null, null, null, null, false]
2026-01-14 12:07:32 [http-nio-8080-exec-6] INFO  AUDIT_LOGGER - START MatchRegistrationServiceImpl.upsertRegistration(..) at 2026-01-14T12:07:32.041837 with args [2, 7, DARK, null, null, null, false]
2026-01-14 12:18:32 [http-nio-8080-exec-6] INFO  AUDIT_LOGGER - START PlayerServiceImpl.getPlayersByUser(..) at 2026-01-14T12:18:32.070203700 with args [player7@example.com]
2026-01-14 12:18:32 [http-nio-8080-exec-6] INFO  AUDIT_LOGGER - END getPlayersByUser - userId=null playerId=null returned [[cz.phsoft.hokej.models.dto.PlayerDTO@357d09d4]] at 2026-01-14T12:18:32.117014600
2026-01-14 12:18:43 [http-nio-8080-exec-8] INFO  AUDIT_LOGGER - START MatchRegistrationServiceImpl.upsertRegistration(..) at 2026-01-14T12:18:43.966224700 with args [2, 7, DARK, null, null, null, false]
2026-01-14 12:27:03 [http-nio-8080-exec-5] INFO  AUDIT_LOGGER - START PlayerServiceImpl.getPlayersByUser(..) at 2026-01-14T12:27:03.273061400 with args [player7@example.com]
2026-01-14 12:27:03 [http-nio-8080-exec-5] INFO  AUDIT_LOGGER - END getPlayersByUser - userId=null playerId=null returned [[cz.phsoft.hokej.models.dto.PlayerDTO@4aa3032]] at 2026-01-14T12:27:03.317231900
2026-01-14 12:27:19 [http-nio-8080-exec-6] INFO  AUDIT_LOGGER - START PlayerServiceImpl.getPlayerById(..) at 2026-01-14T12:27:19.224017 with args [7]
2026-01-14 12:27:19 [http-nio-8080-exec-6] INFO  AUDIT_LOGGER - END getPlayerById - userId=null playerId=null returned [cz.phsoft.hokej.models.dto.PlayerDTO@3769e1de] at 2026-01-14T12:27:19.231046400
2026-01-14 12:27:28 [http-nio-8080-exec-7] INFO  AUDIT_LOGGER - START MatchRegistrationServiceImpl.getRegistrationsForPlayer(..) at 2026-01-14T12:27:28.299199200 with args [7]
2026-01-14 12:27:28 [http-nio-8080-exec-7] INFO  AUDIT_LOGGER - END getRegistrationsForPlayer - userId=null playerId=null returned [[]] at 2026-01-14T12:27:28.315206800
2026-01-14 12:27:39 [http-nio-8080-exec-8] INFO  AUDIT_LOGGER - START MatchRegistrationServiceImpl.upsertRegistration(..) at 2026-01-14T12:27:39.437341600 with args [2, 7, DARK, null, null, null, false]
2026-01-14 12:27:39 [http-nio-8080-exec-8] INFO  AUDIT_LOGGER - START SmsMessageBuilder.buildMessageRegistration(..) at 2026-01-14T12:27:39.663110400 with args [cz.phsoft.hokej.data.entities.MatchRegistrationEntity@4f559381]
2026-01-14 12:27:39 [http-nio-8080-exec-8] INFO  AUDIT_LOGGER - END buildMessageRegistration - userId=null playerId=7 returned [app_hokej - datum: 2025-11-28, 1/12, hráč: Hráč_7 Sedm, status: přihlásil se k zápasu] at 2026-01-14T12:27:39.674107600
2026-01-14 12:27:39 [http-nio-8080-exec-8] INFO  AUDIT_LOGGER - START SmsTextBeeService.sendSms(..) at 2026-01-14T12:27:39.675108200 with args [+420776609956, app_hokej - datum: 2025-11-28, 1/12, hráč: Hráč_7 Sedm, status: přihlásil se k zápasu]
2026-01-14 12:27:39 [http-nio-8080-exec-8] INFO  AUDIT_LOGGER - END sendSms - userId=null playerId=null returned [null] at 2026-01-14T12:27:39.676109
2026-01-14 12:27:39 [http-nio-8080-exec-8] INFO  AUDIT_LOGGER - END upsertRegistration - userId=null playerId=null returned [cz.phsoft.hokej.models.dto.MatchRegistrationDTO@201eef38] at 2026-01-14T12:27:39.678110900
2026-01-14 12:28:01 [http-nio-8080-exec-9] INFO  AUDIT_LOGGER - START MatchRegistrationServiceImpl.getRegistrationsForPlayer(..) at 2026-01-14T12:28:01.366581 with args [7]
2026-01-14 12:28:01 [http-nio-8080-exec-9] INFO  AUDIT_LOGGER - END getRegistrationsForPlayer - userId=null playerId=null returned [[cz.phsoft.hokej.models.dto.MatchRegistrationDTO@53b98809]] at 2026-01-14T12:28:01.380579900
2026-01-14 12:28:43 [http-nio-8080-exec-1] INFO  AUDIT_LOGGER - START PlayerServiceImpl.getPlayerById(..) at 2026-01-14T12:28:43.380272300 with args [7]
2026-01-14 12:28:43 [http-nio-8080-exec-1] INFO  AUDIT_LOGGER - END getPlayerById - userId=null playerId=null returned [cz.phsoft.hokej.models.dto.PlayerDTO@1fadf63e] at 2026-01-14T12:28:43.384268600
2026-01-14 12:29:01 [http-nio-8080-exec-2] INFO  AUDIT_LOGGER - START MatchRegistrationServiceImpl.upsertRegistration(..) at 2026-01-14T12:29:01.312952800 with args [2, 7, DARK, null, null, null, false]
2026-01-14 12:29:13 [http-nio-8080-exec-3] INFO  AUDIT_LOGGER - START AppUserServiceImpl.getCurrentUser(..) at 2026-01-14T12:29:13.347669700 with args [player8@example.com]
2026-01-14 12:29:13 [http-nio-8080-exec-3] INFO  AUDIT_LOGGER - END getCurrentUser - userId=null playerId=null returned [cz.phsoft.hokej.models.dto.AppUserDTO@2d15acbe] at 2026-01-14T12:29:13.358734200
2026-01-14 12:30:00 [scheduling-1] INFO  AUDIT_LOGGER - START SmsSchedulerService.sendFinalSmsForTodayMatches() at 2026-01-14T12:30:00.038302 with args []
2026-01-14 12:30:00 [scheduling-1] INFO  AUDIT_LOGGER - END sendFinalSmsForTodayMatches - userId=null playerId=null returned [null] at 2026-01-14T12:30:00.047539200
2026-01-14 12:38:25 [http-nio-8080-exec-4] INFO  AUDIT_LOGGER - START PlayerServiceImpl.getPlayersByUser(..) at 2026-01-14T12:38:25.425275700 with args [player7@example.com]
2026-01-14 12:38:25 [http-nio-8080-exec-4] INFO  AUDIT_LOGGER - END getPlayersByUser - userId=null playerId=null returned [[cz.phsoft.hokej.models.dto.PlayerDTO@1f32f295]] at 2026-01-14T12:38:25.468424400
2026-01-14 12:38:31 [http-nio-8080-exec-5] INFO  AUDIT_LOGGER - START PlayerServiceImpl.getPlayerById(..) at 2026-01-14T12:38:31.814453200 with args [7]
2026-01-14 12:38:31 [http-nio-8080-exec-5] INFO  AUDIT_LOGGER - END getPlayerById - userId=null playerId=null returned [cz.phsoft.hokej.models.dto.PlayerDTO@6e1a4a64] at 2026-01-14T12:38:31.826198
2026-01-14 12:38:38 [http-nio-8080-exec-6] INFO  AUDIT_LOGGER - START MatchRegistrationServiceImpl.getRegistrationsForPlayer(..) at 2026-01-14T12:38:38.439584700 with args [7]
2026-01-14 12:38:38 [http-nio-8080-exec-6] INFO  AUDIT_LOGGER - END getRegistrationsForPlayer - userId=null playerId=null returned [[cz.phsoft.hokej.models.dto.MatchRegistrationDTO@3d0afc96]] at 2026-01-14T12:38:38.460059200
2026-01-14 12:38:59 [http-nio-8080-exec-8] INFO  AUDIT_LOGGER - START MatchRegistrationServiceImpl.upsertRegistration(..) at 2026-01-14T12:38:59.022588700 with args [4, 7, DARK, null, null, null, false]
2026-01-14 12:38:59 [http-nio-8080-exec-8] INFO  AUDIT_LOGGER - START SmsMessageBuilder.buildMessageRegistration(..) at 2026-01-14T12:38:59.206423200 with args [cz.phsoft.hokej.data.entities.MatchRegistrationEntity@4796aab]
2026-01-14 12:38:59 [http-nio-8080-exec-8] INFO  AUDIT_LOGGER - END buildMessageRegistration - userId=null playerId=7 returned [app_hokej - datum: 2025-12-12, 1/12, hráč: Hráč_7 Sedm, status: přihlásil se k zápasu] at 2026-01-14T12:38:59.271099200
2026-01-14 12:38:59 [http-nio-8080-exec-8] INFO  AUDIT_LOGGER - START SmsTextBeeService.sendSms(..) at 2026-01-14T12:38:59.271099200 with args [+420776609956, app_hokej - datum: 2025-12-12, 1/12, hráč: Hráč_7 Sedm, status: přihlásil se k zápasu]
2026-01-14 12:38:59 [http-nio-8080-exec-8] INFO  AUDIT_LOGGER - END sendSms - userId=null playerId=null returned [null] at 2026-01-14T12:38:59.273100900
2026-01-14 12:38:59 [http-nio-8080-exec-8] INFO  AUDIT_LOGGER - END upsertRegistration - userId=null playerId=null returned [cz.phsoft.hokej.models.dto.MatchRegistrationDTO@5b55faa7] at 2026-01-14T12:38:59.275102500
2026-01-14 12:39:29 [http-nio-8080-exec-7] INFO  AUDIT_LOGGER - START PlayerServiceImpl.getPlayersByUser(..) at 2026-01-14T12:39:29.044482 with args [player8@example.com]
2026-01-14 12:39:29 [http-nio-8080-exec-7] INFO  AUDIT_LOGGER - END getPlayersByUser - userId=null playerId=null returned [[cz.phsoft.hokej.models.dto.PlayerDTO@3458ecc3]] at 2026-01-14T12:39:29.052483500
2026-01-14 12:39:34 [http-nio-8080-exec-10] INFO  AUDIT_LOGGER - START PlayerServiceImpl.getPlayerById(..) at 2026-01-14T12:39:34.909935400 with args [8]
2026-01-14 12:39:34 [http-nio-8080-exec-10] INFO  AUDIT_LOGGER - END getPlayerById - userId=null playerId=null returned [cz.phsoft.hokej.models.dto.PlayerDTO@fffc834] at 2026-01-14T12:39:34.913936600
2026-01-14 12:39:43 [http-nio-8080-exec-1] INFO  AUDIT_LOGGER - START MatchRegistrationServiceImpl.upsertRegistration(..) at 2026-01-14T12:39:43.814685900 with args [4, 8, DARK, null, null, null, false]
2026-01-14 12:39:43 [http-nio-8080-exec-1] INFO  AUDIT_LOGGER - START SmsMessageBuilder.buildMessageRegistration(..) at 2026-01-14T12:39:43.878166100 with args [cz.phsoft.hokej.data.entities.MatchRegistrationEntity@1bf06bfc]
2026-01-14 12:39:43 [http-nio-8080-exec-1] INFO  AUDIT_LOGGER - END buildMessageRegistration - userId=null playerId=8 returned [app_hokej - datum: 2025-12-12, 2/12, hráč: Hráč_8 Osum, status: přihlásil se k zápasu] at 2026-01-14T12:39:43.883944900
2026-01-14 12:39:43 [http-nio-8080-exec-1] INFO  AUDIT_LOGGER - START SmsTextBeeService.sendSms(..) at 2026-01-14T12:39:43.883944900 with args [+420776609956, app_hokej - datum: 2025-12-12, 2/12, hráč: Hráč_8 Osum, status: přihlásil se k zápasu]
2026-01-14 12:39:43 [http-nio-8080-exec-1] INFO  AUDIT_LOGGER - END sendSms - userId=null playerId=null returned [null] at 2026-01-14T12:39:43.884947
2026-01-14 12:39:43 [http-nio-8080-exec-1] INFO  AUDIT_LOGGER - END upsertRegistration - userId=null playerId=null returned [cz.phsoft.hokej.models.dto.MatchRegistrationDTO@36c8d4ad] at 2026-01-14T12:39:43.884947
2026-01-14 12:39:52 [http-nio-8080-exec-2] INFO  AUDIT_LOGGER - START MatchRegistrationServiceImpl.getRegistrationsForPlayer(..) at 2026-01-14T12:39:52.936423100 with args [8]
2026-01-14 12:39:52 [http-nio-8080-exec-2] INFO  AUDIT_LOGGER - END getRegistrationsForPlayer - userId=null playerId=null returned [[cz.phsoft.hokej.models.dto.MatchRegistrationDTO@5249a5d0]] at 2026-01-14T12:39:52.945426
