2026-01-13 10:41:22 [http-nio-8080-exec-7] INFO  AUDIT_LOGGER - START PlayerServiceImpl.getAllPlayers() at 2026-01-13T10:41:22.939286200 with args []
2026-01-13 10:41:23 [http-nio-8080-exec-7] INFO  AUDIT_LOGGER - END getAllPlayers - userId=null playerId=null returned [[cz.phsoft.hokej.models.dto.PlayerDTO@6349b6f9, cz.phsoft.hokej.models.dto.PlayerDTO@3f863e4d, cz.phsoft.hokej.models.dto.PlayerDTO@1099888e, cz.phsoft.hokej.models.dto.PlayerDTO@dbf7782, cz.phsoft.hokej.models.dto.PlayerDTO@23efe6b2, cz.phsoft.hokej.models.dto.PlayerDTO@2d95c0d4, cz.phsoft.hokej.models.dto.PlayerDTO@7194e010, cz.phsoft.hokej.models.dto.PlayerDTO@7e19ac7, cz.phsoft.hokej.models.dto.PlayerDTO@5b6726ff, cz.phsoft.hokej.models.dto.PlayerDTO@5877ce27]] at 2026-01-13T10:41:23.073974200
2026-01-13 10:49:39 [http-nio-8080-exec-6] INFO  AUDIT_LOGGER - START MatchServiceImpl.getAllMatches() at 2026-01-13T10:49:39.989428600 with args []
2026-01-13 10:49:40 [http-nio-8080-exec-6] INFO  AUDIT_LOGGER - END getAllMatches - userId=null playerId=null returned [[cz.phsoft.hokej.models.dto.MatchDTO@56012396, cz.phsoft.hokej.models.dto.MatchDTO@580349a, cz.phsoft.hokej.models.dto.MatchDTO@43eb6a2a, cz.phsoft.hokej.models.dto.MatchDTO@2a8fc0b9, cz.phsoft.hokej.models.dto.MatchDTO@75cd4bed, cz.phsoft.hokej.models.dto.MatchDTO@71ed852a, cz.phsoft.hokej.models.dto.MatchDTO@694f0b07, cz.phsoft.hokej.models.dto.MatchDTO@3d91849f, cz.phsoft.hokej.models.dto.MatchDTO@221c32e3, cz.phsoft.hokej.models.dto.MatchDTO@3fc5275f, cz.phsoft.hokej.models.dto.MatchDTO@2ec30493]] at 2026-01-13T10:49:40.017005300
2026-01-13 11:42:45 [http-nio-8080-exec-7] INFO  AUDIT_LOGGER - START AppUserServiceImpl.getCurrentUser(..) at 2026-01-13T11:42:45.768759900 with args [player1@example.com]
2026-01-13 11:42:45 [http-nio-8080-exec-7] INFO  AUDIT_LOGGER - END getCurrentUser - userId=null playerId=null returned [cz.phsoft.hokej.models.dto.AppUserDTO@3edbe026] at 2026-01-13T11:42:45.840474
2026-01-13 11:42:59 [http-nio-8080-exec-9] INFO  AUDIT_LOGGER - START AppUserServiceImpl.getCurrentUser(..) at 2026-01-13T11:42:59.489063700 with args [player1@example.com]
2026-01-13 11:42:59 [http-nio-8080-exec-9] INFO  AUDIT_LOGGER - END getCurrentUser - userId=null playerId=null returned [cz.phsoft.hokej.models.dto.AppUserDTO@49c41da8] at 2026-01-13T11:42:59.495061400
2026-01-13 11:54:39 [http-nio-8080-exec-3] INFO  AUDIT_LOGGER - START MatchServiceImpl.getAllMatches() at 2026-01-13T11:54:39.803045200 with args []
2026-01-13 11:54:39 [http-nio-8080-exec-3] INFO  AUDIT_LOGGER - END getAllMatches - userId=null playerId=null returned [[cz.phsoft.hokej.models.dto.MatchDTO@7693894d, cz.phsoft.hokej.models.dto.MatchDTO@584ce169, cz.phsoft.hokej.models.dto.MatchDTO@1ac54251, cz.phsoft.hokej.models.dto.MatchDTO@5384da92, cz.phsoft.hokej.models.dto.MatchDTO@39b7e84e, cz.phsoft.hokej.models.dto.MatchDTO@64f11b8, cz.phsoft.hokej.models.dto.MatchDTO@36280cea, cz.phsoft.hokej.models.dto.MatchDTO@430d00f7, cz.phsoft.hokej.models.dto.MatchDTO@45fe7540, cz.phsoft.hokej.models.dto.MatchDTO@3b427e96, cz.phsoft.hokej.models.dto.MatchDTO@4dfb7a48]] at 2026-01-13T11:54:39.830894700
2026-01-13 11:54:51 [http-nio-8080-exec-4] INFO  AUDIT_LOGGER - START AppUserServiceImpl.getCurrentUser(..) at 2026-01-13T11:54:51.572378600 with args [player1@example.com]
2026-01-13 11:54:51 [http-nio-8080-exec-4] INFO  AUDIT_LOGGER - END getCurrentUser - userId=null playerId=null returned [cz.phsoft.hokej.models.dto.AppUserDTO@45435805] at 2026-01-13T11:54:51.598381
2026-01-13 12:05:16 [http-nio-8080-exec-3] INFO  AUDIT_LOGGER - START AppUserServiceImpl.register(..) at 2026-01-13T12:05:16.772621200 with args [cz.phsoft.hokej.models.dto.RegisterUserDTO@65936099]
2026-01-13 12:05:31 [http-nio-8080-exec-6] INFO  AUDIT_LOGGER - START AppUserServiceImpl.register(..) at 2026-01-13T12:05:31.843972 with args [cz.phsoft.hokej.models.dto.RegisterUserDTO@6465126b]
2026-01-13 12:05:32 [http-nio-8080-exec-6] INFO  AUDIT_LOGGER - END register - userId=null playerId=null returned [null] at 2026-01-13T12:05:32.288286600
2026-01-13 12:46:04 [http-nio-8080-exec-4] INFO  AUDIT_LOGGER - START AppUserServiceImpl.getCurrentUser(..) at 2026-01-13T12:46:04.721438 with args [player1@example.com]
2026-01-13 12:46:04 [http-nio-8080-exec-4] INFO  AUDIT_LOGGER - END getCurrentUser - userId=null playerId=null returned [cz.phsoft.hokej.models.dto.AppUserDTO@24fc756b] at 2026-01-13T12:46:04.774437100
2026-01-13 12:46:37 [http-nio-8080-exec-3] INFO  AUDIT_LOGGER - START PlayerServiceImpl.getPlayersByUser(..) at 2026-01-13T12:46:37.537927200 with args [player1@example.com]
2026-01-13 12:46:37 [http-nio-8080-exec-3] INFO  AUDIT_LOGGER - END getPlayersByUser - userId=null playerId=null returned [[cz.phsoft.hokej.models.dto.PlayerDTO@66b0f952]] at 2026-01-13T12:46:37.548333600
2026-01-13 12:47:00 [http-nio-8080-exec-7] INFO  AUDIT_LOGGER - START PlayerServiceImpl.getPlayersByUser(..) at 2026-01-13T12:47:00.644238200 with args [player5@example.com]
2026-01-13 12:47:00 [http-nio-8080-exec-7] INFO  AUDIT_LOGGER - END getPlayersByUser - userId=null playerId=null returned [[cz.phsoft.hokej.models.dto.PlayerDTO@6a3498d8]] at 2026-01-13T12:47:00.654239
2026-01-13 12:47:06 [http-nio-8080-exec-8] INFO  AUDIT_LOGGER - START AppUserServiceImpl.getCurrentUser(..) at 2026-01-13T12:47:06.657018200 with args [player5@example.com]
2026-01-13 12:47:06 [http-nio-8080-exec-8] INFO  AUDIT_LOGGER - END getCurrentUser - userId=null playerId=null returned [cz.phsoft.hokej.models.dto.AppUserDTO@421100ab] at 2026-01-13T12:47:06.667023100
2026-01-13 12:48:09 [http-nio-8080-exec-1] INFO  AUDIT_LOGGER - START AppUserServiceImpl.getCurrentUser(..) at 2026-01-13T12:48:09.135717100 with args [Hráč11@example.com]
2026-01-13 12:48:09 [http-nio-8080-exec-1] INFO  AUDIT_LOGGER - END getCurrentUser - userId=null playerId=null returned [cz.phsoft.hokej.models.dto.AppUserDTO@27d26e28] at 2026-01-13T12:48:09.157715600
2026-01-13 12:48:15 [http-nio-8080-exec-2] INFO  AUDIT_LOGGER - START PlayerServiceImpl.getPlayersByUser(..) at 2026-01-13T12:48:15.104181400 with args [Hráč11@example.com]
2026-01-13 12:48:15 [http-nio-8080-exec-2] INFO  AUDIT_LOGGER - END getPlayersByUser - userId=null playerId=null returned [[]] at 2026-01-13T12:48:15.110183700
2026-01-13 12:49:46 [http-nio-8080-exec-6] INFO  AUDIT_LOGGER - START PlayerServiceImpl.createPlayerForUser(..) at 2026-01-13T12:49:46.253475700 with args [cz.phsoft.hokej.models.dto.PlayerDTO@66c38d9d, Hráč11@example.com]
2026-01-13 12:49:46 [http-nio-8080-exec-6] INFO  AUDIT_LOGGER - END createPlayerForUser - userId=null playerId=null returned [cz.phsoft.hokej.models.dto.PlayerDTO@56ffe3e0] at 2026-01-13T12:49:46.367381900
2026-01-13 12:49:52 [http-nio-8080-exec-7] INFO  AUDIT_LOGGER - START AppUserServiceImpl.getCurrentUser(..) at 2026-01-13T12:49:52.818096100 with args [Hráč11@example.com]
2026-01-13 12:49:52 [http-nio-8080-exec-7] INFO  AUDIT_LOGGER - END getCurrentUser - userId=null playerId=null returned [cz.phsoft.hokej.models.dto.AppUserDTO@67d34ebc] at 2026-01-13T12:49:52.826335100
2026-01-13 12:49:58 [http-nio-8080-exec-8] INFO  AUDIT_LOGGER - START PlayerServiceImpl.getPlayersByUser(..) at 2026-01-13T12:49:58.146863100 with args [Hráč11@example.com]
2026-01-13 12:49:58 [http-nio-8080-exec-8] INFO  AUDIT_LOGGER - END getPlayersByUser - userId=null playerId=null returned [[cz.phsoft.hokej.models.dto.PlayerDTO@2db05191]] at 2026-01-13T12:49:58.156861500
2026-01-13 12:50:31 [http-nio-8080-exec-9] INFO  AUDIT_LOGGER - START PlayerServiceImpl.createPlayerForUser(..) at 2026-01-13T12:50:31.689620400 with args [cz.phsoft.hokej.models.dto.PlayerDTO@2c7cef29, Hráč11@example.com]
2026-01-13 12:50:31 [http-nio-8080-exec-9] INFO  AUDIT_LOGGER - END createPlayerForUser - userId=null playerId=null returned [cz.phsoft.hokej.models.dto.PlayerDTO@69819aa5] at 2026-01-13T12:50:31.710587200
2026-01-13 12:50:37 [http-nio-8080-exec-10] INFO  AUDIT_LOGGER - START AppUserServiceImpl.getCurrentUser(..) at 2026-01-13T12:50:37.298486800 with args [Hráč11@example.com]
2026-01-13 12:50:37 [http-nio-8080-exec-10] INFO  AUDIT_LOGGER - END getCurrentUser - userId=null playerId=null returned [cz.phsoft.hokej.models.dto.AppUserDTO@1cd0b8f4] at 2026-01-13T12:50:37.306486500
2026-01-13 12:50:43 [http-nio-8080-exec-1] INFO  AUDIT_LOGGER - START PlayerServiceImpl.getPlayersByUser(..) at 2026-01-13T12:50:43.751478 with args [Hráč11@example.com]
2026-01-13 12:50:43 [http-nio-8080-exec-1] INFO  AUDIT_LOGGER - END getPlayersByUser - userId=null playerId=null returned [[cz.phsoft.hokej.models.dto.PlayerDTO@1bae066f, cz.phsoft.hokej.models.dto.PlayerDTO@2b5af02d]] at 2026-01-13T12:50:43.759737100
2026-01-13 14:02:57 [http-nio-8080-exec-4] INFO  AUDIT_LOGGER - START AppUserServiceImpl.getCurrentUser(..) at 2026-01-13T14:02:57.496723100 with args [Hráč11@example.com]
2026-01-13 14:02:57 [http-nio-8080-exec-4] INFO  AUDIT_LOGGER - END getCurrentUser - userId=null playerId=null returned [cz.phsoft.hokej.models.dto.AppUserDTO@7fae2989] at 2026-01-13T14:02:57.530479300
2026-01-13 14:03:05 [http-nio-8080-exec-5] INFO  AUDIT_LOGGER - START PlayerServiceImpl.getPlayersByUser(..) at 2026-01-13T14:03:05.231138700 with args [Hráč11@example.com]
2026-01-13 14:03:05 [http-nio-8080-exec-5] INFO  AUDIT_LOGGER - END getPlayersByUser - userId=null playerId=null returned [[cz.phsoft.hokej.models.dto.PlayerDTO@2605166, cz.phsoft.hokej.models.dto.PlayerDTO@63de42ed]] at 2026-01-13T14:03:05.242140
2026-01-13 14:20:26 [http-nio-8080-exec-5] INFO  AUDIT_LOGGER - START AppUserServiceImpl.getCurrentUser(..) at 2026-01-13T14:20:26.219920900 with args [Hráč11@example.com]
2026-01-13 14:20:26 [http-nio-8080-exec-5] INFO  AUDIT_LOGGER - END getCurrentUser - userId=null playerId=null returned [cz.phsoft.hokej.models.dto.AppUserDTO@4232e109] at 2026-01-13T14:20:26.256931400
2026-01-13 14:20:32 [http-nio-8080-exec-6] INFO  AUDIT_LOGGER - START PlayerServiceImpl.getPlayersByUser(..) at 2026-01-13T14:20:32.224733400 with args [Hráč11@example.com]
2026-01-13 14:20:32 [http-nio-8080-exec-6] INFO  AUDIT_LOGGER - END getPlayersByUser - userId=null playerId=null returned [[cz.phsoft.hokej.models.dto.PlayerDTO@5d79ac6d, cz.phsoft.hokej.models.dto.PlayerDTO@5780533e]] at 2026-01-13T14:20:32.242258500
2026-01-13 14:40:00 [scheduling-1] INFO  AUDIT_LOGGER - START SmsSchedulerService.sendNoResponseSmsForMatchesIn3Days() at 2026-01-13T14:40:00.048307100 with args []
2026-01-13 14:40:00 [scheduling-1] INFO  AUDIT_LOGGER - START MatchRegistrationServiceImpl.getNoResponsePlayers(..) at 2026-01-13T14:40:00.127523200 with args [9]
2026-01-13 14:40:00 [scheduling-1] INFO  AUDIT_LOGGER - END getNoResponsePlayers - userId=null playerId=null returned [[cz.phsoft.hokej.models.dto.PlayerDTO@b93def6, cz.phsoft.hokej.models.dto.PlayerDTO@e7c12b9, cz.phsoft.hokej.models.dto.PlayerDTO@1bdf16b3, cz.phsoft.hokej.models.dto.PlayerDTO@59c4654a, cz.phsoft.hokej.models.dto.PlayerDTO@4c3574ea, cz.phsoft.hokej.models.dto.PlayerDTO@22b24e0f, cz.phsoft.hokej.models.dto.PlayerDTO@41bbae64, cz.phsoft.hokej.models.dto.PlayerDTO@3baf7d2c, cz.phsoft.hokej.models.dto.PlayerDTO@5cdadc97, cz.phsoft.hokej.models.dto.PlayerDTO@6ca82335, cz.phsoft.hokej.models.dto.PlayerDTO@70fc784a, cz.phsoft.hokej.models.dto.PlayerDTO@307a2d64]] at 2026-01-13T14:40:00.240948
2026-01-13 14:40:00 [scheduling-1] INFO  AUDIT_LOGGER - START SmsMessageBuilder.buildMessageNoResponse(..) at 2026-01-13T14:40:00.241976100 with args [cz.phsoft.hokej.models.dto.PlayerDTO@b93def6, cz.phsoft.hokej.data.entities.MatchEntity@283dd46d]
2026-01-13 14:40:00 [scheduling-1] INFO  AUDIT_LOGGER - END buildMessageNoResponse - userId=null playerId=null returned [app_hokej - upozornění: zápas 2026-01-16 - volná místa: 12. Ještě jste nereagoval.] at 2026-01-13T14:40:00.251980100
2026-01-13 14:40:00 [scheduling-1] INFO  AUDIT_LOGGER - START SmsTextBeeService.sendSms(..) at 2026-01-13T14:40:00.251980100 with args [+420776609956, app_hokej - upozornění: zápas 2026-01-16 - volná místa: 12. Ještě jste nereagoval.]
2026-01-13 14:40:00 [scheduling-1] INFO  AUDIT_LOGGER - END sendSms - userId=null playerId=null returned [null] at 2026-01-13T14:40:00.253952800
2026-01-13 14:40:00 [scheduling-1] INFO  AUDIT_LOGGER - START SmsMessageBuilder.buildMessageNoResponse(..) at 2026-01-13T14:40:00.254953700 with args [cz.phsoft.hokej.models.dto.PlayerDTO@e7c12b9, cz.phsoft.hokej.data.entities.MatchEntity@283dd46d]
2026-01-13 14:40:00 [scheduling-1] INFO  AUDIT_LOGGER - END buildMessageNoResponse - userId=null playerId=null returned [app_hokej - upozornění: zápas 2026-01-16 - volná místa: 12. Ještě jste nereagoval.] at 2026-01-13T14:40:00.259961300
2026-01-13 14:40:00 [scheduling-1] INFO  AUDIT_LOGGER - START SmsTextBeeService.sendSms(..) at 2026-01-13T14:40:00.261100900 with args [+420776609956, app_hokej - upozornění: zápas 2026-01-16 - volná místa: 12. Ještě jste nereagoval.]
2026-01-13 14:40:00 [scheduling-1] INFO  AUDIT_LOGGER - END sendSms - userId=null playerId=null returned [null] at 2026-01-13T14:40:00.261100900
2026-01-13 14:40:00 [scheduling-1] INFO  AUDIT_LOGGER - START SmsMessageBuilder.buildMessageNoResponse(..) at 2026-01-13T14:40:00.261100900 with args [cz.phsoft.hokej.models.dto.PlayerDTO@1bdf16b3, cz.phsoft.hokej.data.entities.MatchEntity@283dd46d]
2026-01-13 14:40:00 [scheduling-1] INFO  AUDIT_LOGGER - END buildMessageNoResponse - userId=null playerId=null returned [app_hokej - upozornění: zápas 2026-01-16 - volná místa: 12. Ještě jste nereagoval.] at 2026-01-13T14:40:00.266110800
2026-01-13 14:40:00 [scheduling-1] INFO  AUDIT_LOGGER - START SmsTextBeeService.sendSms(..) at 2026-01-13T14:40:00.266110800 with args [+420776609956, app_hokej - upozornění: zápas 2026-01-16 - volná místa: 12. Ještě jste nereagoval.]
2026-01-13 14:40:00 [scheduling-1] INFO  AUDIT_LOGGER - END sendSms - userId=null playerId=null returned [null] at 2026-01-13T14:40:00.267110800
2026-01-13 14:40:00 [scheduling-1] INFO  AUDIT_LOGGER - START SmsMessageBuilder.buildMessageNoResponse(..) at 2026-01-13T14:40:00.267110800 with args [cz.phsoft.hokej.models.dto.PlayerDTO@59c4654a, cz.phsoft.hokej.data.entities.MatchEntity@283dd46d]
2026-01-13 14:40:00 [scheduling-1] INFO  AUDIT_LOGGER - END buildMessageNoResponse - userId=null playerId=null returned [app_hokej - upozornění: zápas 2026-01-16 - volná místa: 12. Ještě jste nereagoval.] at 2026-01-13T14:40:00.273107600
2026-01-13 14:40:00 [scheduling-1] INFO  AUDIT_LOGGER - START SmsTextBeeService.sendSms(..) at 2026-01-13T14:40:00.274110400 with args [+420776609956, app_hokej - upozornění: zápas 2026-01-16 - volná místa: 12. Ještě jste nereagoval.]
2026-01-13 14:40:00 [scheduling-1] INFO  AUDIT_LOGGER - END sendSms - userId=null playerId=null returned [null] at 2026-01-13T14:40:00.275110100
2026-01-13 14:40:00 [scheduling-1] INFO  AUDIT_LOGGER - START SmsMessageBuilder.buildMessageNoResponse(..) at 2026-01-13T14:40:00.276109400 with args [cz.phsoft.hokej.models.dto.PlayerDTO@4c3574ea, cz.phsoft.hokej.data.entities.MatchEntity@283dd46d]
2026-01-13 14:40:00 [scheduling-1] INFO  AUDIT_LOGGER - END buildMessageNoResponse - userId=null playerId=null returned [app_hokej - upozornění: zápas 2026-01-16 - volná místa: 12. Ještě jste nereagoval.] at 2026-01-13T14:40:00.281108100
2026-01-13 14:40:00 [scheduling-1] INFO  AUDIT_LOGGER - START SmsTextBeeService.sendSms(..) at 2026-01-13T14:40:00.281108100 with args [+420776609956, app_hokej - upozornění: zápas 2026-01-16 - volná místa: 12. Ještě jste nereagoval.]
2026-01-13 14:40:00 [scheduling-1] INFO  AUDIT_LOGGER - END sendSms - userId=null playerId=null returned [null] at 2026-01-13T14:40:00.281108100
2026-01-13 14:40:00 [scheduling-1] INFO  AUDIT_LOGGER - START SmsMessageBuilder.buildMessageNoResponse(..) at 2026-01-13T14:40:00.282106400 with args [cz.phsoft.hokej.models.dto.PlayerDTO@22b24e0f, cz.phsoft.hokej.data.entities.MatchEntity@283dd46d]
2026-01-13 14:40:00 [scheduling-1] INFO  AUDIT_LOGGER - END buildMessageNoResponse - userId=null playerId=null returned [app_hokej - upozornění: zápas 2026-01-16 - volná místa: 12. Ještě jste nereagoval.] at 2026-01-13T14:40:00.287109100
2026-01-13 14:40:00 [scheduling-1] INFO  AUDIT_LOGGER - START SmsTextBeeService.sendSms(..) at 2026-01-13T14:40:00.287109100 with args [+420776609956, app_hokej - upozornění: zápas 2026-01-16 - volná místa: 12. Ještě jste nereagoval.]
2026-01-13 14:40:00 [scheduling-1] INFO  AUDIT_LOGGER - END sendSms - userId=null playerId=null returned [null] at 2026-01-13T14:40:00.288105800
2026-01-13 14:40:00 [scheduling-1] INFO  AUDIT_LOGGER - START SmsMessageBuilder.buildMessageNoResponse(..) at 2026-01-13T14:40:00.288105800 with args [cz.phsoft.hokej.models.dto.PlayerDTO@41bbae64, cz.phsoft.hokej.data.entities.MatchEntity@283dd46d]
2026-01-13 14:40:00 [scheduling-1] INFO  AUDIT_LOGGER - END buildMessageNoResponse - userId=null playerId=null returned [app_hokej - upozornění: zápas 2026-01-16 - volná místa: 12. Ještě jste nereagoval.] at 2026-01-13T14:40:00.294359
2026-01-13 14:40:00 [scheduling-1] INFO  AUDIT_LOGGER - START SmsTextBeeService.sendSms(..) at 2026-01-13T14:40:00.294359 with args [+420776609956, app_hokej - upozornění: zápas 2026-01-16 - volná místa: 12. Ještě jste nereagoval.]
2026-01-13 14:40:00 [scheduling-1] INFO  AUDIT_LOGGER - END sendSms - userId=null playerId=null returned [null] at 2026-01-13T14:40:00.294359
2026-01-13 14:40:00 [scheduling-1] INFO  AUDIT_LOGGER - START SmsMessageBuilder.buildMessageNoResponse(..) at 2026-01-13T14:40:00.295359400 with args [cz.phsoft.hokej.models.dto.PlayerDTO@3baf7d2c, cz.phsoft.hokej.data.entities.MatchEntity@283dd46d]
2026-01-13 14:40:00 [scheduling-1] INFO  AUDIT_LOGGER - END buildMessageNoResponse - userId=null playerId=null returned [app_hokej - upozornění: zápas 2026-01-16 - volná místa: 12. Ještě jste nereagoval.] at 2026-01-13T14:40:00.301362800
2026-01-13 14:40:00 [scheduling-1] INFO  AUDIT_LOGGER - START SmsTextBeeService.sendSms(..) at 2026-01-13T14:40:00.301362800 with args [+420776609956, app_hokej - upozornění: zápas 2026-01-16 - volná místa: 12. Ještě jste nereagoval.]
2026-01-13 14:40:00 [scheduling-1] INFO  AUDIT_LOGGER - END sendSms - userId=null playerId=null returned [null] at 2026-01-13T14:40:00.302361200
2026-01-13 14:40:00 [scheduling-1] INFO  AUDIT_LOGGER - START SmsMessageBuilder.buildMessageNoResponse(..) at 2026-01-13T14:40:00.302361200 with args [cz.phsoft.hokej.models.dto.PlayerDTO@5cdadc97, cz.phsoft.hokej.data.entities.MatchEntity@283dd46d]
2026-01-13 14:40:00 [scheduling-1] INFO  AUDIT_LOGGER - END buildMessageNoResponse - userId=null playerId=null returned [app_hokej - upozornění: zápas 2026-01-16 - volná místa: 12. Ještě jste nereagoval.] at 2026-01-13T14:40:00.308056500
2026-01-13 14:40:00 [scheduling-1] INFO  AUDIT_LOGGER - START SmsTextBeeService.sendSms(..) at 2026-01-13T14:40:00.309056400 with args [+420776609956, app_hokej - upozornění: zápas 2026-01-16 - volná místa: 12. Ještě jste nereagoval.]
2026-01-13 14:40:00 [scheduling-1] INFO  AUDIT_LOGGER - END sendSms - userId=null playerId=null returned [null] at 2026-01-13T14:40:00.309056400
2026-01-13 14:40:00 [scheduling-1] INFO  AUDIT_LOGGER - START SmsMessageBuilder.buildMessageNoResponse(..) at 2026-01-13T14:40:00.310055700 with args [cz.phsoft.hokej.models.dto.PlayerDTO@6ca82335, cz.phsoft.hokej.data.entities.MatchEntity@283dd46d]
2026-01-13 14:40:00 [scheduling-1] INFO  AUDIT_LOGGER - END buildMessageNoResponse - userId=null playerId=null returned [app_hokej - upozornění: zápas 2026-01-16 - volná místa: 12. Ještě jste nereagoval.] at 2026-01-13T14:40:00.317060100
2026-01-13 14:40:00 [scheduling-1] INFO  AUDIT_LOGGER - START SmsTextBeeService.sendSms(..) at 2026-01-13T14:40:00.317060100 with args [+420776609956, app_hokej - upozornění: zápas 2026-01-16 - volná místa: 12. Ještě jste nereagoval.]
2026-01-13 14:40:00 [scheduling-1] INFO  AUDIT_LOGGER - END sendSms - userId=null playerId=null returned [null] at 2026-01-13T14:40:00.318055900
2026-01-13 14:40:00 [scheduling-1] INFO  AUDIT_LOGGER - START SmsMessageBuilder.buildMessageNoResponse(..) at 2026-01-13T14:40:00.318055900 with args [cz.phsoft.hokej.models.dto.PlayerDTO@70fc784a, cz.phsoft.hokej.data.entities.MatchEntity@283dd46d]
2026-01-13 14:40:00 [scheduling-1] INFO  AUDIT_LOGGER - END buildMessageNoResponse - userId=null playerId=null returned [app_hokej - upozornění: zápas 2026-01-16 - volná místa: 12. Ještě jste nereagoval.] at 2026-01-13T14:40:00.321201
2026-01-13 14:40:00 [scheduling-1] INFO  AUDIT_LOGGER - START SmsTextBeeService.sendSms(..) at 2026-01-13T14:40:00.321201 with args [+420776609956, app_hokej - upozornění: zápas 2026-01-16 - volná místa: 12. Ještě jste nereagoval.]
2026-01-13 14:40:00 [scheduling-1] INFO  AUDIT_LOGGER - END sendSms - userId=null playerId=null returned [null] at 2026-01-13T14:40:00.321201
2026-01-13 14:40:00 [scheduling-1] INFO  AUDIT_LOGGER - START SmsMessageBuilder.buildMessageNoResponse(..) at 2026-01-13T14:40:00.321201 with args [cz.phsoft.hokej.models.dto.PlayerDTO@307a2d64, cz.phsoft.hokej.data.entities.MatchEntity@283dd46d]
2026-01-13 14:40:00 [scheduling-1] INFO  AUDIT_LOGGER - END buildMessageNoResponse - userId=null playerId=null returned [app_hokej - upozornění: zápas 2026-01-16 - volná místa: 12. Ještě jste nereagoval.] at 2026-01-13T14:40:00.336826
2026-01-13 14:40:00 [scheduling-1] INFO  AUDIT_LOGGER - START SmsTextBeeService.sendSms(..) at 2026-01-13T14:40:00.336826 with args [+420776609956, app_hokej - upozornění: zápas 2026-01-16 - volná místa: 12. Ještě jste nereagoval.]
2026-01-13 14:40:00 [scheduling-1] INFO  AUDIT_LOGGER - END sendSms - userId=null playerId=null returned [null] at 2026-01-13T14:40:00.336826
2026-01-13 14:40:00 [scheduling-1] INFO  AUDIT_LOGGER - END sendNoResponseSmsForMatchesIn3Days - userId=null playerId=null returned [null] at 2026-01-13T14:40:00.336826
