2026-01-19 09:42:47 [http-nio-8080-exec-9] INFO  AUDIT_LOGGER - START AppUserServiceImpl.changePassword(..) at 2026-01-19T09:42:47.396426200 with args [player5@example.com, Player123, Heslo123, Heslo123]
2026-01-19 09:42:47 [http-nio-8080-exec-9] INFO  AUDIT_LOGGER - END changePassword - userId=null playerId=null returned [null] at 2026-01-19T09:42:47.874525400
2026-01-19 09:45:02 [http-nio-8080-exec-4] INFO  AUDIT_LOGGER - START AppUserServiceImpl.resetPassword(..) at 2026-01-19T09:45:02.251652800 with args [6]
2026-01-19 09:45:02 [http-nio-8080-exec-4] INFO  AUDIT_LOGGER - END resetPassword - userId=null playerId=null returned [null] at 2026-01-19T09:45:02.477148800
2026-01-19 10:00:00 [http-nio-8080-exec-2] INFO  AUDIT_LOGGER - START PlayerServiceImpl.getAllPlayers() at 2026-01-19T10:00:00.498324500 with args []
2026-01-19 10:00:00 [http-nio-8080-exec-2] INFO  AUDIT_LOGGER - END getAllPlayers - userId=null playerId=null returned [[cz.phsoft.hokej.models.dto.PlayerDTO@1c1182a1, cz.phsoft.hokej.models.dto.PlayerDTO@1ae2b99f, cz.phsoft.hokej.models.dto.PlayerDTO@7fc7476d, cz.phsoft.hokej.models.dto.PlayerDTO@5e640e83, cz.phsoft.hokej.models.dto.PlayerDTO@4e709b64, cz.phsoft.hokej.models.dto.PlayerDTO@41d1ed74, cz.phsoft.hokej.models.dto.PlayerDTO@4e8360c, cz.phsoft.hokej.models.dto.PlayerDTO@7a062004, cz.phsoft.hokej.models.dto.PlayerDTO@30e73f9b, cz.phsoft.hokej.models.dto.PlayerDTO@7e93cebe, cz.phsoft.hokej.models.dto.PlayerDTO@3b0edf36, cz.phsoft.hokej.models.dto.PlayerDTO@7043de53, cz.phsoft.hokej.models.dto.PlayerDTO@79512c27]] at 2026-01-19T10:00:00.599327900
2026-01-19 10:00:00 [http-nio-8080-exec-3] INFO  AUDIT_LOGGER - START PlayerServiceImpl.getAllPlayers() at 2026-01-19T10:00:00.757979100 with args []
2026-01-19 10:00:00 [http-nio-8080-exec-3] INFO  AUDIT_LOGGER - END getAllPlayers - userId=null playerId=null returned [[cz.phsoft.hokej.models.dto.PlayerDTO@3e009547, cz.phsoft.hokej.models.dto.PlayerDTO@3fe0c406, cz.phsoft.hokej.models.dto.PlayerDTO@683dd386, cz.phsoft.hokej.models.dto.PlayerDTO@647352e2, cz.phsoft.hokej.models.dto.PlayerDTO@5e635986, cz.phsoft.hokej.models.dto.PlayerDTO@671a76b8, cz.phsoft.hokej.models.dto.PlayerDTO@61bd383e, cz.phsoft.hokej.models.dto.PlayerDTO@1fa792a9, cz.phsoft.hokej.models.dto.PlayerDTO@5bcc47b2, cz.phsoft.hokej.models.dto.PlayerDTO@6fd755c5, cz.phsoft.hokej.models.dto.PlayerDTO@6723fcc9, cz.phsoft.hokej.models.dto.PlayerDTO@44b2185e, cz.phsoft.hokej.models.dto.PlayerDTO@7d7a26ad]] at 2026-01-19T10:00:00.788986
2026-01-19 10:00:09 [http-nio-8080-exec-6] INFO  AUDIT_LOGGER - START PlayerServiceImpl.getAllPlayers() at 2026-01-19T10:00:09.471451400 with args []
2026-01-19 10:00:09 [http-nio-8080-exec-6] INFO  AUDIT_LOGGER - END getAllPlayers - userId=null playerId=null returned [[cz.phsoft.hokej.models.dto.PlayerDTO@17f8f11d, cz.phsoft.hokej.models.dto.PlayerDTO@4a37110b, cz.phsoft.hokej.models.dto.PlayerDTO@2c414c14, cz.phsoft.hokej.models.dto.PlayerDTO@6e7c7c7e, cz.phsoft.hokej.models.dto.PlayerDTO@3edc18b5, cz.phsoft.hokej.models.dto.PlayerDTO@4c91f92c, cz.phsoft.hokej.models.dto.PlayerDTO@6a163d46, cz.phsoft.hokej.models.dto.PlayerDTO@670433f6, cz.phsoft.hokej.models.dto.PlayerDTO@39439613, cz.phsoft.hokej.models.dto.PlayerDTO@7ad8508e, cz.phsoft.hokej.models.dto.PlayerDTO@217fbe9e, cz.phsoft.hokej.models.dto.PlayerDTO@67a2b2c4, cz.phsoft.hokej.models.dto.PlayerDTO@4274532d]] at 2026-01-19T10:00:09.508449600
2026-01-19 10:00:09 [http-nio-8080-exec-7] INFO  AUDIT_LOGGER - START PlayerServiceImpl.getAllPlayers() at 2026-01-19T10:00:09.522457 with args []
2026-01-19 10:00:09 [http-nio-8080-exec-7] INFO  AUDIT_LOGGER - END getAllPlayers - userId=null playerId=null returned [[cz.phsoft.hokej.models.dto.PlayerDTO@46b529be, cz.phsoft.hokej.models.dto.PlayerDTO@6030602d, cz.phsoft.hokej.models.dto.PlayerDTO@16b1c5a, cz.phsoft.hokej.models.dto.PlayerDTO@5fcb42ee, cz.phsoft.hokej.models.dto.PlayerDTO@30dc6870, cz.phsoft.hokej.models.dto.PlayerDTO@538e474e, cz.phsoft.hokej.models.dto.PlayerDTO@a5e18a9, cz.phsoft.hokej.models.dto.PlayerDTO@f87e73e, cz.phsoft.hokej.models.dto.PlayerDTO@5c4b8156, cz.phsoft.hokej.models.dto.PlayerDTO@7d5e19a6, cz.phsoft.hokej.models.dto.PlayerDTO@7bfddf4, cz.phsoft.hokej.models.dto.PlayerDTO@37b1742a, cz.phsoft.hokej.models.dto.PlayerDTO@377012bb]] at 2026-01-19T10:00:09.549455600
2026-01-19 10:09:18 [http-nio-8080-exec-4] INFO  AUDIT_LOGGER - START PlayerServiceImpl.getAllPlayers() at 2026-01-19T10:09:18.973353800 with args []
2026-01-19 10:09:18 [http-nio-8080-exec-4] INFO  AUDIT_LOGGER - END getAllPlayers - userId=null playerId=null returned [[cz.phsoft.hokej.models.dto.PlayerDTO@66b76d79, cz.phsoft.hokej.models.dto.PlayerDTO@58bb1180, cz.phsoft.hokej.models.dto.PlayerDTO@4ee70ca8, cz.phsoft.hokej.models.dto.PlayerDTO@3e174462, cz.phsoft.hokej.models.dto.PlayerDTO@63962a7c, cz.phsoft.hokej.models.dto.PlayerDTO@6321109f, cz.phsoft.hokej.models.dto.PlayerDTO@15d5d21f, cz.phsoft.hokej.models.dto.PlayerDTO@11e5b093, cz.phsoft.hokej.models.dto.PlayerDTO@4372bd19, cz.phsoft.hokej.models.dto.PlayerDTO@28bcf800, cz.phsoft.hokej.models.dto.PlayerDTO@13429222, cz.phsoft.hokej.models.dto.PlayerDTO@2f1fc9f1, cz.phsoft.hokej.models.dto.PlayerDTO@7953337e]] at 2026-01-19T10:09:18.991346300
2026-01-19 10:09:19 [http-nio-8080-exec-3] INFO  AUDIT_LOGGER - START PlayerServiceImpl.getAllPlayers() at 2026-01-19T10:09:19.011348700 with args []
2026-01-19 10:09:19 [http-nio-8080-exec-3] INFO  AUDIT_LOGGER - END getAllPlayers - userId=null playerId=null returned [[cz.phsoft.hokej.models.dto.PlayerDTO@5addccbd, cz.phsoft.hokej.models.dto.PlayerDTO@2b49f93, cz.phsoft.hokej.models.dto.PlayerDTO@6e03d0d8, cz.phsoft.hokej.models.dto.PlayerDTO@6faa3760, cz.phsoft.hokej.models.dto.PlayerDTO@5ba6b60c, cz.phsoft.hokej.models.dto.PlayerDTO@7d48f2ec, cz.phsoft.hokej.models.dto.PlayerDTO@dbd788d, cz.phsoft.hokej.models.dto.PlayerDTO@33124f6d, cz.phsoft.hokej.models.dto.PlayerDTO@5d6a89d5, cz.phsoft.hokej.models.dto.PlayerDTO@670fcf06, cz.phsoft.hokej.models.dto.PlayerDTO@110ba7a, cz.phsoft.hokej.models.dto.PlayerDTO@20d8e412, cz.phsoft.hokej.models.dto.PlayerDTO@29f5e5fd]] at 2026-01-19T10:09:19.038347700
2026-01-19 10:09:26 [http-nio-8080-exec-7] INFO  AUDIT_LOGGER - START PlayerServiceImpl.getAllPlayers() at 2026-01-19T10:09:26.937411100 with args []
2026-01-19 10:09:26 [http-nio-8080-exec-7] INFO  AUDIT_LOGGER - END getAllPlayers - userId=null playerId=null returned [[cz.phsoft.hokej.models.dto.PlayerDTO@587cfccf, cz.phsoft.hokej.models.dto.PlayerDTO@1d010165, cz.phsoft.hokej.models.dto.PlayerDTO@72dc0a90, cz.phsoft.hokej.models.dto.PlayerDTO@6c2ce150, cz.phsoft.hokej.models.dto.PlayerDTO@5389e29e, cz.phsoft.hokej.models.dto.PlayerDTO@4616dba3, cz.phsoft.hokej.models.dto.PlayerDTO@540cd17b, cz.phsoft.hokej.models.dto.PlayerDTO@5fa18ccb, cz.phsoft.hokej.models.dto.PlayerDTO@43a008b3, cz.phsoft.hokej.models.dto.PlayerDTO@339b18a7, cz.phsoft.hokej.models.dto.PlayerDTO@1ae90a6, cz.phsoft.hokej.models.dto.PlayerDTO@523a938c, cz.phsoft.hokej.models.dto.PlayerDTO@111cfce8]] at 2026-01-19T10:09:26.951413400
2026-01-19 10:09:26 [http-nio-8080-exec-8] INFO  AUDIT_LOGGER - START PlayerServiceImpl.getAllPlayers() at 2026-01-19T10:09:26.964420200 with args []
2026-01-19 10:09:27 [http-nio-8080-exec-8] INFO  AUDIT_LOGGER - END getAllPlayers - userId=null playerId=null returned [[cz.phsoft.hokej.models.dto.PlayerDTO@54fd7ec2, cz.phsoft.hokej.models.dto.PlayerDTO@3160e699, cz.phsoft.hokej.models.dto.PlayerDTO@44cfd512, cz.phsoft.hokej.models.dto.PlayerDTO@4a9f3cf6, cz.phsoft.hokej.models.dto.PlayerDTO@752b5009, cz.phsoft.hokej.models.dto.PlayerDTO@4349341b, cz.phsoft.hokej.models.dto.PlayerDTO@79940e25, cz.phsoft.hokej.models.dto.PlayerDTO@4a5ff56d, cz.phsoft.hokej.models.dto.PlayerDTO@655b5f37, cz.phsoft.hokej.models.dto.PlayerDTO@6f38566b, cz.phsoft.hokej.models.dto.PlayerDTO@3604888f, cz.phsoft.hokej.models.dto.PlayerDTO@3c5e7bf, cz.phsoft.hokej.models.dto.PlayerDTO@3cd8a217]] at 2026-01-19T10:09:27.024414
2026-01-19 10:16:15 [http-nio-8080-exec-7] INFO  AUDIT_LOGGER - START AppUserServiceImpl.getCurrentUser(..) at 2026-01-19T10:16:15.751064200 with args [player1@example.com]
2026-01-19 10:16:15 [http-nio-8080-exec-7] INFO  AUDIT_LOGGER - END getCurrentUser - userId=null playerId=null returned [cz.phsoft.hokej.models.dto.AppUserDTO@18bc65a5] at 2026-01-19T10:16:15.822078600
2026-01-19 10:23:49 [http-nio-8080-exec-7] INFO  AUDIT_LOGGER - START AppUserServiceImpl.getCurrentUser(..) at 2026-01-19T10:23:49.187798600 with args [player1@example.com]
2026-01-19 10:23:49 [http-nio-8080-exec-7] INFO  AUDIT_LOGGER - END getCurrentUser - userId=null playerId=null returned [cz.phsoft.hokej.models.dto.AppUserDTO@796c79af] at 2026-01-19T10:23:49.215795300
2026-01-19 10:23:49 [http-nio-8080-exec-8] INFO  AUDIT_LOGGER - START AppUserServiceImpl.getCurrentUser(..) at 2026-01-19T10:23:49.224798400 with args [player1@example.com]
2026-01-19 10:23:49 [http-nio-8080-exec-8] INFO  AUDIT_LOGGER - END getCurrentUser - userId=null playerId=null returned [cz.phsoft.hokej.models.dto.AppUserDTO@2c9f6462] at 2026-01-19T10:23:49.231794200
2026-01-19 10:24:20 [http-nio-8080-exec-10] INFO  AUDIT_LOGGER - START AppUserServiceImpl.getCurrentUser(..) at 2026-01-19T10:24:20.419355100 with args [player1@example.com]
2026-01-19 10:24:20 [http-nio-8080-exec-10] INFO  AUDIT_LOGGER - END getCurrentUser - userId=null playerId=null returned [cz.phsoft.hokej.models.dto.AppUserDTO@7de2daca] at 2026-01-19T10:24:20.443362100
2026-01-19 10:24:20 [http-nio-8080-exec-1] INFO  AUDIT_LOGGER - START AppUserServiceImpl.getCurrentUser(..) at 2026-01-19T10:24:20.459358300 with args [player1@example.com]
2026-01-19 10:24:20 [http-nio-8080-exec-1] INFO  AUDIT_LOGGER - END getCurrentUser - userId=null playerId=null returned [cz.phsoft.hokej.models.dto.AppUserDTO@4dbf2407] at 2026-01-19T10:24:20.474356800
2026-01-19 10:30:18 [http-nio-8080-exec-6] INFO  AUDIT_LOGGER - START AppUserServiceImpl.getCurrentUser(..) at 2026-01-19T10:30:18.897506200 with args [player1@example.com]
2026-01-19 10:30:18 [http-nio-8080-exec-6] INFO  AUDIT_LOGGER - END getCurrentUser - userId=null playerId=null returned [cz.phsoft.hokej.models.dto.AppUserDTO@69b23beb] at 2026-01-19T10:30:18.905506600
2026-01-19 10:34:16 [http-nio-8080-exec-1] INFO  AUDIT_LOGGER - START AppUserServiceImpl.getCurrentUser(..) at 2026-01-19T10:34:16.237898400 with args [player1@example.com]
2026-01-19 10:34:16 [http-nio-8080-exec-1] INFO  AUDIT_LOGGER - END getCurrentUser - userId=null playerId=null returned [cz.phsoft.hokej.models.dto.AppUserDTO@9da3674] at 2026-01-19T10:34:16.261896500
2026-01-19 10:34:23 [http-nio-8080-exec-3] INFO  AUDIT_LOGGER - START AppUserServiceImpl.getCurrentUser(..) at 2026-01-19T10:34:23.243044700 with args [player1@example.com]
2026-01-19 10:34:23 [http-nio-8080-exec-3] INFO  AUDIT_LOGGER - END getCurrentUser - userId=null playerId=null returned [cz.phsoft.hokej.models.dto.AppUserDTO@59b96def] at 2026-01-19T10:34:23.502184400
2026-01-19 10:34:35 [http-nio-8080-exec-4] INFO  AUDIT_LOGGER - START AppUserServiceImpl.getCurrentUser(..) at 2026-01-19T10:34:35.022095300 with args [player5@example.com]
2026-01-19 10:34:35 [http-nio-8080-exec-4] INFO  AUDIT_LOGGER - END getCurrentUser - userId=null playerId=null returned [cz.phsoft.hokej.models.dto.AppUserDTO@35a99417] at 2026-01-19T10:34:35.042165200
2026-01-19 10:34:46 [http-nio-8080-exec-5] INFO  AUDIT_LOGGER - START AppUserServiceImpl.getCurrentUser(..) at 2026-01-19T10:34:46.839280300 with args [player1@example.com]
2026-01-19 10:34:46 [http-nio-8080-exec-5] INFO  AUDIT_LOGGER - END getCurrentUser - userId=null playerId=null returned [cz.phsoft.hokej.models.dto.AppUserDTO@4d2630b9] at 2026-01-19T10:34:46.887281
2026-01-19 10:37:22 [http-nio-8080-exec-5] INFO  AUDIT_LOGGER - START AppUserServiceImpl.getCurrentUser(..) at 2026-01-19T10:37:22.358063600 with args [player1@example.com]
2026-01-19 10:37:22 [http-nio-8080-exec-5] INFO  AUDIT_LOGGER - END getCurrentUser - userId=null playerId=null returned [cz.phsoft.hokej.models.dto.AppUserDTO@2e4bb057] at 2026-01-19T10:37:22.371065800
2026-01-19 10:43:26 [http-nio-8080-exec-8] INFO  AUDIT_LOGGER - START AppUserServiceImpl.getCurrentUser(..) at 2026-01-19T10:43:26.203698600 with args [player1@example.com]
2026-01-19 10:43:26 [http-nio-8080-exec-8] INFO  AUDIT_LOGGER - END getCurrentUser - userId=null playerId=null returned [cz.phsoft.hokej.models.dto.AppUserDTO@65ab3fe6] at 2026-01-19T10:43:26.216700800
2026-01-19 12:30:02 [scheduling-1] INFO  AUDIT_LOGGER - START SmsSchedulerService.sendFinalSmsForTodayMatches() at 2026-01-19T12:30:02.178494500 with args []
2026-01-19 12:30:03 [scheduling-1] INFO  AUDIT_LOGGER - END sendFinalSmsForTodayMatches - userId=null playerId=null returned [null] at 2026-01-19T12:30:03.121585300
2026-01-19 14:40:00 [scheduling-1] INFO  AUDIT_LOGGER - START SmsSchedulerService.sendNoResponseSmsForMatchesIn3Days() at 2026-01-19T14:40:00.017261300 with args []
2026-01-19 14:40:00 [scheduling-1] INFO  AUDIT_LOGGER - END sendNoResponseSmsForMatchesIn3Days - userId=null playerId=null returned [null] at 2026-01-19T14:40:00.122390600
