2026-01-18 11:35:28 [http-nio-8080-exec-5] INFO  AUDIT_LOGGER - START PlayerServiceImpl.updatePlayer(..) at 2026-01-18T11:35:28.163529300 with args [1, cz.phsoft.hokej.models.dto.PlayerDTO@6a494917]
2026-01-18 11:35:28 [http-nio-8080-exec-5] INFO  AUDIT_LOGGER - END updatePlayer - userId=null playerId=null returned [cz.phsoft.hokej.models.dto.PlayerDTO@612e960e] at 2026-01-18T11:35:28.372658900
2026-01-18 11:36:18 [http-nio-8080-exec-6] INFO  AUDIT_LOGGER - START PlayerServiceImpl.updatePlayer(..) at 2026-01-18T11:36:18.305801 with args [5, cz.phsoft.hokej.models.dto.PlayerDTO@780fa80]
2026-01-18 11:36:18 [http-nio-8080-exec-6] INFO  AUDIT_LOGGER - END updatePlayer - userId=null playerId=null returned [cz.phsoft.hokej.models.dto.PlayerDTO@3275a5eb] at 2026-01-18T11:36:18.319735700
2026-01-18 11:42:32 [http-nio-8080-exec-8] INFO  AUDIT_LOGGER - START PlayerServiceImpl.updatePlayer(..) at 2026-01-18T11:42:32.823903900 with args [5, cz.phsoft.hokej.models.dto.PlayerDTO@18e6dae5]
2026-01-18 11:42:33 [http-nio-8080-exec-8] INFO  AUDIT_LOGGER - END updatePlayer - userId=null playerId=null returned [cz.phsoft.hokej.models.dto.PlayerDTO@29f916d8] at 2026-01-18T11:42:33.003900100
2026-01-18 11:43:34 [http-nio-8080-exec-10] INFO  AUDIT_LOGGER - START PlayerServiceImpl.updatePlayer(..) at 2026-01-18T11:43:34.522080400 with args [5, cz.phsoft.hokej.models.dto.PlayerDTO@12f5010b]
2026-01-18 11:43:34 [http-nio-8080-exec-10] INFO  AUDIT_LOGGER - END updatePlayer - userId=null playerId=null returned [cz.phsoft.hokej.models.dto.PlayerDTO@702cad3d] at 2026-01-18T11:43:34.534088100
2026-01-18 11:43:46 [http-nio-8080-exec-1] INFO  AUDIT_LOGGER - START PlayerServiceImpl.getAllPlayers() at 2026-01-18T11:43:46.503506500 with args []
2026-01-18 11:43:46 [http-nio-8080-exec-1] INFO  AUDIT_LOGGER - END getAllPlayers - userId=null playerId=null returned [[cz.phsoft.hokej.models.dto.PlayerDTO@3df948fc, cz.phsoft.hokej.models.dto.PlayerDTO@a4401a, cz.phsoft.hokej.models.dto.PlayerDTO@7d547268, cz.phsoft.hokej.models.dto.PlayerDTO@7722fa61, cz.phsoft.hokej.models.dto.PlayerDTO@6bf2d1, cz.phsoft.hokej.models.dto.PlayerDTO@226dc656, cz.phsoft.hokej.models.dto.PlayerDTO@7c742741, cz.phsoft.hokej.models.dto.PlayerDTO@1c652b5c, cz.phsoft.hokej.models.dto.PlayerDTO@43c7bf7b, cz.phsoft.hokej.models.dto.PlayerDTO@f548e23, cz.phsoft.hokej.models.dto.PlayerDTO@52c7eea7, cz.phsoft.hokej.models.dto.PlayerDTO@674d0068]] at 2026-01-18T11:43:46.521500400
2026-01-18 11:45:07 [http-nio-8080-exec-8] INFO  AUDIT_LOGGER - START PlayerServiceImpl.getPlayersByUser(..) at 2026-01-18T11:45:07.634010200 with args [player5@example.com]
2026-01-18 11:45:07 [http-nio-8080-exec-8] INFO  AUDIT_LOGGER - END getPlayersByUser - userId=null playerId=null returned [[cz.phsoft.hokej.models.dto.PlayerDTO@6f858b1]] at 2026-01-18T11:45:07.688958300
2026-01-18 11:45:20 [http-nio-8080-exec-9] INFO  AUDIT_LOGGER - START PlayerServiceImpl.updatePlayer(..) at 2026-01-18T11:45:20.294250800 with args [5, cz.phsoft.hokej.models.dto.PlayerDTO@6f88bd38]
2026-01-18 11:45:20 [http-nio-8080-exec-9] INFO  AUDIT_LOGGER - END updatePlayer - userId=null playerId=null returned [cz.phsoft.hokej.models.dto.PlayerDTO@1247aa1b] at 2026-01-18T11:45:20.297251800
2026-01-18 11:46:02 [http-nio-8080-exec-2] INFO  AUDIT_LOGGER - START PlayerServiceImpl.updatePlayer(..) at 2026-01-18T11:46:02.319158400 with args [5, cz.phsoft.hokej.models.dto.PlayerDTO@70a6a193]
2026-01-18 11:46:02 [http-nio-8080-exec-2] INFO  AUDIT_LOGGER - END updatePlayer - userId=null playerId=null returned [cz.phsoft.hokej.models.dto.PlayerDTO@43451549] at 2026-01-18T11:46:02.322259700
2026-01-18 11:49:29 [http-nio-8080-exec-3] INFO  AUDIT_LOGGER - START PlayerServiceImpl.getPlayersByUser(..) at 2026-01-18T11:49:29.531598900 with args [player5@example.com]
2026-01-18 11:49:29 [http-nio-8080-exec-3] INFO  AUDIT_LOGGER - END getPlayersByUser - userId=null playerId=null returned [[cz.phsoft.hokej.models.dto.PlayerDTO@9c2e06d]] at 2026-01-18T11:49:29.575600200
2026-01-18 11:49:53 [http-nio-8080-exec-4] INFO  AUDIT_LOGGER - START PlayerServiceImpl.updatePlayer(..) at 2026-01-18T11:49:53.121980600 with args [5, cz.phsoft.hokej.models.dto.PlayerDTO@7af5356]
2026-01-18 11:49:53 [http-nio-8080-exec-4] INFO  AUDIT_LOGGER - END updatePlayer - userId=null playerId=null returned [cz.phsoft.hokej.models.dto.PlayerDTO@3219228f] at 2026-01-18T11:49:53.159984400
2026-01-18 11:50:03 [http-nio-8080-exec-5] INFO  AUDIT_LOGGER - START PlayerServiceImpl.updatePlayer(..) at 2026-01-18T11:50:03.507097500 with args [5, cz.phsoft.hokej.models.dto.PlayerDTO@487a1e3b]
2026-01-18 11:50:03 [http-nio-8080-exec-5] INFO  AUDIT_LOGGER - END updatePlayer - userId=null playerId=null returned [cz.phsoft.hokej.models.dto.PlayerDTO@158c59f9] at 2026-01-18T11:50:03.512097
2026-01-18 11:53:47 [http-nio-8080-exec-3] INFO  AUDIT_LOGGER - START PlayerServiceImpl.getPlayersByUser(..) at 2026-01-18T11:53:47.570336200 with args [player5@example.com]
2026-01-18 11:53:47 [http-nio-8080-exec-3] INFO  AUDIT_LOGGER - END getPlayersByUser - userId=null playerId=null returned [[cz.phsoft.hokej.models.dto.PlayerDTO@5ef870d3]] at 2026-01-18T11:53:47.600336500
2026-01-18 11:53:59 [http-nio-8080-exec-4] INFO  AUDIT_LOGGER - START PlayerServiceImpl.updatePlayer(..) at 2026-01-18T11:53:59.170830600 with args [5, cz.phsoft.hokej.models.dto.PlayerDTO@20a1b37b]
2026-01-18 11:53:59 [http-nio-8080-exec-4] INFO  AUDIT_LOGGER - END updatePlayer - userId=null playerId=null returned [cz.phsoft.hokej.models.dto.PlayerDTO@490e12f2] at 2026-01-18T11:53:59.192610200
2026-01-18 11:55:32 [http-nio-8080-exec-7] INFO  AUDIT_LOGGER - START PlayerServiceImpl.updatePlayer(..) at 2026-01-18T11:55:32.221943300 with args [5, cz.phsoft.hokej.models.dto.PlayerDTO@2fde9cde]
2026-01-18 11:55:32 [http-nio-8080-exec-7] INFO  AUDIT_LOGGER - END updatePlayer - userId=null playerId=null returned [cz.phsoft.hokej.models.dto.PlayerDTO@4c456882] at 2026-01-18T11:55:32.225942500
2026-01-18 11:56:00 [http-nio-8080-exec-8] INFO  AUDIT_LOGGER - START PlayerServiceImpl.updatePlayer(..) at 2026-01-18T11:56:00.616440300 with args [5, cz.phsoft.hokej.models.dto.PlayerDTO@781dc70b]
2026-01-18 11:56:00 [http-nio-8080-exec-8] INFO  AUDIT_LOGGER - END updatePlayer - userId=null playerId=null returned [cz.phsoft.hokej.models.dto.PlayerDTO@50b59506] at 2026-01-18T11:56:00.632429400
2026-01-18 11:56:28 [http-nio-8080-exec-9] INFO  AUDIT_LOGGER - START PlayerServiceImpl.updatePlayer(..) at 2026-01-18T11:56:28.712651 with args [5, cz.phsoft.hokej.models.dto.PlayerDTO@346b4f62]
2026-01-18 11:56:28 [http-nio-8080-exec-9] INFO  AUDIT_LOGGER - END updatePlayer - userId=null playerId=null returned [cz.phsoft.hokej.models.dto.PlayerDTO@66eee4bb] at 2026-01-18T11:56:28.718652900
2026-01-18 12:23:21 [http-nio-8080-exec-4] INFO  AUDIT_LOGGER - START PlayerServiceImpl.getPlayersByUser(..) at 2026-01-18T12:23:21.035778800 with args [player5@example.com]
2026-01-18 12:23:21 [http-nio-8080-exec-4] INFO  AUDIT_LOGGER - END getPlayersByUser - userId=null playerId=null returned [[cz.phsoft.hokej.models.dto.PlayerDTO@2ddc196f]] at 2026-01-18T12:23:21.070779800
2026-01-18 12:23:28 [http-nio-8080-exec-5] INFO  AUDIT_LOGGER - START PlayerServiceImpl.updatePlayer(..) at 2026-01-18T12:23:28.576341900 with args [5, cz.phsoft.hokej.models.dto.PlayerDTO@6bc581eb]
2026-01-18 12:23:28 [http-nio-8080-exec-5] INFO  AUDIT_LOGGER - END updatePlayer - userId=null playerId=null returned [cz.phsoft.hokej.models.dto.PlayerDTO@6723f1a7] at 2026-01-18T12:23:28.605338100
2026-01-18 12:24:48 [http-nio-8080-exec-8] INFO  AUDIT_LOGGER - START PlayerServiceImpl.updatePlayer(..) at 2026-01-18T12:24:48.795119100 with args [5, cz.phsoft.hokej.models.dto.PlayerDTO@62ac4c50]
2026-01-18 12:24:48 [http-nio-8080-exec-8] INFO  AUDIT_LOGGER - END updatePlayer - userId=null playerId=null returned [cz.phsoft.hokej.models.dto.PlayerDTO@61233e89] at 2026-01-18T12:24:48.811118200
2026-01-18 12:25:13 [http-nio-8080-exec-9] INFO  AUDIT_LOGGER - START PlayerServiceImpl.updatePlayer(..) at 2026-01-18T12:25:13.281628100 with args [5, cz.phsoft.hokej.models.dto.PlayerDTO@78b72de6]
2026-01-18 12:25:13 [http-nio-8080-exec-9] INFO  AUDIT_LOGGER - END updatePlayer - userId=null playerId=null returned [cz.phsoft.hokej.models.dto.PlayerDTO@727978d3] at 2026-01-18T12:25:13.290623400
2026-01-18 12:25:19 [http-nio-8080-exec-10] INFO  AUDIT_LOGGER - START PlayerServiceImpl.updatePlayer(..) at 2026-01-18T12:25:19.667666600 with args [5, cz.phsoft.hokej.models.dto.PlayerDTO@2b2c03ef]
2026-01-18 12:25:19 [http-nio-8080-exec-10] INFO  AUDIT_LOGGER - END updatePlayer - userId=null playerId=null returned [cz.phsoft.hokej.models.dto.PlayerDTO@339e7a95] at 2026-01-18T12:25:19.672666400
2026-01-18 12:25:26 [http-nio-8080-exec-1] INFO  AUDIT_LOGGER - START PlayerServiceImpl.updatePlayer(..) at 2026-01-18T12:25:26.254749600 with args [5, cz.phsoft.hokej.models.dto.PlayerDTO@3462110]
2026-01-18 12:25:26 [http-nio-8080-exec-1] INFO  AUDIT_LOGGER - END updatePlayer - userId=null playerId=null returned [cz.phsoft.hokej.models.dto.PlayerDTO@17cde51e] at 2026-01-18T12:25:26.265750400
2026-01-18 12:25:39 [http-nio-8080-exec-2] INFO  AUDIT_LOGGER - START PlayerServiceImpl.updatePlayer(..) at 2026-01-18T12:25:39.396868100 with args [5, cz.phsoft.hokej.models.dto.PlayerDTO@2c1d5460]
2026-01-18 12:25:39 [http-nio-8080-exec-2] INFO  AUDIT_LOGGER - END updatePlayer - userId=null playerId=null returned [cz.phsoft.hokej.models.dto.PlayerDTO@39fe5820] at 2026-01-18T12:25:39.399821800
2026-01-18 13:28:32 [http-nio-8080-exec-3] INFO  AUDIT_LOGGER - START AppUserServiceImpl.getAllUsers() at 2026-01-18T13:28:32.714430900 with args []
2026-01-18 13:28:32 [http-nio-8080-exec-3] INFO  AUDIT_LOGGER - END getAllUsers - userId=null playerId=null returned [[cz.phsoft.hokej.models.dto.AppUserDTO@43f9396, cz.phsoft.hokej.models.dto.AppUserDTO@4f553892, cz.phsoft.hokej.models.dto.AppUserDTO@7e4adca0, cz.phsoft.hokej.models.dto.AppUserDTO@22e3cc71, cz.phsoft.hokej.models.dto.AppUserDTO@5ab84898, cz.phsoft.hokej.models.dto.AppUserDTO@3c4f6af5, cz.phsoft.hokej.models.dto.AppUserDTO@14480e00, cz.phsoft.hokej.models.dto.AppUserDTO@28f4c8bc, cz.phsoft.hokej.models.dto.AppUserDTO@3010b9b2, cz.phsoft.hokej.models.dto.AppUserDTO@77cf6587, cz.phsoft.hokej.models.dto.AppUserDTO@23a34d70, cz.phsoft.hokej.models.dto.AppUserDTO@2d9cc090]] at 2026-01-18T13:28:32.801425100
2026-01-18 13:29:31 [http-nio-8080-exec-4] INFO  AUDIT_LOGGER - START AppUserServiceImpl.getCurrentUser(..) at 2026-01-18T13:29:31.997228 with args [player1@example.com]
2026-01-18 13:29:32 [http-nio-8080-exec-4] INFO  AUDIT_LOGGER - END getCurrentUser - userId=null playerId=null returned [cz.phsoft.hokej.models.dto.AppUserDTO@51652fb2] at 2026-01-18T13:29:32.015230100
2026-01-18 13:29:47 [http-nio-8080-exec-6] INFO  AUDIT_LOGGER - START AppUserServiceImpl.getCurrentUser(..) at 2026-01-18T13:29:47.319632600 with args [player5@example.com]
2026-01-18 13:29:47 [http-nio-8080-exec-6] INFO  AUDIT_LOGGER - END getCurrentUser - userId=null playerId=null returned [cz.phsoft.hokej.models.dto.AppUserDTO@3d087d29] at 2026-01-18T13:29:47.328651800
2026-01-18 13:31:22 [http-nio-8080-exec-9] INFO  AUDIT_LOGGER - START AppUserServiceImpl.getCurrentUser(..) at 2026-01-18T13:31:22.320558600 with args [player5@example.com]
2026-01-18 13:31:22 [http-nio-8080-exec-9] INFO  AUDIT_LOGGER - END getCurrentUser - userId=null playerId=null returned [cz.phsoft.hokej.models.dto.AppUserDTO@18d25289] at 2026-01-18T13:31:22.331559500
2026-01-18 13:33:29 [http-nio-8080-exec-4] INFO  AUDIT_LOGGER - START AppUserServiceImpl.getCurrentUser(..) at 2026-01-18T13:33:29.785149400 with args [player5@example.com]
2026-01-18 13:33:29 [http-nio-8080-exec-4] INFO  AUDIT_LOGGER - END getCurrentUser - userId=null playerId=null returned [cz.phsoft.hokej.models.dto.AppUserDTO@a3c0d5f] at 2026-01-18T13:33:29.792147100
2026-01-18 13:46:52 [http-nio-8080-exec-6] INFO  AUDIT_LOGGER - START AppUserServiceImpl.getCurrentUser(..) at 2026-01-18T13:46:52.503630800 with args [player5@example.com]
2026-01-18 13:46:52 [http-nio-8080-exec-6] INFO  AUDIT_LOGGER - END getCurrentUser - userId=null playerId=null returned [cz.phsoft.hokej.models.dto.AppUserDTO@68b3642f] at 2026-01-18T13:46:52.535605700
2026-01-18 13:47:05 [http-nio-8080-exec-7] INFO  AUDIT_LOGGER - START AppUserServiceImpl.changePassword(..) at 2026-01-18T13:47:05.536612500 with args [player5@example.com, Player123, Heslo123, Heslo456]
2026-01-18 13:47:15 [http-nio-8080-exec-9] INFO  AUDIT_LOGGER - START AppUserServiceImpl.changePassword(..) at 2026-01-18T13:47:15.902222900 with args [player5@example.com, Player123, Heslo123, Heslo123]
2026-01-18 13:47:16 [http-nio-8080-exec-9] INFO  AUDIT_LOGGER - END changePassword - userId=null playerId=null returned [null] at 2026-01-18T13:47:16.518458
2026-01-18 13:47:42 [http-nio-8080-exec-2] INFO  AUDIT_LOGGER - START AppUserServiceImpl.changePassword(..) at 2026-01-18T13:47:42.419350400 with args [player5@example.com, Player123, Heslo123, Player123]
2026-01-18 13:47:49 [http-nio-8080-exec-4] INFO  AUDIT_LOGGER - START AppUserServiceImpl.changePassword(..) at 2026-01-18T13:47:49.637137300 with args [player5@example.com, Player123, Player123, Player123]
2026-01-18 13:47:58 [http-nio-8080-exec-6] INFO  AUDIT_LOGGER - START AppUserServiceImpl.changePassword(..) at 2026-01-18T13:47:58.827120100 with args [player5@example.com, Heslo123, Player123, Player123]
2026-01-18 13:47:59 [http-nio-8080-exec-6] INFO  AUDIT_LOGGER - END changePassword - userId=null playerId=null returned [null] at 2026-01-18T13:47:59.083123500
2026-01-18 13:53:33 [http-nio-8080-exec-1] INFO  AUDIT_LOGGER - START PlayerServiceImpl.getPlayersByUser(..) at 2026-01-18T13:53:33.926343600 with args [player5@example.com]
2026-01-18 13:53:33 [http-nio-8080-exec-1] INFO  AUDIT_LOGGER - END getPlayersByUser - userId=null playerId=null returned [[cz.phsoft.hokej.models.dto.PlayerDTO@2b473cff]] at 2026-01-18T13:53:33.937342200
2026-01-18 13:56:00 [http-nio-8080-exec-4] INFO  AUDIT_LOGGER - START PlayerServiceImpl.getPlayersByUser(..) at 2026-01-18T13:56:00.222810200 with args [player5@example.com]
2026-01-18 13:56:00 [http-nio-8080-exec-4] INFO  AUDIT_LOGGER - END getPlayersByUser - userId=null playerId=null returned [[cz.phsoft.hokej.models.dto.PlayerDTO@62e60d00]] at 2026-01-18T13:56:00.230811400
2026-01-18 13:57:29 [http-nio-8080-exec-3] INFO  AUDIT_LOGGER - START PlayerServiceImpl.getPlayersByUser(..) at 2026-01-18T13:57:29.407935600 with args [player5@example.com]
2026-01-18 13:57:29 [http-nio-8080-exec-3] INFO  AUDIT_LOGGER - END getPlayersByUser - userId=null playerId=null returned [[cz.phsoft.hokej.models.dto.PlayerDTO@728449f2]] at 2026-01-18T13:57:29.436909300
2026-01-18 13:57:54 [http-nio-8080-exec-6] INFO  AUDIT_LOGGER - START AppUserServiceImpl.getCurrentUser(..) at 2026-01-18T13:57:54.806820200 with args [player5@example.com]
2026-01-18 13:57:54 [http-nio-8080-exec-6] INFO  AUDIT_LOGGER - END getCurrentUser - userId=null playerId=null returned [cz.phsoft.hokej.models.dto.AppUserDTO@3ffbe76a] at 2026-01-18T13:57:54.816816800
2026-01-18 14:00:04 [http-nio-8080-exec-3] INFO  AUDIT_LOGGER - START AppUserServiceImpl.getAllUsers() at 2026-01-18T14:00:04.261279700 with args []
2026-01-18 14:00:04 [http-nio-8080-exec-3] INFO  AUDIT_LOGGER - END getAllUsers - userId=null playerId=null returned [[cz.phsoft.hokej.models.dto.AppUserDTO@6402f3e4, cz.phsoft.hokej.models.dto.AppUserDTO@73c4be01, cz.phsoft.hokej.models.dto.AppUserDTO@3e467eba, cz.phsoft.hokej.models.dto.AppUserDTO@17cd2951, cz.phsoft.hokej.models.dto.AppUserDTO@64a3759f, cz.phsoft.hokej.models.dto.AppUserDTO@32c1fbbc, cz.phsoft.hokej.models.dto.AppUserDTO@3fffe0f0, cz.phsoft.hokej.models.dto.AppUserDTO@4186d1ff, cz.phsoft.hokej.models.dto.AppUserDTO@3ef65bdd, cz.phsoft.hokej.models.dto.AppUserDTO@3d75ba4, cz.phsoft.hokej.models.dto.AppUserDTO@436fc34e, cz.phsoft.hokej.models.dto.AppUserDTO@3411ebf5]] at 2026-01-18T14:00:04.311417200
2026-01-18 14:26:49 [http-nio-8080-exec-4] INFO  AUDIT_LOGGER - START AppUserServiceImpl.changePassword(..) at 2026-01-18T14:26:49.168644100 with args [player5@example.com, Player123, Heslo123, Heslo123]
2026-01-18 14:26:49 [http-nio-8080-exec-4] INFO  AUDIT_LOGGER - END changePassword - userId=null playerId=null returned [null] at 2026-01-18T14:26:49.560642900
2026-01-18 14:28:59 [http-nio-8080-exec-4] INFO  AUDIT_LOGGER - START AppUserServiceImpl.resetPassword(..) at 2026-01-18T14:28:59.506128700 with args [5]
2026-01-18 14:28:59 [http-nio-8080-exec-4] INFO  AUDIT_LOGGER - END resetPassword - userId=null playerId=null returned [null] at 2026-01-18T14:28:59.748127900
2026-01-18 14:31:21 [http-nio-8080-exec-6] INFO  AUDIT_LOGGER - START AppUserServiceImpl.resetPassword(..) at 2026-01-18T14:31:21.113879 with args [6]
2026-01-18 14:31:21 [http-nio-8080-exec-6] INFO  AUDIT_LOGGER - END resetPassword - userId=null playerId=null returned [null] at 2026-01-18T14:31:21.256882100
2026-01-18 14:32:45 [http-nio-8080-exec-1] INFO  AUDIT_LOGGER - START AppUserServiceImpl.getAllUsers() at 2026-01-18T14:32:45.961507100 with args []
2026-01-18 14:32:46 [http-nio-8080-exec-1] INFO  AUDIT_LOGGER - END getAllUsers - userId=null playerId=null returned [[cz.phsoft.hokej.models.dto.AppUserDTO@6c086385, cz.phsoft.hokej.models.dto.AppUserDTO@5fd5446e, cz.phsoft.hokej.models.dto.AppUserDTO@750406ab, cz.phsoft.hokej.models.dto.AppUserDTO@18406da1, cz.phsoft.hokej.models.dto.AppUserDTO@377b3167, cz.phsoft.hokej.models.dto.AppUserDTO@4278f5d2, cz.phsoft.hokej.models.dto.AppUserDTO@179c8268, cz.phsoft.hokej.models.dto.AppUserDTO@caac85f, cz.phsoft.hokej.models.dto.AppUserDTO@62b430a4, cz.phsoft.hokej.models.dto.AppUserDTO@67679f45, cz.phsoft.hokej.models.dto.AppUserDTO@141bce03, cz.phsoft.hokej.models.dto.AppUserDTO@4ea914ef]] at 2026-01-18T14:32:46.038501800
2026-01-18 14:33:32 [http-nio-8080-exec-4] INFO  AUDIT_LOGGER - START PlayerServiceImpl.getPlayersByUser(..) at 2026-01-18T14:33:32.244571700 with args [player5@example.com]
2026-01-18 14:33:32 [http-nio-8080-exec-4] INFO  AUDIT_LOGGER - END getPlayersByUser - userId=null playerId=null returned [[cz.phsoft.hokej.models.dto.PlayerDTO@53a6ce30]] at 2026-01-18T14:33:32.255566700
2026-01-18 14:33:51 [http-nio-8080-exec-5] INFO  AUDIT_LOGGER - START PlayerServiceImpl.updatePlayer(..) at 2026-01-18T14:33:51.654085200 with args [5, cz.phsoft.hokej.models.dto.PlayerDTO@7e2c9f12]
2026-01-18 14:33:51 [http-nio-8080-exec-5] INFO  AUDIT_LOGGER - END updatePlayer - userId=null playerId=null returned [cz.phsoft.hokej.models.dto.PlayerDTO@6e740a9] at 2026-01-18T14:33:51.679084800
2026-01-18 14:34:09 [http-nio-8080-exec-7] INFO  AUDIT_LOGGER - START AppUserServiceImpl.getAllUsers() at 2026-01-18T14:34:09.251377600 with args []
2026-01-18 14:34:09 [http-nio-8080-exec-7] INFO  AUDIT_LOGGER - END getAllUsers - userId=null playerId=null returned [[cz.phsoft.hokej.models.dto.AppUserDTO@3d56f9c6, cz.phsoft.hokej.models.dto.AppUserDTO@70b6dbee, cz.phsoft.hokej.models.dto.AppUserDTO@b05cf4b, cz.phsoft.hokej.models.dto.AppUserDTO@5589e1a3, cz.phsoft.hokej.models.dto.AppUserDTO@5f9baa1d, cz.phsoft.hokej.models.dto.AppUserDTO@19b463ab, cz.phsoft.hokej.models.dto.AppUserDTO@3c6e8841, cz.phsoft.hokej.models.dto.AppUserDTO@2670e296, cz.phsoft.hokej.models.dto.AppUserDTO@24396f07, cz.phsoft.hokej.models.dto.AppUserDTO@1e2ae910, cz.phsoft.hokej.models.dto.AppUserDTO@56ce4614, cz.phsoft.hokej.models.dto.AppUserDTO@770b6a09]] at 2026-01-18T14:34:09.315368800
2026-01-18 14:53:21 [http-nio-8080-exec-3] INFO  AUDIT_LOGGER - START AppUserServiceImpl.getAllUsers() at 2026-01-18T14:53:21.875935100 with args []
2026-01-18 14:53:21 [http-nio-8080-exec-3] INFO  AUDIT_LOGGER - END getAllUsers - userId=null playerId=null returned [[cz.phsoft.hokej.models.dto.AppUserDTO@2896695f, cz.phsoft.hokej.models.dto.AppUserDTO@476d8fb3, cz.phsoft.hokej.models.dto.AppUserDTO@7e46e35d, cz.phsoft.hokej.models.dto.AppUserDTO@3416b810, cz.phsoft.hokej.models.dto.AppUserDTO@2fd1f35c, cz.phsoft.hokej.models.dto.AppUserDTO@46af102, cz.phsoft.hokej.models.dto.AppUserDTO@4d7fb6d9, cz.phsoft.hokej.models.dto.AppUserDTO@4c28415e, cz.phsoft.hokej.models.dto.AppUserDTO@6cc31094, cz.phsoft.hokej.models.dto.AppUserDTO@3ff20eef, cz.phsoft.hokej.models.dto.AppUserDTO@f0bbeb6, cz.phsoft.hokej.models.dto.AppUserDTO@1272cb8]] at 2026-01-18T14:53:21.952908400
2026-01-18 14:57:51 [http-nio-8080-exec-3] INFO  AUDIT_LOGGER - START AppUserServiceImpl.getAllUsers() at 2026-01-18T14:57:51.112616 with args []
2026-01-18 14:57:51 [http-nio-8080-exec-3] INFO  AUDIT_LOGGER - END getAllUsers - userId=null playerId=null returned [[cz.phsoft.hokej.models.dto.AppUserDTO@541a89f9, cz.phsoft.hokej.models.dto.AppUserDTO@7489a9cc, cz.phsoft.hokej.models.dto.AppUserDTO@4e9296cb, cz.phsoft.hokej.models.dto.AppUserDTO@1f97a483, cz.phsoft.hokej.models.dto.AppUserDTO@1fc2b3c9, cz.phsoft.hokej.models.dto.AppUserDTO@26bcbe34, cz.phsoft.hokej.models.dto.AppUserDTO@7c4240e6, cz.phsoft.hokej.models.dto.AppUserDTO@5e534051, cz.phsoft.hokej.models.dto.AppUserDTO@5405fca9, cz.phsoft.hokej.models.dto.AppUserDTO@170bb503, cz.phsoft.hokej.models.dto.AppUserDTO@79209274, cz.phsoft.hokej.models.dto.AppUserDTO@3d3514c9]] at 2026-01-18T14:57:51.188585400
2026-01-18 14:59:42 [http-nio-8080-exec-7] INFO  AUDIT_LOGGER - START PlayerServiceImpl.createPlayerForUser(..) at 2026-01-18T14:59:42.856225400 with args [cz.phsoft.hokej.models.dto.PlayerDTO@6e23ec38, player5@example.com]
2026-01-18 14:59:42 [http-nio-8080-exec-7] INFO  AUDIT_LOGGER - END createPlayerForUser - userId=null playerId=null returned [cz.phsoft.hokej.models.dto.PlayerDTO@63d3f139] at 2026-01-18T14:59:42.983355
2026-01-18 15:03:22 [http-nio-8080-exec-2] INFO  AUDIT_LOGGER - START AppUserServiceImpl.getAllUsers() at 2026-01-18T15:03:22.604921600 with args []
2026-01-18 15:03:22 [http-nio-8080-exec-2] INFO  AUDIT_LOGGER - END getAllUsers - userId=null playerId=null returned [[cz.phsoft.hokej.models.dto.AppUserDTO@3d184796, cz.phsoft.hokej.models.dto.AppUserDTO@3946bef1, cz.phsoft.hokej.models.dto.AppUserDTO@a2bdfcc, cz.phsoft.hokej.models.dto.AppUserDTO@5a3ecb66, cz.phsoft.hokej.models.dto.AppUserDTO@25650340, cz.phsoft.hokej.models.dto.AppUserDTO@29d8902b, cz.phsoft.hokej.models.dto.AppUserDTO@7d59ef63, cz.phsoft.hokej.models.dto.AppUserDTO@51106e55, cz.phsoft.hokej.models.dto.AppUserDTO@5ce20834, cz.phsoft.hokej.models.dto.AppUserDTO@31d6924b, cz.phsoft.hokej.models.dto.AppUserDTO@3c641e5, cz.phsoft.hokej.models.dto.AppUserDTO@51f6e50e]] at 2026-01-18T15:03:22.664923800
