2026-02-28 00:01:38 [scheduling-1] INFO  AUDIT_LOGGER - START MatchReminderScheduler.processMatchReminders() at 2026-02-28T00:01:38.796488900 with args []
2026-02-28 00:01:38 [scheduling-1] INFO  AUDIT_LOGGER - END processMatchReminders - userId=null playerId=null returned [null] at 2026-02-28T00:01:38.848904900
2026-02-28 00:06:38 [scheduling-1] INFO  AUDIT_LOGGER - START MatchReminderScheduler.processMatchReminders() at 2026-02-28T00:06:38.853999200 with args []
2026-02-28 00:06:38 [scheduling-1] INFO  AUDIT_LOGGER - END processMatchReminders - userId=null playerId=null returned [null] at 2026-02-28T00:06:38.853999200
2026-02-28 00:11:38 [scheduling-1] INFO  AUDIT_LOGGER - START MatchReminderScheduler.processMatchReminders() at 2026-02-28T00:11:38.874017900 with args []
2026-02-28 00:11:38 [scheduling-1] INFO  AUDIT_LOGGER - END processMatchReminders - userId=null playerId=null returned [null] at 2026-02-28T00:11:38.882017500
2026-02-28 00:16:38 [scheduling-1] INFO  AUDIT_LOGGER - START MatchReminderScheduler.processMatchReminders() at 2026-02-28T00:16:38.892343700 with args []
2026-02-28 00:16:38 [scheduling-1] INFO  AUDIT_LOGGER - END processMatchReminders - userId=null playerId=null returned [null] at 2026-02-28T00:16:38.896345900
2026-02-28 00:21:38 [scheduling-1] INFO  AUDIT_LOGGER - START MatchReminderScheduler.processMatchReminders() at 2026-02-28T00:21:38.906455800 with args []
2026-02-28 00:21:38 [scheduling-1] INFO  AUDIT_LOGGER - END processMatchReminders - userId=null playerId=null returned [null] at 2026-02-28T00:21:38.910457300
2026-02-28 00:26:38 [scheduling-1] INFO  AUDIT_LOGGER - START MatchReminderScheduler.processMatchReminders() at 2026-02-28T00:26:38.924524300 with args []
2026-02-28 00:26:38 [scheduling-1] INFO  AUDIT_LOGGER - END processMatchReminders - userId=null playerId=null returned [null] at 2026-02-28T00:26:38.928526300
2026-02-28 00:31:38 [scheduling-1] INFO  AUDIT_LOGGER - START MatchReminderScheduler.processMatchReminders() at 2026-02-28T00:31:38.946768300 with args []
2026-02-28 00:31:38 [scheduling-1] INFO  AUDIT_LOGGER - END processMatchReminders - userId=null playerId=null returned [null] at 2026-02-28T00:31:38.953765800
2026-02-28 00:36:38 [scheduling-1] INFO  AUDIT_LOGGER - START MatchReminderScheduler.processMatchReminders() at 2026-02-28T00:36:38.957984200 with args []
2026-02-28 00:36:38 [scheduling-1] INFO  AUDIT_LOGGER - END processMatchReminders - userId=null playerId=null returned [null] at 2026-02-28T00:36:38.969300300
2026-02-28 00:41:38 [scheduling-1] INFO  AUDIT_LOGGER - START MatchReminderScheduler.processMatchReminders() at 2026-02-28T00:41:38.987697300 with args []
2026-02-28 00:41:38 [scheduling-1] INFO  AUDIT_LOGGER - END processMatchReminders - userId=null playerId=null returned [null] at 2026-02-28T00:41:38.992194500
2026-02-28 09:44:09 [scheduling-1] INFO  AUDIT_LOGGER - START MatchReminderScheduler.processMatchReminders() at 2026-02-28T09:44:09.017422200 with args []
2026-02-28 09:44:09 [scheduling-1] INFO  AUDIT_LOGGER - END processMatchReminders - userId=null playerId=null returned [null] at 2026-02-28T09:44:09.090426400
2026-02-28 09:45:09 [http-nio-8080-exec-1] INFO  AUDIT_LOGGER - START AppUserServiceImpl.onSuccessfulLogin(..) at 2026-02-28T09:45:09.867818800 with args [player1@example.com]
2026-02-28 09:45:09 [http-nio-8080-exec-1] INFO  AUDIT_LOGGER - END onSuccessfulLogin - userId=null playerId=null returned [null] at 2026-02-28T09:45:09.933986100
2026-02-28 09:45:20 [http-nio-8080-exec-3] INFO  AUDIT_LOGGER - START CurrentPlayerServiceImpl.getCurrentPlayerId() at 2026-02-28T09:45:20.781495400 with args []
2026-02-28 09:45:20 [http-nio-8080-exec-3] INFO  AUDIT_LOGGER - END getCurrentPlayerId - userId=null playerId=null returned [null] at 2026-02-28T09:45:20.796518100
2026-02-28 09:45:21 [http-nio-8080-exec-3] INFO  AUDIT_LOGGER - START MatchServiceImpl.getMatchDetail(..) at 2026-02-28T09:45:21.034971900 with args [54]
2026-02-28 09:45:21 [http-nio-8080-exec-3] INFO  AUDIT_LOGGER - START MatchRegistrationServiceImpl.getRegistrationsForMatch(..) at 2026-02-28T09:45:21.083967 with args [54]
2026-02-28 09:45:21 [http-nio-8080-exec-3] INFO  AUDIT_LOGGER - START CurrentSeasonServiceImpl.getCurrentSeasonIdOrDefault() at 2026-02-28T09:45:21.100962700 with args []
2026-02-28 09:45:21 [http-nio-8080-exec-3] INFO  AUDIT_LOGGER - START SeasonServiceImpl.getActiveSeasonOrNull() at 2026-02-28T09:45:21.101967500 with args []
2026-02-28 09:45:21 [http-nio-8080-exec-3] INFO  AUDIT_LOGGER - END getActiveSeasonOrNull - userId=null playerId=null returned [cz.phsoft.hokej.season.dto.SeasonDTO@3dd4e94] at 2026-02-28T09:45:21.164968300
2026-02-28 09:45:21 [http-nio-8080-exec-3] INFO  AUDIT_LOGGER - END getCurrentSeasonIdOrDefault - userId=null playerId=null returned [2] at 2026-02-28T09:45:21.164968300
2026-02-28 09:45:21 [http-nio-8080-exec-3] INFO  AUDIT_LOGGER - END getRegistrationsForMatch - userId=null playerId=null returned [[cz.phsoft.hokej.registration.dto.MatchRegistrationDTO@6a525934, cz.phsoft.hokej.registration.dto.MatchRegistrationDTO@7971e34c, cz.phsoft.hokej.registration.dto.MatchRegistrationDTO@7967c27a, cz.phsoft.hokej.registration.dto.MatchRegistrationDTO@24456ec2, cz.phsoft.hokej.registration.dto.MatchRegistrationDTO@5ca60887]] at 2026-02-28T09:45:21.312962300
2026-02-28 09:45:21 [http-nio-8080-exec-3] INFO  AUDIT_LOGGER - START MatchRegistrationServiceImpl.getNoResponsePlayers(..) at 2026-02-28T09:45:21.329963800 with args [54]
2026-02-28 09:45:21 [http-nio-8080-exec-3] INFO  AUDIT_LOGGER - START CurrentSeasonServiceImpl.getCurrentSeasonIdOrDefault() at 2026-02-28T09:45:21.332967200 with args []
2026-02-28 09:45:21 [http-nio-8080-exec-3] INFO  AUDIT_LOGGER - START SeasonServiceImpl.getActiveSeasonOrNull() at 2026-02-28T09:45:21.332967200 with args []
2026-02-28 09:45:21 [http-nio-8080-exec-3] INFO  AUDIT_LOGGER - END getActiveSeasonOrNull - userId=null playerId=null returned [cz.phsoft.hokej.season.dto.SeasonDTO@4cb9119a] at 2026-02-28T09:45:21.336965400
2026-02-28 09:45:21 [http-nio-8080-exec-3] INFO  AUDIT_LOGGER - END getCurrentSeasonIdOrDefault - userId=null playerId=null returned [2] at 2026-02-28T09:45:21.336965400
2026-02-28 09:45:21 [http-nio-8080-exec-3] INFO  AUDIT_LOGGER - END getNoResponsePlayers - userId=null playerId=null returned [[cz.phsoft.hokej.player.dto.PlayerDTO@3c4e642d, cz.phsoft.hokej.player.dto.PlayerDTO@71602e9c, cz.phsoft.hokej.player.dto.PlayerDTO@3e1821cc, cz.phsoft.hokej.player.dto.PlayerDTO@3c4b50e4, cz.phsoft.hokej.player.dto.PlayerDTO@736b344c, cz.phsoft.hokej.player.dto.PlayerDTO@30fe073]] at 2026-02-28T09:45:21.400971
2026-02-28 09:45:21 [http-nio-8080-exec-3] INFO  AUDIT_LOGGER - START CurrentPlayerServiceImpl.getCurrentPlayerId() at 2026-02-28T09:45:21.426968400 with args []
2026-02-28 09:45:21 [http-nio-8080-exec-3] INFO  AUDIT_LOGGER - END getCurrentPlayerId - userId=null playerId=null returned [null] at 2026-02-28T09:45:21.427966400
2026-02-28 09:45:21 [http-nio-8080-exec-3] INFO  AUDIT_LOGGER - END getMatchDetail - userId=null playerId=null returned [cz.phsoft.hokej.match.dto.MatchDetailDTO@3ba027da] at 2026-02-28T09:45:21.498968200
2026-02-28 09:46:13 [http-nio-8080-exec-4] INFO  AUDIT_LOGGER - START CurrentPlayerServiceImpl.getCurrentPlayerId() at 2026-02-28T09:46:13.822071600 with args []
2026-02-28 09:46:13 [http-nio-8080-exec-4] INFO  AUDIT_LOGGER - END getCurrentPlayerId - userId=null playerId=null returned [null] at 2026-02-28T09:46:13.823073700
2026-02-28 09:46:14 [http-nio-8080-exec-4] INFO  AUDIT_LOGGER - START MatchServiceImpl.updateMatch(..) at 2026-02-28T09:46:14.184065100 with args [54, cz.phsoft.hokej.match.dto.MatchDTO@740b22ec]
2026-02-28 09:46:14 [http-nio-8080-exec-4] INFO  AUDIT_LOGGER - START MatchCapacityServiceImpl.handleCapacityChange(..) at 2026-02-28T09:46:14.317064600 with args [cz.phsoft.hokej.match.entities.MatchEntity@7716566, 8]
2026-02-28 09:46:14 [http-nio-8080-exec-4] INFO  AUDIT_LOGGER - START MatchRegistrationServiceImpl.getRegistrationsForMatch(..) at 2026-02-28T09:46:14.318067500 with args [54]
2026-02-28 09:46:14 [http-nio-8080-exec-4] INFO  AUDIT_LOGGER - START CurrentSeasonServiceImpl.getCurrentSeasonIdOrDefault() at 2026-02-28T09:46:14.319064400 with args []
2026-02-28 09:46:14 [http-nio-8080-exec-4] INFO  AUDIT_LOGGER - START SeasonServiceImpl.getActiveSeasonOrNull() at 2026-02-28T09:46:14.320073 with args []
2026-02-28 09:46:14 [http-nio-8080-exec-4] INFO  AUDIT_LOGGER - END getActiveSeasonOrNull - userId=null playerId=null returned [cz.phsoft.hokej.season.dto.SeasonDTO@7b412f0] at 2026-02-28T09:46:14.326068500
2026-02-28 09:46:14 [http-nio-8080-exec-4] INFO  AUDIT_LOGGER - END getCurrentSeasonIdOrDefault - userId=null playerId=null returned [2] at 2026-02-28T09:46:14.327068700
2026-02-28 09:46:14 [http-nio-8080-exec-4] INFO  AUDIT_LOGGER - END getRegistrationsForMatch - userId=null playerId=null returned [[cz.phsoft.hokej.registration.dto.MatchRegistrationDTO@7635421d, cz.phsoft.hokej.registration.dto.MatchRegistrationDTO@5cab01a8, cz.phsoft.hokej.registration.dto.MatchRegistrationDTO@5c20b399, cz.phsoft.hokej.registration.dto.MatchRegistrationDTO@43f3fc51, cz.phsoft.hokej.registration.dto.MatchRegistrationDTO@1f8a7b98]] at 2026-02-28T09:46:14.372069800
2026-02-28 09:46:14 [http-nio-8080-exec-4] INFO  AUDIT_LOGGER - START MatchRegistrationCommandServiceImpl.promoteReservedCandidatesForCapacityIncrease(..) at 2026-02-28T09:46:14.377074400 with args [54, DARK, null, 1]
2026-02-28 09:46:14 [http-nio-8080-exec-4] INFO  AUDIT_LOGGER - END promoteReservedCandidatesForCapacityIncrease - userId=null playerId=null returned [null] at 2026-02-28T09:46:14.466192800
2026-02-28 09:46:14 [http-nio-8080-exec-4] INFO  AUDIT_LOGGER - START MatchRegistrationCommandServiceImpl.promoteReservedCandidatesForCapacityIncrease(..) at 2026-02-28T09:46:14.466192800 with args [54, LIGHT, null, 1]
2026-02-28 09:46:14 [http-nio-8080-exec-4] INFO  AUDIT_LOGGER - END promoteReservedCandidatesForCapacityIncrease - userId=null playerId=null returned [null] at 2026-02-28T09:46:14.479192500
2026-02-28 09:46:14 [http-nio-8080-exec-4] INFO  AUDIT_LOGGER - END handleCapacityChange - userId=null playerId=null returned [null] at 2026-02-28T09:46:14.480195600
2026-02-28 09:46:14 [http-nio-8080-exec-4] INFO  AUDIT_LOGGER - END updateMatch - userId=null playerId=null returned [cz.phsoft.hokej.match.dto.MatchDTO@fc92605] at 2026-02-28T09:46:14.483192500
2026-02-28 09:46:23 [http-nio-8080-exec-5] INFO  AUDIT_LOGGER - START CurrentPlayerServiceImpl.getCurrentPlayerId() at 2026-02-28T09:46:23.763803200 with args []
2026-02-28 09:46:23 [http-nio-8080-exec-5] INFO  AUDIT_LOGGER - END getCurrentPlayerId - userId=null playerId=null returned [null] at 2026-02-28T09:46:23.763803200
2026-02-28 09:46:23 [http-nio-8080-exec-5] INFO  AUDIT_LOGGER - START MatchServiceImpl.getMatchDetail(..) at 2026-02-28T09:46:23.774811100 with args [54]
2026-02-28 09:46:23 [http-nio-8080-exec-5] INFO  AUDIT_LOGGER - START MatchRegistrationServiceImpl.getRegistrationsForMatch(..) at 2026-02-28T09:46:23.789799800 with args [54]
2026-02-28 09:46:23 [http-nio-8080-exec-5] INFO  AUDIT_LOGGER - START CurrentSeasonServiceImpl.getCurrentSeasonIdOrDefault() at 2026-02-28T09:46:23.793799200 with args []
2026-02-28 09:46:23 [http-nio-8080-exec-5] INFO  AUDIT_LOGGER - START SeasonServiceImpl.getActiveSeasonOrNull() at 2026-02-28T09:46:23.794806700 with args []
2026-02-28 09:46:23 [http-nio-8080-exec-5] INFO  AUDIT_LOGGER - END getActiveSeasonOrNull - userId=null playerId=null returned [cz.phsoft.hokej.season.dto.SeasonDTO@307edbbd] at 2026-02-28T09:46:23.797802700
2026-02-28 09:46:23 [http-nio-8080-exec-5] INFO  AUDIT_LOGGER - END getCurrentSeasonIdOrDefault - userId=null playerId=null returned [2] at 2026-02-28T09:46:23.797802700
2026-02-28 09:46:23 [http-nio-8080-exec-5] INFO  AUDIT_LOGGER - END getRegistrationsForMatch - userId=null playerId=null returned [[cz.phsoft.hokej.registration.dto.MatchRegistrationDTO@766b8142, cz.phsoft.hokej.registration.dto.MatchRegistrationDTO@5fe5aa46, cz.phsoft.hokej.registration.dto.MatchRegistrationDTO@3f78c349, cz.phsoft.hokej.registration.dto.MatchRegistrationDTO@33b91264, cz.phsoft.hokej.registration.dto.MatchRegistrationDTO@19f2f4c0]] at 2026-02-28T09:46:23.859805100
2026-02-28 09:46:23 [http-nio-8080-exec-5] INFO  AUDIT_LOGGER - START MatchRegistrationServiceImpl.getNoResponsePlayers(..) at 2026-02-28T09:46:23.870800400 with args [54]
2026-02-28 09:46:23 [http-nio-8080-exec-5] INFO  AUDIT_LOGGER - START CurrentSeasonServiceImpl.getCurrentSeasonIdOrDefault() at 2026-02-28T09:46:23.872799 with args []
2026-02-28 09:46:23 [http-nio-8080-exec-5] INFO  AUDIT_LOGGER - START SeasonServiceImpl.getActiveSeasonOrNull() at 2026-02-28T09:46:23.873800300 with args []
2026-02-28 09:46:23 [http-nio-8080-exec-5] INFO  AUDIT_LOGGER - END getActiveSeasonOrNull - userId=null playerId=null returned [cz.phsoft.hokej.season.dto.SeasonDTO@6727999e] at 2026-02-28T09:46:23.877803700
2026-02-28 09:46:23 [http-nio-8080-exec-5] INFO  AUDIT_LOGGER - END getCurrentSeasonIdOrDefault - userId=null playerId=null returned [2] at 2026-02-28T09:46:23.877803700
2026-02-28 09:46:23 [http-nio-8080-exec-5] INFO  AUDIT_LOGGER - END getNoResponsePlayers - userId=null playerId=null returned [[cz.phsoft.hokej.player.dto.PlayerDTO@6089a192, cz.phsoft.hokej.player.dto.PlayerDTO@2ca4a4bc, cz.phsoft.hokej.player.dto.PlayerDTO@1b52364c, cz.phsoft.hokej.player.dto.PlayerDTO@2c6870e7, cz.phsoft.hokej.player.dto.PlayerDTO@140d1c9, cz.phsoft.hokej.player.dto.PlayerDTO@8481419]] at 2026-02-28T09:46:23.921803300
2026-02-28 09:46:23 [http-nio-8080-exec-5] INFO  AUDIT_LOGGER - START CurrentPlayerServiceImpl.getCurrentPlayerId() at 2026-02-28T09:46:23.933800200 with args []
2026-02-28 09:46:23 [http-nio-8080-exec-5] INFO  AUDIT_LOGGER - END getCurrentPlayerId - userId=null playerId=null returned [null] at 2026-02-28T09:46:23.933800200
2026-02-28 09:46:23 [http-nio-8080-exec-5] INFO  AUDIT_LOGGER - END getMatchDetail - userId=null playerId=null returned [cz.phsoft.hokej.match.dto.MatchDetailDTO@45008066] at 2026-02-28T09:46:23.954804800
2026-02-28 09:47:15 [http-nio-8080-exec-6] INFO  AUDIT_LOGGER - START CurrentPlayerServiceImpl.getCurrentPlayerId() at 2026-02-28T09:47:15.442817600 with args []
2026-02-28 09:47:15 [http-nio-8080-exec-6] INFO  AUDIT_LOGGER - END getCurrentPlayerId - userId=null playerId=null returned [null] at 2026-02-28T09:47:15.445817900
2026-02-28 09:47:31 [http-nio-8080-exec-8] INFO  AUDIT_LOGGER - START CurrentPlayerServiceImpl.getCurrentPlayerId() at 2026-02-28T09:47:31.584700700 with args []
2026-02-28 09:47:31 [http-nio-8080-exec-8] INFO  AUDIT_LOGGER - END getCurrentPlayerId - userId=null playerId=null returned [null] at 2026-02-28T09:47:31.584700700
2026-02-28 09:47:31 [http-nio-8080-exec-8] INFO  AUDIT_LOGGER - START MatchPositionServiceImpl.getPositionOverviewForMatchAndTeam(..) at 2026-02-28T09:47:31.613947200 with args [54, DARK]
2026-02-28 09:47:31 [http-nio-8080-exec-8] INFO  AUDIT_LOGGER - START MatchRegistrationServiceImpl.getRegistrationsForMatch(..) at 2026-02-28T09:47:31.661948600 with args [54]
2026-02-28 09:47:31 [http-nio-8080-exec-8] INFO  AUDIT_LOGGER - START CurrentSeasonServiceImpl.getCurrentSeasonIdOrDefault() at 2026-02-28T09:47:31.663944800 with args []
2026-02-28 09:47:31 [http-nio-8080-exec-8] INFO  AUDIT_LOGGER - START SeasonServiceImpl.getActiveSeasonOrNull() at 2026-02-28T09:47:31.664949700 with args []
2026-02-28 09:47:31 [http-nio-8080-exec-8] INFO  AUDIT_LOGGER - END getActiveSeasonOrNull - userId=null playerId=null returned [cz.phsoft.hokej.season.dto.SeasonDTO@3c31c058] at 2026-02-28T09:47:31.667949300
2026-02-28 09:47:31 [http-nio-8080-exec-8] INFO  AUDIT_LOGGER - END getCurrentSeasonIdOrDefault - userId=null playerId=null returned [2] at 2026-02-28T09:47:31.668956
2026-02-28 09:47:31 [http-nio-8080-exec-8] INFO  AUDIT_LOGGER - END getRegistrationsForMatch - userId=null playerId=null returned [[cz.phsoft.hokej.registration.dto.MatchRegistrationDTO@200cf4f2, cz.phsoft.hokej.registration.dto.MatchRegistrationDTO@1dbf6d94, cz.phsoft.hokej.registration.dto.MatchRegistrationDTO@39b6f31d, cz.phsoft.hokej.registration.dto.MatchRegistrationDTO@7ae71544, cz.phsoft.hokej.registration.dto.MatchRegistrationDTO@3d8bd58e]] at 2026-02-28T09:47:31.716944200
2026-02-28 09:47:31 [http-nio-8080-exec-8] INFO  AUDIT_LOGGER - END getPositionOverviewForMatchAndTeam - userId=null playerId=null returned [cz.phsoft.hokej.match.dto.MatchTeamPositionOverviewDTO@934aa01] at 2026-02-28T09:47:31.750942500
2026-02-28 09:47:59 [http-nio-8080-exec-9] INFO  AUDIT_LOGGER - START CurrentPlayerServiceImpl.getCurrentPlayerId() at 2026-02-28T09:47:59.563276700 with args []
2026-02-28 09:47:59 [http-nio-8080-exec-9] INFO  AUDIT_LOGGER - END getCurrentPlayerId - userId=null playerId=null returned [null] at 2026-02-28T09:47:59.563276700
2026-02-28 09:47:59 [http-nio-8080-exec-9] INFO  AUDIT_LOGGER - START MatchPositionServiceImpl.getPositionOverviewForMatchAndTeam(..) at 2026-02-28T09:47:59.567280700 with args [53, DARK]
2026-02-28 09:47:59 [http-nio-8080-exec-9] INFO  AUDIT_LOGGER - START MatchRegistrationServiceImpl.getRegistrationsForMatch(..) at 2026-02-28T09:47:59.576276200 with args [53]
2026-02-28 09:47:59 [http-nio-8080-exec-9] INFO  AUDIT_LOGGER - START CurrentSeasonServiceImpl.getCurrentSeasonIdOrDefault() at 2026-02-28T09:47:59.579274800 with args []
2026-02-28 09:47:59 [http-nio-8080-exec-9] INFO  AUDIT_LOGGER - START SeasonServiceImpl.getActiveSeasonOrNull() at 2026-02-28T09:47:59.579274800 with args []
2026-02-28 09:47:59 [http-nio-8080-exec-9] INFO  AUDIT_LOGGER - END getActiveSeasonOrNull - userId=null playerId=null returned [cz.phsoft.hokej.season.dto.SeasonDTO@756ecd16] at 2026-02-28T09:47:59.584278200
2026-02-28 09:47:59 [http-nio-8080-exec-9] INFO  AUDIT_LOGGER - END getCurrentSeasonIdOrDefault - userId=null playerId=null returned [2] at 2026-02-28T09:47:59.585281600
2026-02-28 09:47:59 [http-nio-8080-exec-9] INFO  AUDIT_LOGGER - END getRegistrationsForMatch - userId=null playerId=null returned [[cz.phsoft.hokej.registration.dto.MatchRegistrationDTO@541e105b, cz.phsoft.hokej.registration.dto.MatchRegistrationDTO@77764a6, cz.phsoft.hokej.registration.dto.MatchRegistrationDTO@49fdd477, cz.phsoft.hokej.registration.dto.MatchRegistrationDTO@3aa325d9, cz.phsoft.hokej.registration.dto.MatchRegistrationDTO@1e1b661e, cz.phsoft.hokej.registration.dto.MatchRegistrationDTO@22f5732f, cz.phsoft.hokej.registration.dto.MatchRegistrationDTO@58c456a, cz.phsoft.hokej.registration.dto.MatchRegistrationDTO@26a225ef, cz.phsoft.hokej.registration.dto.MatchRegistrationDTO@63cc8cb3, cz.phsoft.hokej.registration.dto.MatchRegistrationDTO@6a29f7ee, cz.phsoft.hokej.registration.dto.MatchRegistrationDTO@de948d4]] at 2026-02-28T09:47:59.658282900
2026-02-28 09:47:59 [http-nio-8080-exec-9] INFO  AUDIT_LOGGER - END getPositionOverviewForMatchAndTeam - userId=null playerId=null returned [cz.phsoft.hokej.match.dto.MatchTeamPositionOverviewDTO@184e25f0] at 2026-02-28T09:47:59.659276400
2026-02-28 09:48:18 [http-nio-8080-exec-10] INFO  AUDIT_LOGGER - START CurrentPlayerServiceImpl.getCurrentPlayerId() at 2026-02-28T09:48:18.366448200 with args []
2026-02-28 09:48:18 [http-nio-8080-exec-10] INFO  AUDIT_LOGGER - END getCurrentPlayerId - userId=null playerId=null returned [null] at 2026-02-28T09:48:18.366448200
2026-02-28 09:48:18 [http-nio-8080-exec-10] INFO  AUDIT_LOGGER - START MatchPositionServiceImpl.getPositionOverviewForMatchAndTeam(..) at 2026-02-28T09:48:18.369449700 with args [53, LIGHT]
2026-02-28 09:48:18 [http-nio-8080-exec-10] INFO  AUDIT_LOGGER - START MatchRegistrationServiceImpl.getRegistrationsForMatch(..) at 2026-02-28T09:48:18.377446300 with args [53]
2026-02-28 09:48:18 [http-nio-8080-exec-10] INFO  AUDIT_LOGGER - START CurrentSeasonServiceImpl.getCurrentSeasonIdOrDefault() at 2026-02-28T09:48:18.378446500 with args []
2026-02-28 09:48:18 [http-nio-8080-exec-10] INFO  AUDIT_LOGGER - START SeasonServiceImpl.getActiveSeasonOrNull() at 2026-02-28T09:48:18.379449100 with args []
2026-02-28 09:48:18 [http-nio-8080-exec-10] INFO  AUDIT_LOGGER - END getActiveSeasonOrNull - userId=null playerId=null returned [cz.phsoft.hokej.season.dto.SeasonDTO@4b00c7a5] at 2026-02-28T09:48:18.382445100
2026-02-28 09:48:18 [http-nio-8080-exec-10] INFO  AUDIT_LOGGER - END getCurrentSeasonIdOrDefault - userId=null playerId=null returned [2] at 2026-02-28T09:48:18.383451100
2026-02-28 09:48:18 [http-nio-8080-exec-10] INFO  AUDIT_LOGGER - END getRegistrationsForMatch - userId=null playerId=null returned [[cz.phsoft.hokej.registration.dto.MatchRegistrationDTO@3e9da909, cz.phsoft.hokej.registration.dto.MatchRegistrationDTO@4c704456, cz.phsoft.hokej.registration.dto.MatchRegistrationDTO@255a2fb9, cz.phsoft.hokej.registration.dto.MatchRegistrationDTO@7034664e, cz.phsoft.hokej.registration.dto.MatchRegistrationDTO@23324ca0, cz.phsoft.hokej.registration.dto.MatchRegistrationDTO@6daeee64, cz.phsoft.hokej.registration.dto.MatchRegistrationDTO@197d338f, cz.phsoft.hokej.registration.dto.MatchRegistrationDTO@4a2820f8, cz.phsoft.hokej.registration.dto.MatchRegistrationDTO@7bce3251, cz.phsoft.hokej.registration.dto.MatchRegistrationDTO@61893e82, cz.phsoft.hokej.registration.dto.MatchRegistrationDTO@11989877]] at 2026-02-28T09:48:18.446442500
2026-02-28 09:48:18 [http-nio-8080-exec-10] INFO  AUDIT_LOGGER - END getPositionOverviewForMatchAndTeam - userId=null playerId=null returned [cz.phsoft.hokej.match.dto.MatchTeamPositionOverviewDTO@1abc455c] at 2026-02-28T09:48:18.446442500
2026-02-28 09:48:35 [http-nio-8080-exec-2] INFO  AUDIT_LOGGER - START CurrentPlayerServiceImpl.getCurrentPlayerId() at 2026-02-28T09:48:35.313126 with args []
2026-02-28 09:48:35 [http-nio-8080-exec-2] INFO  AUDIT_LOGGER - END getCurrentPlayerId - userId=null playerId=null returned [null] at 2026-02-28T09:48:35.313126
2026-02-28 09:48:35 [http-nio-8080-exec-2] INFO  AUDIT_LOGGER - START MatchPositionServiceImpl.getPositionOverviewForMatchAndTeam(..) at 2026-02-28T09:48:35.317126900 with args [53, DARK]
2026-02-28 09:48:35 [http-nio-8080-exec-2] INFO  AUDIT_LOGGER - START MatchRegistrationServiceImpl.getRegistrationsForMatch(..) at 2026-02-28T09:48:35.328127300 with args [53]
2026-02-28 09:48:35 [http-nio-8080-exec-2] INFO  AUDIT_LOGGER - START CurrentSeasonServiceImpl.getCurrentSeasonIdOrDefault() at 2026-02-28T09:48:35.329127600 with args []
2026-02-28 09:48:35 [http-nio-8080-exec-2] INFO  AUDIT_LOGGER - START SeasonServiceImpl.getActiveSeasonOrNull() at 2026-02-28T09:48:35.330149400 with args []
2026-02-28 09:48:35 [http-nio-8080-exec-2] INFO  AUDIT_LOGGER - END getActiveSeasonOrNull - userId=null playerId=null returned [cz.phsoft.hokej.season.dto.SeasonDTO@483e9436] at 2026-02-28T09:48:35.332125400
2026-02-28 09:48:35 [http-nio-8080-exec-2] INFO  AUDIT_LOGGER - END getCurrentSeasonIdOrDefault - userId=null playerId=null returned [2] at 2026-02-28T09:48:35.333128700
2026-02-28 09:48:35 [http-nio-8080-exec-2] INFO  AUDIT_LOGGER - END getRegistrationsForMatch - userId=null playerId=null returned [[cz.phsoft.hokej.registration.dto.MatchRegistrationDTO@32523c0f, cz.phsoft.hokej.registration.dto.MatchRegistrationDTO@550d3a6c, cz.phsoft.hokej.registration.dto.MatchRegistrationDTO@76d69665, cz.phsoft.hokej.registration.dto.MatchRegistrationDTO@3fbd0728, cz.phsoft.hokej.registration.dto.MatchRegistrationDTO@1cace694, cz.phsoft.hokej.registration.dto.MatchRegistrationDTO@204e6137, cz.phsoft.hokej.registration.dto.MatchRegistrationDTO@6269bee5, cz.phsoft.hokej.registration.dto.MatchRegistrationDTO@35ba71c7, cz.phsoft.hokej.registration.dto.MatchRegistrationDTO@4e59a9a2, cz.phsoft.hokej.registration.dto.MatchRegistrationDTO@1d4d3e87, cz.phsoft.hokej.registration.dto.MatchRegistrationDTO@32fc355d]] at 2026-02-28T09:48:35.404126800
2026-02-28 09:48:35 [http-nio-8080-exec-2] INFO  AUDIT_LOGGER - END getPositionOverviewForMatchAndTeam - userId=null playerId=null returned [cz.phsoft.hokej.match.dto.MatchTeamPositionOverviewDTO@542e4e8c] at 2026-02-28T09:48:35.404126800
2026-02-28 09:48:45 [http-nio-8080-exec-1] INFO  AUDIT_LOGGER - START CurrentPlayerServiceImpl.getCurrentPlayerId() at 2026-02-28T09:48:45.526765300 with args []
2026-02-28 09:48:45 [http-nio-8080-exec-1] INFO  AUDIT_LOGGER - END getCurrentPlayerId - userId=null playerId=null returned [null] at 2026-02-28T09:48:45.526765300
2026-02-28 09:48:45 [http-nio-8080-exec-1] INFO  AUDIT_LOGGER - START MatchPositionServiceImpl.getPositionOverviewForMatchAndTeam(..) at 2026-02-28T09:48:45.529767 with args [54, DARK]
2026-02-28 09:48:45 [http-nio-8080-exec-1] INFO  AUDIT_LOGGER - START MatchRegistrationServiceImpl.getRegistrationsForMatch(..) at 2026-02-28T09:48:45.533763200 with args [54]
2026-02-28 09:48:45 [http-nio-8080-exec-1] INFO  AUDIT_LOGGER - START CurrentSeasonServiceImpl.getCurrentSeasonIdOrDefault() at 2026-02-28T09:48:45.537762400 with args []
2026-02-28 09:48:45 [http-nio-8080-exec-1] INFO  AUDIT_LOGGER - START SeasonServiceImpl.getActiveSeasonOrNull() at 2026-02-28T09:48:45.537762400 with args []
2026-02-28 09:48:45 [http-nio-8080-exec-1] INFO  AUDIT_LOGGER - END getActiveSeasonOrNull - userId=null playerId=null returned [cz.phsoft.hokej.season.dto.SeasonDTO@5498ad6c] at 2026-02-28T09:48:45.540766
2026-02-28 09:48:45 [http-nio-8080-exec-1] INFO  AUDIT_LOGGER - END getCurrentSeasonIdOrDefault - userId=null playerId=null returned [2] at 2026-02-28T09:48:45.540766
2026-02-28 09:48:45 [http-nio-8080-exec-1] INFO  AUDIT_LOGGER - END getRegistrationsForMatch - userId=null playerId=null returned [[cz.phsoft.hokej.registration.dto.MatchRegistrationDTO@738b6661, cz.phsoft.hokej.registration.dto.MatchRegistrationDTO@1cd70e84, cz.phsoft.hokej.registration.dto.MatchRegistrationDTO@5449445d, cz.phsoft.hokej.registration.dto.MatchRegistrationDTO@2fdaa8c, cz.phsoft.hokej.registration.dto.MatchRegistrationDTO@2a6d6cdc]] at 2026-02-28T09:48:45.568764400
2026-02-28 09:48:45 [http-nio-8080-exec-1] INFO  AUDIT_LOGGER - END getPositionOverviewForMatchAndTeam - userId=null playerId=null returned [cz.phsoft.hokej.match.dto.MatchTeamPositionOverviewDTO@eeaf43b] at 2026-02-28T09:48:45.569769500
2026-02-28 09:49:09 [scheduling-1] INFO  AUDIT_LOGGER - START MatchReminderScheduler.processMatchReminders() at 2026-02-28T09:49:09.179507 with args []
2026-02-28 09:49:09 [scheduling-1] INFO  AUDIT_LOGGER - END processMatchReminders - userId=null playerId=null returned [null] at 2026-02-28T09:49:09.183507200
2026-02-28 09:49:51 [http-nio-8080-exec-5] INFO  AUDIT_LOGGER - START CurrentPlayerServiceImpl.getCurrentPlayerId() at 2026-02-28T09:49:51.037126300 with args []
2026-02-28 09:49:51 [http-nio-8080-exec-5] INFO  AUDIT_LOGGER - END getCurrentPlayerId - userId=null playerId=null returned [null] at 2026-02-28T09:49:51.038132500
2026-02-28 09:49:51 [http-nio-8080-exec-5] INFO  AUDIT_LOGGER - START MatchServiceImpl.updateMatch(..) at 2026-02-28T09:49:51.042126800 with args [54, cz.phsoft.hokej.match.dto.MatchDTO@17417315]
2026-02-28 09:49:51 [http-nio-8080-exec-5] INFO  AUDIT_LOGGER - START MatchCapacityServiceImpl.handleCapacityChange(..) at 2026-02-28T09:49:51.112131 with args [cz.phsoft.hokej.match.entities.MatchEntity@63b8cf4, 10]
2026-02-28 09:49:51 [http-nio-8080-exec-5] INFO  AUDIT_LOGGER - START MatchRegistrationServiceImpl.getRegistrationsForMatch(..) at 2026-02-28T09:49:51.112131 with args [54]
2026-02-28 09:49:51 [http-nio-8080-exec-5] INFO  AUDIT_LOGGER - START CurrentSeasonServiceImpl.getCurrentSeasonIdOrDefault() at 2026-02-28T09:49:51.113132100 with args []
2026-02-28 09:49:51 [http-nio-8080-exec-5] INFO  AUDIT_LOGGER - START SeasonServiceImpl.getActiveSeasonOrNull() at 2026-02-28T09:49:51.113132100 with args []
2026-02-28 09:49:51 [http-nio-8080-exec-5] INFO  AUDIT_LOGGER - END getActiveSeasonOrNull - userId=null playerId=null returned [cz.phsoft.hokej.season.dto.SeasonDTO@3a3c3bf] at 2026-02-28T09:49:51.120127600
2026-02-28 09:49:51 [http-nio-8080-exec-5] INFO  AUDIT_LOGGER - END getCurrentSeasonIdOrDefault - userId=null playerId=null returned [2] at 2026-02-28T09:49:51.120127600
2026-02-28 09:49:51 [http-nio-8080-exec-5] INFO  AUDIT_LOGGER - END getRegistrationsForMatch - userId=null playerId=null returned [[cz.phsoft.hokej.registration.dto.MatchRegistrationDTO@13b662c5, cz.phsoft.hokej.registration.dto.MatchRegistrationDTO@5c8b2c0f, cz.phsoft.hokej.registration.dto.MatchRegistrationDTO@12e210c8, cz.phsoft.hokej.registration.dto.MatchRegistrationDTO@6e227e33, cz.phsoft.hokej.registration.dto.MatchRegistrationDTO@4e228978]] at 2026-02-28T09:49:51.126126700
2026-02-28 09:49:51 [http-nio-8080-exec-5] INFO  AUDIT_LOGGER - START MatchRegistrationCommandServiceImpl.promoteReservedCandidatesForCapacityIncrease(..) at 2026-02-28T09:49:51.127127100 with args [54, DARK, null, 1]
2026-02-28 09:49:51 [http-nio-8080-exec-5] INFO  AUDIT_LOGGER - END promoteReservedCandidatesForCapacityIncrease - userId=null playerId=null returned [null] at 2026-02-28T09:49:51.150129900
2026-02-28 09:49:51 [http-nio-8080-exec-5] INFO  AUDIT_LOGGER - START MatchRegistrationCommandServiceImpl.promoteReservedCandidatesForCapacityIncrease(..) at 2026-02-28T09:49:51.150129900 with args [54, LIGHT, null, 1]
2026-02-28 09:49:51 [http-nio-8080-exec-5] INFO  AUDIT_LOGGER - END promoteReservedCandidatesForCapacityIncrease - userId=null playerId=null returned [null] at 2026-02-28T09:49:51.166126900
2026-02-28 09:49:51 [http-nio-8080-exec-5] INFO  AUDIT_LOGGER - END handleCapacityChange - userId=null playerId=null returned [null] at 2026-02-28T09:49:51.166126900
2026-02-28 09:49:51 [http-nio-8080-exec-5] INFO  AUDIT_LOGGER - END updateMatch - userId=null playerId=null returned [cz.phsoft.hokej.match.dto.MatchDTO@43a60400] at 2026-02-28T09:49:51.169127400
2026-02-28 09:49:56 [http-nio-8080-exec-6] INFO  AUDIT_LOGGER - START CurrentPlayerServiceImpl.getCurrentPlayerId() at 2026-02-28T09:49:56.665538400 with args []
2026-02-28 09:49:56 [http-nio-8080-exec-6] INFO  AUDIT_LOGGER - END getCurrentPlayerId - userId=null playerId=null returned [null] at 2026-02-28T09:49:56.667561700
2026-02-28 09:49:56 [http-nio-8080-exec-6] INFO  AUDIT_LOGGER - START MatchPositionServiceImpl.getPositionOverviewForMatchAndTeam(..) at 2026-02-28T09:49:56.670537900 with args [54, DARK]
2026-02-28 09:49:56 [http-nio-8080-exec-6] INFO  AUDIT_LOGGER - START MatchRegistrationServiceImpl.getRegistrationsForMatch(..) at 2026-02-28T09:49:56.675534 with args [54]
2026-02-28 09:49:56 [http-nio-8080-exec-6] INFO  AUDIT_LOGGER - START CurrentSeasonServiceImpl.getCurrentSeasonIdOrDefault() at 2026-02-28T09:49:56.677533300 with args []
2026-02-28 09:49:56 [http-nio-8080-exec-6] INFO  AUDIT_LOGGER - START SeasonServiceImpl.getActiveSeasonOrNull() at 2026-02-28T09:49:56.678535100 with args []
2026-02-28 09:49:56 [http-nio-8080-exec-6] INFO  AUDIT_LOGGER - END getActiveSeasonOrNull - userId=null playerId=null returned [cz.phsoft.hokej.season.dto.SeasonDTO@164ded9d] at 2026-02-28T09:49:56.681533800
2026-02-28 09:49:56 [http-nio-8080-exec-6] INFO  AUDIT_LOGGER - END getCurrentSeasonIdOrDefault - userId=null playerId=null returned [2] at 2026-02-28T09:49:56.681533800
2026-02-28 09:49:56 [http-nio-8080-exec-6] INFO  AUDIT_LOGGER - END getRegistrationsForMatch - userId=null playerId=null returned [[cz.phsoft.hokej.registration.dto.MatchRegistrationDTO@8745d48, cz.phsoft.hokej.registration.dto.MatchRegistrationDTO@23f81674, cz.phsoft.hokej.registration.dto.MatchRegistrationDTO@37ae3e54, cz.phsoft.hokej.registration.dto.MatchRegistrationDTO@1b33fce, cz.phsoft.hokej.registration.dto.MatchRegistrationDTO@2b07bcad]] at 2026-02-28T09:49:56.710535100
2026-02-28 09:49:56 [http-nio-8080-exec-6] INFO  AUDIT_LOGGER - END getPositionOverviewForMatchAndTeam - userId=null playerId=null returned [cz.phsoft.hokej.match.dto.MatchTeamPositionOverviewDTO@48af440f] at 2026-02-28T09:49:56.711534500
2026-02-28 09:50:29 [http-nio-8080-exec-7] INFO  AUDIT_LOGGER - START CurrentPlayerServiceImpl.getCurrentPlayerId() at 2026-02-28T09:50:29.106871 with args []
2026-02-28 09:50:29 [http-nio-8080-exec-7] INFO  AUDIT_LOGGER - END getCurrentPlayerId - userId=null playerId=null returned [null] at 2026-02-28T09:50:29.106871
2026-02-28 09:50:29 [http-nio-8080-exec-7] INFO  AUDIT_LOGGER - START MatchServiceImpl.updateMatch(..) at 2026-02-28T09:50:29.110866800 with args [54, cz.phsoft.hokej.match.dto.MatchDTO@31e2d9cd]
2026-02-28 09:50:29 [http-nio-8080-exec-7] INFO  AUDIT_LOGGER - START MatchCapacityServiceImpl.handleCapacityChange(..) at 2026-02-28T09:50:29.136864300 with args [cz.phsoft.hokej.match.entities.MatchEntity@5993a905, 12]
2026-02-28 09:50:29 [http-nio-8080-exec-7] INFO  AUDIT_LOGGER - START MatchRegistrationServiceImpl.getRegistrationsForMatch(..) at 2026-02-28T09:50:29.138917100 with args [54]
2026-02-28 09:50:29 [http-nio-8080-exec-7] INFO  AUDIT_LOGGER - START CurrentSeasonServiceImpl.getCurrentSeasonIdOrDefault() at 2026-02-28T09:50:29.139870100 with args []
2026-02-28 09:50:29 [http-nio-8080-exec-7] INFO  AUDIT_LOGGER - START SeasonServiceImpl.getActiveSeasonOrNull() at 2026-02-28T09:50:29.139870100 with args []
2026-02-28 09:50:29 [http-nio-8080-exec-7] INFO  AUDIT_LOGGER - END getActiveSeasonOrNull - userId=null playerId=null returned [cz.phsoft.hokej.season.dto.SeasonDTO@15cdcde8] at 2026-02-28T09:50:29.142876400
2026-02-28 09:50:29 [http-nio-8080-exec-7] INFO  AUDIT_LOGGER - END getCurrentSeasonIdOrDefault - userId=null playerId=null returned [2] at 2026-02-28T09:50:29.142876400
2026-02-28 09:50:29 [http-nio-8080-exec-7] INFO  AUDIT_LOGGER - END getRegistrationsForMatch - userId=null playerId=null returned [[cz.phsoft.hokej.registration.dto.MatchRegistrationDTO@1a92487d, cz.phsoft.hokej.registration.dto.MatchRegistrationDTO@cc8d1a5, cz.phsoft.hokej.registration.dto.MatchRegistrationDTO@5d4436d4, cz.phsoft.hokej.registration.dto.MatchRegistrationDTO@281705fd, cz.phsoft.hokej.registration.dto.MatchRegistrationDTO@20ce7122]] at 2026-02-28T09:50:29.172868
2026-02-28 09:50:29 [http-nio-8080-exec-7] INFO  AUDIT_LOGGER - START MatchRegistrationCommandServiceImpl.promoteReservedCandidatesForCapacityIncrease(..) at 2026-02-28T09:50:29.172868 with args [54, DARK, null, 1]
2026-02-28 09:50:29 [http-nio-8080-exec-7] INFO  AUDIT_LOGGER - END promoteReservedCandidatesForCapacityIncrease - userId=null playerId=null returned [null] at 2026-02-28T09:50:29.188865900
2026-02-28 09:50:29 [http-nio-8080-exec-7] INFO  AUDIT_LOGGER - START MatchRegistrationCommandServiceImpl.promoteReservedCandidatesForCapacityIncrease(..) at 2026-02-28T09:50:29.188865900 with args [54, LIGHT, null, 1]
2026-02-28 09:50:29 [http-nio-8080-exec-7] INFO  AUDIT_LOGGER - END promoteReservedCandidatesForCapacityIncrease - userId=null playerId=null returned [null] at 2026-02-28T09:50:29.206869800
2026-02-28 09:50:29 [http-nio-8080-exec-7] INFO  AUDIT_LOGGER - END handleCapacityChange - userId=null playerId=null returned [null] at 2026-02-28T09:50:29.206869800
2026-02-28 09:50:29 [http-nio-8080-exec-7] INFO  AUDIT_LOGGER - END updateMatch - userId=null playerId=null returned [cz.phsoft.hokej.match.dto.MatchDTO@a0cf59b] at 2026-02-28T09:50:29.210866400
2026-02-28 09:50:35 [http-nio-8080-exec-8] INFO  AUDIT_LOGGER - START CurrentPlayerServiceImpl.getCurrentPlayerId() at 2026-02-28T09:50:35.606328300 with args []
2026-02-28 09:50:35 [http-nio-8080-exec-8] INFO  AUDIT_LOGGER - END getCurrentPlayerId - userId=null playerId=null returned [null] at 2026-02-28T09:50:35.607334300
2026-02-28 09:50:35 [http-nio-8080-exec-8] INFO  AUDIT_LOGGER - START MatchPositionServiceImpl.getPositionOverviewForMatchAndTeam(..) at 2026-02-28T09:50:35.610330800 with args [54, DARK]
2026-02-28 09:50:35 [http-nio-8080-exec-8] INFO  AUDIT_LOGGER - START MatchRegistrationServiceImpl.getRegistrationsForMatch(..) at 2026-02-28T09:50:35.618328900 with args [54]
2026-02-28 09:50:35 [http-nio-8080-exec-8] INFO  AUDIT_LOGGER - START CurrentSeasonServiceImpl.getCurrentSeasonIdOrDefault() at 2026-02-28T09:50:35.621325500 with args []
2026-02-28 09:50:35 [http-nio-8080-exec-8] INFO  AUDIT_LOGGER - START SeasonServiceImpl.getActiveSeasonOrNull() at 2026-02-28T09:50:35.621325500 with args []
2026-02-28 09:50:35 [http-nio-8080-exec-8] INFO  AUDIT_LOGGER - END getActiveSeasonOrNull - userId=null playerId=null returned [cz.phsoft.hokej.season.dto.SeasonDTO@70cc98ec] at 2026-02-28T09:50:35.624325
2026-02-28 09:50:35 [http-nio-8080-exec-8] INFO  AUDIT_LOGGER - END getCurrentSeasonIdOrDefault - userId=null playerId=null returned [2] at 2026-02-28T09:50:35.624325
2026-02-28 09:50:35 [http-nio-8080-exec-8] INFO  AUDIT_LOGGER - END getRegistrationsForMatch - userId=null playerId=null returned [[cz.phsoft.hokej.registration.dto.MatchRegistrationDTO@7cdd0672, cz.phsoft.hokej.registration.dto.MatchRegistrationDTO@6838f612, cz.phsoft.hokej.registration.dto.MatchRegistrationDTO@1cb5ba86, cz.phsoft.hokej.registration.dto.MatchRegistrationDTO@2748bc16, cz.phsoft.hokej.registration.dto.MatchRegistrationDTO@3332c01b]] at 2026-02-28T09:50:35.655886400
2026-02-28 09:50:35 [http-nio-8080-exec-8] INFO  AUDIT_LOGGER - END getPositionOverviewForMatchAndTeam - userId=null playerId=null returned [cz.phsoft.hokej.match.dto.MatchTeamPositionOverviewDTO@1c153809] at 2026-02-28T09:50:35.656889100
2026-02-28 09:53:40 [scheduling-1] INFO  AUDIT_LOGGER - START MatchReminderScheduler.processMatchReminders() at 2026-02-28T09:53:40.701429300 with args []
2026-02-28 09:53:40 [scheduling-1] INFO  AUDIT_LOGGER - END processMatchReminders - userId=null playerId=null returned [null] at 2026-02-28T09:53:40.872428900
2026-02-28 09:54:06 [http-nio-8080-exec-2] INFO  AUDIT_LOGGER - START AppUserServiceImpl.onSuccessfulLogin(..) at 2026-02-28T09:54:06.434147400 with args [player1@example.com]
2026-02-28 09:54:06 [http-nio-8080-exec-2] INFO  AUDIT_LOGGER - END onSuccessfulLogin - userId=null playerId=null returned [null] at 2026-02-28T09:54:06.456114100
2026-02-28 09:54:13 [http-nio-8080-exec-3] INFO  AUDIT_LOGGER - START CurrentPlayerServiceImpl.getCurrentPlayerId() at 2026-02-28T09:54:13.791519800 with args []
2026-02-28 09:54:13 [http-nio-8080-exec-3] INFO  AUDIT_LOGGER - END getCurrentPlayerId - userId=null playerId=null returned [null] at 2026-02-28T09:54:13.793517500
2026-02-28 09:54:14 [http-nio-8080-exec-3] INFO  AUDIT_LOGGER - START MatchPositionServiceImpl.getPositionOverviewForMatchAndTeam(..) at 2026-02-28T09:54:14.006955300 with args [54, DARK]
2026-02-28 09:54:14 [http-nio-8080-exec-3] INFO  AUDIT_LOGGER - START MatchRegistrationServiceImpl.getRegistrationsForMatch(..) at 2026-02-28T09:54:14.051947800 with args [54]
2026-02-28 09:54:14 [http-nio-8080-exec-3] INFO  AUDIT_LOGGER - START CurrentSeasonServiceImpl.getCurrentSeasonIdOrDefault() at 2026-02-28T09:54:14.061948 with args []
2026-02-28 09:54:14 [http-nio-8080-exec-3] INFO  AUDIT_LOGGER - START SeasonServiceImpl.getActiveSeasonOrNull() at 2026-02-28T09:54:14.062947500 with args []
2026-02-28 09:54:14 [http-nio-8080-exec-3] INFO  AUDIT_LOGGER - END getActiveSeasonOrNull - userId=null playerId=null returned [cz.phsoft.hokej.season.dto.SeasonDTO@7b93e999] at 2026-02-28T09:54:14.070944200
2026-02-28 09:54:14 [http-nio-8080-exec-3] INFO  AUDIT_LOGGER - END getCurrentSeasonIdOrDefault - userId=null playerId=null returned [2] at 2026-02-28T09:54:14.070944200
2026-02-28 09:54:14 [http-nio-8080-exec-3] INFO  AUDIT_LOGGER - END getRegistrationsForMatch - userId=null playerId=null returned [[cz.phsoft.hokej.registration.dto.MatchRegistrationDTO@13de668, cz.phsoft.hokej.registration.dto.MatchRegistrationDTO@3ad83ec3, cz.phsoft.hokej.registration.dto.MatchRegistrationDTO@dec28ce, cz.phsoft.hokej.registration.dto.MatchRegistrationDTO@4613b8ab, cz.phsoft.hokej.registration.dto.MatchRegistrationDTO@28f308a7]] at 2026-02-28T09:54:14.128942400
2026-02-28 09:54:14 [http-nio-8080-exec-3] INFO  AUDIT_LOGGER - END getPositionOverviewForMatchAndTeam - userId=null playerId=null returned [cz.phsoft.hokej.match.dto.MatchTeamPositionOverviewDTO@45de717] at 2026-02-28T09:54:14.137948200
2026-02-28 09:54:19 [http-nio-8080-exec-4] INFO  AUDIT_LOGGER - START CurrentPlayerServiceImpl.getCurrentPlayerId() at 2026-02-28T09:54:19.618413900 with args []
2026-02-28 09:54:19 [http-nio-8080-exec-4] INFO  AUDIT_LOGGER - END getCurrentPlayerId - userId=null playerId=null returned [null] at 2026-02-28T09:54:19.620410500
2026-02-28 09:54:19 [http-nio-8080-exec-4] INFO  AUDIT_LOGGER - START MatchPositionServiceImpl.getPositionOverviewForMatchAndTeam(..) at 2026-02-28T09:54:19.623418600 with args [54, DARK]
2026-02-28 09:54:19 [http-nio-8080-exec-4] INFO  AUDIT_LOGGER - START MatchRegistrationServiceImpl.getRegistrationsForMatch(..) at 2026-02-28T09:54:19.642413300 with args [54]
2026-02-28 09:54:19 [http-nio-8080-exec-4] INFO  AUDIT_LOGGER - START CurrentSeasonServiceImpl.getCurrentSeasonIdOrDefault() at 2026-02-28T09:54:19.645412500 with args []
2026-02-28 09:54:19 [http-nio-8080-exec-4] INFO  AUDIT_LOGGER - START SeasonServiceImpl.getActiveSeasonOrNull() at 2026-02-28T09:54:19.646410500 with args []
2026-02-28 09:54:19 [http-nio-8080-exec-4] INFO  AUDIT_LOGGER - END getActiveSeasonOrNull - userId=null playerId=null returned [cz.phsoft.hokej.season.dto.SeasonDTO@1fcf995d] at 2026-02-28T09:54:19.649411700
2026-02-28 09:54:19 [http-nio-8080-exec-4] INFO  AUDIT_LOGGER - END getCurrentSeasonIdOrDefault - userId=null playerId=null returned [2] at 2026-02-28T09:54:19.650411
2026-02-28 09:54:19 [http-nio-8080-exec-4] INFO  AUDIT_LOGGER - END getRegistrationsForMatch - userId=null playerId=null returned [[cz.phsoft.hokej.registration.dto.MatchRegistrationDTO@59a05586, cz.phsoft.hokej.registration.dto.MatchRegistrationDTO@7dd70f91, cz.phsoft.hokej.registration.dto.MatchRegistrationDTO@7aca0c39, cz.phsoft.hokej.registration.dto.MatchRegistrationDTO@36fea7ab, cz.phsoft.hokej.registration.dto.MatchRegistrationDTO@6d29d897]] at 2026-02-28T09:54:19.694410700
2026-02-28 09:54:19 [http-nio-8080-exec-4] INFO  AUDIT_LOGGER - END getPositionOverviewForMatchAndTeam - userId=null playerId=null returned [cz.phsoft.hokej.match.dto.MatchTeamPositionOverviewDTO@28c7f924] at 2026-02-28T09:54:19.694410700
2026-02-28 09:54:35 [http-nio-8080-exec-5] INFO  AUDIT_LOGGER - START CurrentPlayerServiceImpl.getCurrentPlayerId() at 2026-02-28T09:54:35.100276600 with args []
2026-02-28 09:54:35 [http-nio-8080-exec-5] INFO  AUDIT_LOGGER - END getCurrentPlayerId - userId=null playerId=null returned [null] at 2026-02-28T09:54:35.100276600
2026-02-28 09:54:35 [http-nio-8080-exec-5] INFO  AUDIT_LOGGER - START MatchPositionServiceImpl.getPositionOverviewForMatch(..) at 2026-02-28T09:54:35.105281900 with args [54]
2026-02-28 09:54:35 [http-nio-8080-exec-5] INFO  AUDIT_LOGGER - START MatchRegistrationServiceImpl.getRegistrationsForMatch(..) at 2026-02-28T09:54:35.110280300 with args [54]
2026-02-28 09:54:35 [http-nio-8080-exec-5] INFO  AUDIT_LOGGER - START CurrentSeasonServiceImpl.getCurrentSeasonIdOrDefault() at 2026-02-28T09:54:35.114278200 with args []
2026-02-28 09:54:35 [http-nio-8080-exec-5] INFO  AUDIT_LOGGER - START SeasonServiceImpl.getActiveSeasonOrNull() at 2026-02-28T09:54:35.115277100 with args []
2026-02-28 09:54:35 [http-nio-8080-exec-5] INFO  AUDIT_LOGGER - END getActiveSeasonOrNull - userId=null playerId=null returned [cz.phsoft.hokej.season.dto.SeasonDTO@2337589] at 2026-02-28T09:54:35.117275200
2026-02-28 09:54:35 [http-nio-8080-exec-5] INFO  AUDIT_LOGGER - END getCurrentSeasonIdOrDefault - userId=null playerId=null returned [2] at 2026-02-28T09:54:35.117275200
2026-02-28 09:54:35 [http-nio-8080-exec-5] INFO  AUDIT_LOGGER - END getRegistrationsForMatch - userId=null playerId=null returned [[cz.phsoft.hokej.registration.dto.MatchRegistrationDTO@104d7000, cz.phsoft.hokej.registration.dto.MatchRegistrationDTO@28a0d6e4, cz.phsoft.hokej.registration.dto.MatchRegistrationDTO@3f5c25fe, cz.phsoft.hokej.registration.dto.MatchRegistrationDTO@2e661130, cz.phsoft.hokej.registration.dto.MatchRegistrationDTO@55d0a98c]] at 2026-02-28T09:54:35.156282400
2026-02-28 09:54:35 [http-nio-8080-exec-5] INFO  AUDIT_LOGGER - END getPositionOverviewForMatch - userId=null playerId=null returned [cz.phsoft.hokej.match.dto.MatchPositionOverviewDTO@3b35916b] at 2026-02-28T09:54:35.158280100
2026-02-28 09:58:41 [scheduling-1] INFO  AUDIT_LOGGER - START MatchReminderScheduler.processMatchReminders() at 2026-02-28T09:58:41.108047200 with args []
2026-02-28 09:58:41 [scheduling-1] INFO  AUDIT_LOGGER - END processMatchReminders - userId=null playerId=null returned [null] at 2026-02-28T09:58:41.118040700
2026-02-28 10:03:41 [scheduling-1] INFO  AUDIT_LOGGER - START MatchReminderScheduler.processMatchReminders() at 2026-02-28T10:03:41.135788100 with args []
2026-02-28 10:03:41 [scheduling-1] INFO  AUDIT_LOGGER - END processMatchReminders - userId=null playerId=null returned [null] at 2026-02-28T10:03:41.148788700
2026-02-28 10:08:41 [scheduling-1] INFO  AUDIT_LOGGER - START MatchReminderScheduler.processMatchReminders() at 2026-02-28T10:08:41.161395200 with args []
2026-02-28 10:08:41 [scheduling-1] INFO  AUDIT_LOGGER - END processMatchReminders - userId=null playerId=null returned [null] at 2026-02-28T10:08:41.169395400
