2025-12-11 20:16:47 [main] INFO  AUDIT_LOGGER - START MatchServiceImpl.getAllMatches() at 2025-12-11T20:16:47.371002600 with args []
2025-12-11 20:16:47 [main] INFO  AUDIT_LOGGER - END getAllMatches - userId=null playerId=null returned [[cz.phsoft.hokej.models.dto.MatchDTO@33fa6a8b, cz.phsoft.hokej.models.dto.MatchDTO@513f8279, cz.phsoft.hokej.models.dto.MatchDTO@2d5cb059, cz.phsoft.hokej.models.dto.MatchDTO@23591a2c, cz.phsoft.hokej.models.dto.MatchDTO@431782fe, cz.phsoft.hokej.models.dto.MatchDTO@6e16fcaf, cz.phsoft.hokej.models.dto.MatchDTO@2680474c, cz.phsoft.hokej.models.dto.MatchDTO@4de3a1ca, cz.phsoft.hokej.models.dto.MatchDTO@329cdafa, cz.phsoft.hokej.models.dto.MatchDTO@6b36ab82]] at 2025-12-11T20:16:47.914037600
2025-12-11 20:16:48 [main] INFO  AUDIT_LOGGER - START MatchServiceImpl.getNextMatch() at 2025-12-11T20:16:48.711028900 with args []
2025-12-11 20:16:48 [main] INFO  AUDIT_LOGGER - END getNextMatch - userId=null playerId=null returned [cz.phsoft.hokej.models.dto.MatchDTO@f6b85c3] at 2025-12-11T20:16:48.839169700
2025-12-11 20:16:49 [main] INFO  AUDIT_LOGGER - START MatchServiceImpl.createMatch(..) at 2025-12-11T20:16:49.583043 with args [cz.phsoft.hokej.models.dto.MatchDTO@1f799f4c]
2025-12-11 20:16:50 [main] INFO  AUDIT_LOGGER - END createMatch - userId=null playerId=null returned [cz.phsoft.hokej.models.dto.MatchDTO@16043cb9] at 2025-12-11T20:16:50.084675200
2025-12-11 20:16:50 [main] INFO  AUDIT_LOGGER - START MatchServiceImpl.getAllMatches() at 2025-12-11T20:16:50.112805400 with args []
2025-12-11 20:16:50 [main] INFO  AUDIT_LOGGER - END getAllMatches - userId=null playerId=null returned [[cz.phsoft.hokej.models.dto.MatchDTO@44f4c619, cz.phsoft.hokej.models.dto.MatchDTO@25892fe3, cz.phsoft.hokej.models.dto.MatchDTO@17765082, cz.phsoft.hokej.models.dto.MatchDTO@17fac5b2, cz.phsoft.hokej.models.dto.MatchDTO@75dc1d5a, cz.phsoft.hokej.models.dto.MatchDTO@1946d235, cz.phsoft.hokej.models.dto.MatchDTO@3c9163df, cz.phsoft.hokej.models.dto.MatchDTO@7d07e6aa, cz.phsoft.hokej.models.dto.MatchDTO@68a4129d, cz.phsoft.hokej.models.dto.MatchDTO@475ca2c6, cz.phsoft.hokej.models.dto.MatchDTO@7064ae69]] at 2025-12-11T20:16:50.149935400
2025-12-11 20:25:41 [main] INFO  AUDIT_LOGGER - START MatchServiceImpl.getAllMatches() at 2025-12-11T20:25:41.345378800 with args []
2025-12-11 20:25:41 [main] INFO  AUDIT_LOGGER - END getAllMatches - userId=null playerId=null returned [[cz.phsoft.hokej.models.dto.MatchDTO@431782fe, cz.phsoft.hokej.models.dto.MatchDTO@6e16fcaf, cz.phsoft.hokej.models.dto.MatchDTO@2680474c, cz.phsoft.hokej.models.dto.MatchDTO@4de3a1ca, cz.phsoft.hokej.models.dto.MatchDTO@329cdafa, cz.phsoft.hokej.models.dto.MatchDTO@6b36ab82, cz.phsoft.hokej.models.dto.MatchDTO@4f283b8f, cz.phsoft.hokej.models.dto.MatchDTO@1f953e51, cz.phsoft.hokej.models.dto.MatchDTO@4b0a6c53, cz.phsoft.hokej.models.dto.MatchDTO@15beb40b, cz.phsoft.hokej.models.dto.MatchDTO@1bc41170]] at 2025-12-11T20:25:41.449381900
2025-12-11 20:25:41 [main] INFO  AUDIT_LOGGER - START MatchServiceImpl.getNextMatch() at 2025-12-11T20:25:41.672510400 with args []
2025-12-11 20:25:41 [main] INFO  AUDIT_LOGGER - END getNextMatch - userId=null playerId=null returned [cz.phsoft.hokej.models.dto.MatchDTO@11caa21d] at 2025-12-11T20:25:41.789506100
2025-12-11 20:25:42 [main] INFO  AUDIT_LOGGER - START MatchServiceImpl.createMatch(..) at 2025-12-11T20:25:42.069725800 with args [cz.phsoft.hokej.models.dto.MatchDTO@3095a6e0]
2025-12-11 20:25:42 [main] INFO  AUDIT_LOGGER - END createMatch - userId=null playerId=null returned [cz.phsoft.hokej.models.dto.MatchDTO@7d5caf3] at 2025-12-11T20:25:42.197139300
2025-12-11 20:25:42 [main] INFO  AUDIT_LOGGER - START MatchServiceImpl.getAllMatches() at 2025-12-11T20:25:42.223141 with args []
2025-12-11 20:25:42 [main] INFO  AUDIT_LOGGER - END getAllMatches - userId=null playerId=null returned [[cz.phsoft.hokej.models.dto.MatchDTO@7d07e6aa, cz.phsoft.hokej.models.dto.MatchDTO@68a4129d, cz.phsoft.hokej.models.dto.MatchDTO@475ca2c6, cz.phsoft.hokej.models.dto.MatchDTO@7064ae69, cz.phsoft.hokej.models.dto.MatchDTO@32142479, cz.phsoft.hokej.models.dto.MatchDTO@7aece85c, cz.phsoft.hokej.models.dto.MatchDTO@58842f55, cz.phsoft.hokej.models.dto.MatchDTO@dc6c5ca, cz.phsoft.hokej.models.dto.MatchDTO@1e620fe7, cz.phsoft.hokej.models.dto.MatchDTO@351aa7f, cz.phsoft.hokej.models.dto.MatchDTO@7a56c3c7, cz.phsoft.hokej.models.dto.MatchDTO@4105b1d2]] at 2025-12-11T20:25:42.235145200
2025-12-11 20:35:10 [main] INFO  AUDIT_LOGGER - START MatchServiceImpl.getAllMatches() at 2025-12-11T20:35:10.409864300 with args []
2025-12-11 20:35:10 [main] INFO  AUDIT_LOGGER - END getAllMatches - userId=null playerId=null returned [[cz.phsoft.hokej.models.dto.MatchDTO@377fca35, cz.phsoft.hokej.models.dto.MatchDTO@7a9df9b2, cz.phsoft.hokej.models.dto.MatchDTO@57e0bfd6, cz.phsoft.hokej.models.dto.MatchDTO@48c8c722, cz.phsoft.hokej.models.dto.MatchDTO@12f826c, cz.phsoft.hokej.models.dto.MatchDTO@14eaab92, cz.phsoft.hokej.models.dto.MatchDTO@46a6b8d6, cz.phsoft.hokej.models.dto.MatchDTO@485996f7, cz.phsoft.hokej.models.dto.MatchDTO@35984172, cz.phsoft.hokej.models.dto.MatchDTO@746fda68, cz.phsoft.hokej.models.dto.MatchDTO@77cac3b, cz.phsoft.hokej.models.dto.MatchDTO@3167c0d]] at 2025-12-11T20:35:10.519868200
2025-12-11 20:35:10 [main] INFO  AUDIT_LOGGER - START MatchServiceImpl.getNextMatch() at 2025-12-11T20:35:10.803872400 with args []
2025-12-11 20:35:10 [main] INFO  AUDIT_LOGGER - END getNextMatch - userId=null playerId=null returned [cz.phsoft.hokej.models.dto.MatchDTO@d015dba] at 2025-12-11T20:35:10.902861800
2025-12-11 20:35:11 [main] INFO  AUDIT_LOGGER - START MatchServiceImpl.createMatch(..) at 2025-12-11T20:35:11.119869800 with args [cz.phsoft.hokej.models.dto.MatchDTO@1de7c0ad]
2025-12-11 20:35:11 [main] INFO  AUDIT_LOGGER - END createMatch - userId=null playerId=null returned [cz.phsoft.hokej.models.dto.MatchDTO@4105b1d2] at 2025-12-11T20:35:11.265862800
2025-12-11 20:35:11 [main] INFO  AUDIT_LOGGER - START MatchServiceImpl.getAllMatches() at 2025-12-11T20:35:11.301866100 with args []
2025-12-11 20:35:11 [main] INFO  AUDIT_LOGGER - END getAllMatches - userId=null playerId=null returned [[cz.phsoft.hokej.models.dto.MatchDTO@3d5a6aca, cz.phsoft.hokej.models.dto.MatchDTO@13cdfd26, cz.phsoft.hokej.models.dto.MatchDTO@78168463, cz.phsoft.hokej.models.dto.MatchDTO@619d0977, cz.phsoft.hokej.models.dto.MatchDTO@fff33b4, cz.phsoft.hokej.models.dto.MatchDTO@7327dba0, cz.phsoft.hokej.models.dto.MatchDTO@3fde6c3b, cz.phsoft.hokej.models.dto.MatchDTO@36810c06, cz.phsoft.hokej.models.dto.MatchDTO@4015ebf1, cz.phsoft.hokej.models.dto.MatchDTO@d22c288, cz.phsoft.hokej.models.dto.MatchDTO@4151d8a3, cz.phsoft.hokej.models.dto.MatchDTO@7f0e0db3, cz.phsoft.hokej.models.dto.MatchDTO@10ab3bc0]] at 2025-12-11T20:35:11.421864
