2025-12-11 16:02:52 [background-preinit] INFO  o.h.validator.internal.util.Version - HV000001: Hibernate Validator 8.0.1.Final
2025-12-11 16:02:53 [main] INFO  c.phsoft.hokej.StaraGardaApplication - Starting StaraGardaApplication using Java 19.0.2 with PID 4668 (C:\Projekty Práce\StaraGarda\backend\target\classes started by petrh in C:\Projekty Práce\StaraGarda)
2025-12-11 16:02:53 [main] INFO  c.phsoft.hokej.StaraGardaApplication - No active profile set, falling back to 1 default profile: "default"
2025-12-11 16:02:57 [main] INFO  o.s.d.r.c.RepositoryConfigurationDelegate - Bootstrapping Spring Data JPA repositories in DEFAULT mode.
2025-12-11 16:02:57 [main] INFO  o.s.d.r.c.RepositoryConfigurationDelegate - Finished Spring Data repository scanning in 225 ms. Found 6 JPA repository interfaces.
2025-12-11 16:03:01 [main] INFO  o.s.b.w.e.tomcat.TomcatWebServer - Tomcat initialized with port 8080 (http)
2025-12-11 16:03:01 [main] INFO  o.a.coyote.http11.Http11NioProtocol - Initializing ProtocolHandler ["http-nio-8080"]
2025-12-11 16:03:01 [main] INFO  o.a.catalina.core.StandardService - Starting service [Tomcat]
2025-12-11 16:03:01 [main] INFO  o.a.catalina.core.StandardEngine - Starting Servlet engine: [Apache Tomcat/10.1.18]
2025-12-11 16:03:01 [main] INFO  o.a.c.c.C.[Tomcat].[localhost].[/] - Initializing Spring embedded WebApplicationContext
2025-12-11 16:03:01 [main] INFO  o.s.b.w.s.c.ServletWebServerApplicationContext - Root WebApplicationContext: initialization completed in 7957 ms
2025-12-11 16:03:02 [main] INFO  o.h.jpa.internal.util.LogHelper - HHH000204: Processing PersistenceUnitInfo [name: default]
2025-12-11 16:03:02 [main] INFO  org.hibernate.Version - HHH000412: Hibernate ORM core version 6.4.1.Final
2025-12-11 16:03:02 [main] INFO  o.h.c.i.RegionFactoryInitiator - HHH000026: Second-level cache disabled
2025-12-11 16:03:03 [main] INFO  o.h.e.b.internal.EnversServiceImpl - Envers integration enabled? : true
2025-12-11 16:03:03 [main] INFO  o.s.o.j.p.SpringPersistenceUnitInfo - No LoadTimeWeaver setup: ignoring JPA class transformer
2025-12-11 16:03:04 [main] INFO  com.zaxxer.hikari.HikariDataSource - HikariPool-1 - Starting...
2025-12-11 16:03:04 [main] INFO  com.zaxxer.hikari.pool.HikariPool - HikariPool-1 - Added connection org.mariadb.jdbc.Connection@11574592
2025-12-11 16:03:04 [main] INFO  com.zaxxer.hikari.HikariDataSource - HikariPool-1 - Start completed.
2025-12-11 16:03:07 [main] INFO  o.h.e.t.j.p.i.JtaPlatformInitiator - HHH000489: No JTA platform available (set 'hibernate.transaction.jta.platform' to enable JTA platform integration)
2025-12-11 16:03:08 [main] INFO  o.s.o.j.LocalContainerEntityManagerFactoryBean - Initialized JPA EntityManagerFactory for persistence unit 'default'
2025-12-11 16:03:11 [main] WARN  o.s.b.a.o.j.JpaBaseConfiguration$JpaWebConfiguration - spring.jpa.open-in-view is enabled by default. Therefore, database queries may be performed during view rendering. Explicitly configure spring.jpa.open-in-view to disable this warning
2025-12-11 16:03:12 [main] INFO  o.s.s.web.DefaultSecurityFilterChain - Will secure any request with [org.springframework.security.web.session.DisableEncodeUrlFilter@18a9e8db, org.springframework.security.web.context.request.async.WebAsyncManagerIntegrationFilter@24032706, org.springframework.security.web.context.SecurityContextHolderFilter@10770c1, org.springframework.security.web.header.HeaderWriterFilter@2b43eb71, org.springframework.web.filter.CorsFilter@3e455d01, org.springframework.security.web.authentication.logout.LogoutFilter@73625632, org.springframework.security.web.authentication.UsernamePasswordAuthenticationFilter@64a74723, org.springframework.security.web.authentication.www.BasicAuthenticationFilter@521032a6, org.springframework.security.web.savedrequest.RequestCacheAwareFilter@dd26290, org.springframework.security.web.servletapi.SecurityContextHolderAwareRequestFilter@21d30ba5, org.springframework.security.web.authentication.AnonymousAuthenticationFilter@6d13cd6d, org.springframework.security.web.access.ExceptionTranslationFilter@60abe420, org.springframework.security.web.access.intercept.AuthorizationFilter@70c68e4e]
2025-12-11 16:03:13 [main] INFO  o.a.coyote.http11.Http11NioProtocol - Starting ProtocolHandler ["http-nio-8080"]
2025-12-11 16:03:13 [main] INFO  o.s.b.w.e.tomcat.TomcatWebServer - Tomcat started on port 8080 (http) with context path ''
2025-12-11 16:03:13 [main] INFO  c.phsoft.hokej.StaraGardaApplication - Started StaraGardaApplication in 23.141 seconds (process running for 25.957)
2025-12-11 16:03:50 [http-nio-8080-exec-2] INFO  o.a.c.c.C.[Tomcat].[localhost].[/] - Initializing Spring DispatcherServlet 'dispatcherServlet'
2025-12-11 16:03:50 [http-nio-8080-exec-2] INFO  o.s.web.servlet.DispatcherServlet - Initializing Servlet 'dispatcherServlet'
2025-12-11 16:03:50 [http-nio-8080-exec-2] INFO  o.s.web.servlet.DispatcherServlet - Completed initialization in 3 ms
2025-12-11 16:04:40 [http-nio-8080-exec-4] ERROR c.p.h.m.services.MatchServiceImpl - Test ERROR zpráva pro email
2025-12-11 16:15:41 [SpringApplicationShutdownHook] INFO  o.s.o.j.LocalContainerEntityManagerFactoryBean - Closing JPA EntityManagerFactory for persistence unit 'default'
2025-12-11 16:15:41 [SpringApplicationShutdownHook] INFO  com.zaxxer.hikari.HikariDataSource - HikariPool-1 - Shutdown initiated...
2025-12-11 16:15:41 [SpringApplicationShutdownHook] INFO  com.zaxxer.hikari.HikariDataSource - HikariPool-1 - Shutdown completed.
2025-12-11 16:15:52 [background-preinit] INFO  o.h.validator.internal.util.Version - HV000001: Hibernate Validator 8.0.1.Final
2025-12-11 16:15:53 [main] INFO  c.phsoft.hokej.StaraGardaApplication - Starting StaraGardaApplication using Java 19.0.2 with PID 17580 (C:\Projekty Práce\StaraGarda\backend\target\classes started by petrh in C:\Projekty Práce\StaraGarda)
2025-12-11 16:15:53 [main] INFO  c.phsoft.hokej.StaraGardaApplication - No active profile set, falling back to 1 default profile: "default"
2025-12-11 16:15:55 [main] INFO  o.s.d.r.c.RepositoryConfigurationDelegate - Bootstrapping Spring Data JPA repositories in DEFAULT mode.
2025-12-11 16:15:55 [main] INFO  o.s.d.r.c.RepositoryConfigurationDelegate - Finished Spring Data repository scanning in 209 ms. Found 6 JPA repository interfaces.
2025-12-11 16:15:58 [main] INFO  o.s.b.w.e.tomcat.TomcatWebServer - Tomcat initialized with port 8080 (http)
2025-12-11 16:15:58 [main] INFO  o.a.coyote.http11.Http11NioProtocol - Initializing ProtocolHandler ["http-nio-8080"]
2025-12-11 16:15:58 [main] INFO  o.a.catalina.core.StandardService - Starting service [Tomcat]
2025-12-11 16:15:58 [main] INFO  o.a.catalina.core.StandardEngine - Starting Servlet engine: [Apache Tomcat/10.1.18]
2025-12-11 16:15:58 [main] INFO  o.a.c.c.C.[Tomcat].[localhost].[/] - Initializing Spring embedded WebApplicationContext
2025-12-11 16:15:58 [main] INFO  o.s.b.w.s.c.ServletWebServerApplicationContext - Root WebApplicationContext: initialization completed in 5560 ms
2025-12-11 16:15:59 [main] INFO  o.h.jpa.internal.util.LogHelper - HHH000204: Processing PersistenceUnitInfo [name: default]
2025-12-11 16:15:59 [main] INFO  org.hibernate.Version - HHH000412: Hibernate ORM core version 6.4.1.Final
2025-12-11 16:15:59 [main] INFO  o.h.c.i.RegionFactoryInitiator - HHH000026: Second-level cache disabled
2025-12-11 16:16:00 [main] INFO  o.h.e.b.internal.EnversServiceImpl - Envers integration enabled? : true
2025-12-11 16:16:00 [main] INFO  o.s.o.j.p.SpringPersistenceUnitInfo - No LoadTimeWeaver setup: ignoring JPA class transformer
2025-12-11 16:16:00 [main] INFO  com.zaxxer.hikari.HikariDataSource - HikariPool-1 - Starting...
2025-12-11 16:16:00 [main] INFO  com.zaxxer.hikari.pool.HikariPool - HikariPool-1 - Added connection org.mariadb.jdbc.Connection@915d7c4
2025-12-11 16:16:00 [main] INFO  com.zaxxer.hikari.HikariDataSource - HikariPool-1 - Start completed.
2025-12-11 16:16:03 [main] INFO  o.h.e.t.j.p.i.JtaPlatformInitiator - HHH000489: No JTA platform available (set 'hibernate.transaction.jta.platform' to enable JTA platform integration)
2025-12-11 16:16:03 [main] INFO  o.s.o.j.LocalContainerEntityManagerFactoryBean - Initialized JPA EntityManagerFactory for persistence unit 'default'
2025-12-11 16:16:06 [main] WARN  o.s.b.a.o.j.JpaBaseConfiguration$JpaWebConfiguration - spring.jpa.open-in-view is enabled by default. Therefore, database queries may be performed during view rendering. Explicitly configure spring.jpa.open-in-view to disable this warning
2025-12-11 16:16:06 [main] INFO  o.s.s.web.DefaultSecurityFilterChain - Will secure any request with [org.springframework.security.web.session.DisableEncodeUrlFilter@35d31e1c, org.springframework.security.web.context.request.async.WebAsyncManagerIntegrationFilter@f8b6743, org.springframework.security.web.context.SecurityContextHolderFilter@5ed6a36a, org.springframework.security.web.header.HeaderWriterFilter@21f9764, org.springframework.web.filter.CorsFilter@644eed73, org.springframework.security.web.authentication.logout.LogoutFilter@306f439c, org.springframework.security.web.authentication.UsernamePasswordAuthenticationFilter@6c4f48e2, org.springframework.security.web.authentication.www.BasicAuthenticationFilter@344eaf7e, org.springframework.security.web.savedrequest.RequestCacheAwareFilter@35ab83a7, org.springframework.security.web.servletapi.SecurityContextHolderAwareRequestFilter@7a7698f4, org.springframework.security.web.authentication.AnonymousAuthenticationFilter@253a8bdb, org.springframework.security.web.access.ExceptionTranslationFilter@58dd584a, org.springframework.security.web.access.intercept.AuthorizationFilter@2afe263]
2025-12-11 16:16:07 [main] INFO  o.a.coyote.http11.Http11NioProtocol - Starting ProtocolHandler ["http-nio-8080"]
2025-12-11 16:16:07 [main] INFO  o.s.b.w.e.tomcat.TomcatWebServer - Tomcat started on port 8080 (http) with context path ''
2025-12-11 16:16:07 [main] INFO  c.phsoft.hokej.StaraGardaApplication - Started StaraGardaApplication in 16.368 seconds (process running for 19.604)
2025-12-11 16:16:41 [http-nio-8080-exec-1] INFO  o.a.c.c.C.[Tomcat].[localhost].[/] - Initializing Spring DispatcherServlet 'dispatcherServlet'
2025-12-11 16:16:41 [http-nio-8080-exec-1] INFO  o.s.web.servlet.DispatcherServlet - Initializing Servlet 'dispatcherServlet'
2025-12-11 16:16:41 [http-nio-8080-exec-1] INFO  o.s.web.servlet.DispatcherServlet - Completed initialization in 1 ms
2025-12-11 16:25:58 [SpringApplicationShutdownHook] INFO  o.s.o.j.LocalContainerEntityManagerFactoryBean - Closing JPA EntityManagerFactory for persistence unit 'default'
2025-12-11 16:25:58 [SpringApplicationShutdownHook] INFO  com.zaxxer.hikari.HikariDataSource - HikariPool-1 - Shutdown initiated...
2025-12-11 16:25:58 [SpringApplicationShutdownHook] INFO  com.zaxxer.hikari.HikariDataSource - HikariPool-1 - Shutdown completed.
